{
 "cells": [
  {
   "cell_type": "markdown",
   "id": "a0cc7dd7",
   "metadata": {},
   "source": [
    "# Introdução à Banco de Dados | Trabalho Prático III\n",
    "Abel Severo Rocha, Ana Carla Fernandes, Natasha Caxias\n",
    "\n",
    "Prof. Dr. Altigran Soares da Silva"
   ]
  },
  {
   "cell_type": "markdown",
   "id": "f61a0749",
   "metadata": {},
   "source": [
    "## Parte I\n",
    "Verificação dos parâmetros do hardware e do software utilizado e familiarização com o ambiente do PostgreSQL."
   ]
  },
  {
   "cell_type": "markdown",
   "id": "78568dea",
   "metadata": {},
   "source": [
    "### Tarefa 1 - Identificação do Sistema"
   ]
  },
  {
   "cell_type": "code",
   "execution_count": null,
   "id": "26ea43b7",
   "metadata": {},
   "outputs": [],
   "source": [
    "! pip install pandas tabulate"
   ]
  },
  {
   "cell_type": "code",
   "execution_count": 29,
   "id": "ca6601b9",
   "metadata": {},
   "outputs": [],
   "source": [
    "import platform\n",
    "import time\n",
    "import random\n",
    "import threading\n",
    "import matplotlib.pyplot as plt\n",
    "import threading\n",
    "import os\n",
    "import shutil\n",
    "import subprocess\n",
    "import datetime\n",
    "import psycopg2\n",
    "import pandas as pd\n",
    "from tabulate import tabulate\n",
    "from psycopg2.extras import RealDictCursor\n",
    "from tpch_pgsql import main as tpch_pgsql\n",
    "from tpch4pgsql import postgresqldb as pgdb, result as r"
   ]
  },
  {
   "cell_type": "code",
   "execution_count": 2,
   "id": "b0d100a9",
   "metadata": {},
   "outputs": [],
   "source": [
    "def mostrarSoInfo():\n",
    "    \n",
    "    soInfo = platform.freedesktop_os_release()\n",
    "    print(\"\\n--------- Sistema Operacional (SO) ---------\\n\")\n",
    "    print(\"Sistema Operacional \", platform.system())\n",
    "    print(\"Versão              \", soInfo[\"VERSION\"])\n",
    "    print(\"Release (kernel)    \", platform.release())\n",
    "    print(\"Arquitetura         \", platform.machine())\n",
    "    print(\"Distribuição        \", soInfo[\"NAME\"])\n"
   ]
  },
  {
   "cell_type": "code",
   "execution_count": 3,
   "id": "1fffed5c",
   "metadata": {},
   "outputs": [],
   "source": [
    "def mostrarHardwareInfo():\n",
    "\n",
    "    cpuInfo = {}\n",
    "    with open(\"/proc/cpuinfo\") as f:\n",
    "        for line in f:\n",
    "            if \":\" in line:\n",
    "                k, v = line.split(\":\", 1)\n",
    "                cpuInfo[k.strip()] = v.strip()\n",
    "    \n",
    "    ramInfo = {}\n",
    "    with open(\"/proc/meminfo\") as f:\n",
    "        for line in f:\n",
    "            k, v = line.split(\":\", 1)\n",
    "            ramInfo[k] = v.strip()\n",
    "\n",
    "    print(\"\\n------------- Sobre o Hardware -------------\\n\")\n",
    "    print(\"Processador:\")\n",
    "    print(\"  • Modelo          \", cpuInfo[\"model name\"])\n",
    "    print(\"  • CPUs lógicas    \", os.cpu_count())\n",
    "    print(\"  • Clock base      \", cpuInfo[\"cpu MHz\"], \"MHz\")\n",
    "\n",
    "    print(\"\\nCache:\")\n",
    "    with open(\"/sys/devices/system/cpu/cpu0/cache/index0/size\") as f:\n",
    "        print(\"  • L1d             \", f.read().strip()[:-1]+\" kB\")\n",
    "    with open(\"/sys/devices/system/cpu/cpu0/cache/index1/size\") as f:\n",
    "        print(\"  • L1i             \", f.read().strip()[:-1]+\" kB\")\n",
    "    with open(\"/sys/devices/system/cpu/cpu0/cache/index2/size\") as f:\n",
    "        print(\"  • L2              \", f.read().strip()[:-1]+\" kB\")\n",
    "    with open(\"/sys/devices/system/cpu/cpu0/cache/index3/size\") as f:\n",
    "        print(\"  • L3              \", f.read().strip()[:-1]+\" kB\")\n",
    "\n",
    "    print(\"\\nMemória RAM:\")\n",
    "    print(\"  • Total           \", ramInfo[\"MemTotal\"])\n",
    "    print(\"  • Livre           \", ramInfo[\"MemFree\"])\n",
    "    print(\"  • Disponível      \", ramInfo[\"MemAvailable\"])\n",
    "\n",
    "    total, usado, livre = shutil.disk_usage(\"/\")\n",
    "    print(\"\\nDisco:\")\n",
    "    print(f\"  • Total            {total/1024**3:.2f} GB\")\n",
    "    print(f\"  • Usado            {usado/1024**3:.2f} GB\")\n",
    "    print(f\"  • Livre            {livre/1024**3:.2f} GB\")\n"
   ]
  },
  {
   "cell_type": "code",
   "execution_count": 4,
   "id": "97fa38fe",
   "metadata": {},
   "outputs": [
    {
     "name": "stdout",
     "output_type": "stream",
     "text": [
      "\n",
      "--------- Sistema Operacional (SO) ---------\n",
      "\n",
      "Sistema Operacional  Linux\n",
      "Versão               24.04.3 LTS (Noble Numbat)\n",
      "Release (kernel)     6.8.0-87-generic\n",
      "Arquitetura          x86_64\n",
      "Distribuição         Ubuntu\n",
      "\n",
      "------------- Sobre o Hardware -------------\n",
      "\n",
      "Processador:\n",
      "  • Modelo           11th Gen Intel(R) Core(TM) i7-1165G7 @ 2.80GHz\n",
      "  • CPUs lógicas     8\n",
      "  • Clock base       1300.000 MHz\n",
      "\n",
      "Cache:\n",
      "  • L1d              48 kB\n",
      "  • L1i              32 kB\n",
      "  • L2               1280 kB\n",
      "  • L3               12288 kB\n",
      "\n",
      "Memória RAM:\n",
      "  • Total            7670432 kB\n",
      "  • Livre            403028 kB\n",
      "  • Disponível       1787132 kB\n",
      "\n",
      "Disco:\n",
      "  • Total            233.18 GB\n",
      "  • Usado            54.51 GB\n",
      "  • Livre            166.75 GB\n"
     ]
    }
   ],
   "source": [
    "mostrarSoInfo()\n",
    "mostrarHardwareInfo()"
   ]
  },
  {
   "cell_type": "markdown",
   "id": "777d7b9b",
   "metadata": {},
   "source": [
    "### Tarefa 2 - Verificação de parâmetros de armazenamento"
   ]
  },
  {
   "cell_type": "code",
   "execution_count": 5,
   "id": "4741aa14",
   "metadata": {},
   "outputs": [],
   "source": [
    "BASE = \"/sys/block\"\n",
    "\n",
    "def run(cmd):\n",
    "    return subprocess.check_output(cmd, text=True).strip()\n",
    "\n",
    "def getDispositivo():\n",
    "    for dev in os.listdir(BASE):\n",
    "        if dev.startswith((\"loop\", \"ram\", \"dm-\")): # ignora\n",
    "            continue\n",
    "        return dev # encontra dispositivo\n",
    "    return None\n",
    "\n",
    "def ehHD(dispositivo):\n",
    "    rotational_path = os.path.join(BASE, dispositivo, \"queue/rotational\")\n",
    "    \n",
    "    if os.path.exists(rotational_path):\n",
    "        with open(rotational_path) as f:\n",
    "            return f.read().strip() == \"1\"\n",
    "    return False\n",
    "\n",
    "def blocos(dispositivo):\n",
    "    cmd = f\"cat /sys/block/{dispositivo}/queue/logical_block_size\"\n",
    "    print(\"Blocos Lógicos        \", run(cmd.split()))\n",
    "\n",
    "    cmd = f\"cat /sys/block/{dispositivo}/queue/physical_block_size\"\n",
    "    print(\"Blcocos Físicos       \", run(cmd.split()))\n",
    "\n",
    "def stat(dispositivo):\n",
    "    cmd = f\"stat -f /dev/{dispositivo}\"\n",
    "    print(\"\\nParâmetros do SO para o disco (stat):\")\n",
    "    print(run(cmd.split()))\n",
    "\n",
    "def mostrarDiscoInfo():\n",
    "    disp = getDispositivo()\n",
    "    print(\"Tipos de dispositivo  \", \"HD\" if ehHD(disp) else \"SSD\")\n",
    "    cmd = [\"cat\", f\"/sys/block/{disp}/device/model\"]\n",
    "    print(\"Modelo                \", run(cmd))\n",
    "    stat(disp)\n",
    "    print()\n",
    "    blocos(disp)\n",
    "    print()"
   ]
  },
  {
   "cell_type": "code",
   "execution_count": 6,
   "id": "2be8daa8",
   "metadata": {},
   "outputs": [
    {
     "name": "stdout",
     "output_type": "stream",
     "text": [
      "Tipos de dispositivo   SSD\n",
      "Modelo                 SSSTC CL1-4D256\n",
      "\n",
      "Parâmetros do SO para o disco (stat):\n",
      "File: \"/dev/nvme0n1\"\n",
      "    ID: 303f239e77c82038 Namelen: 255     Type: tmpfs\n",
      "Block size: 4096       Fundamental block size: 4096\n",
      "Blocks: Total: 948744     Free: 948744     Available: 948744\n",
      "Inodes: Total: 948744     Free: 948032\n",
      "\n",
      "Blocos Lógicos         512\n",
      "Blcocos Físicos        512\n",
      "\n"
     ]
    }
   ],
   "source": [
    "mostrarDiscoInfo()"
   ]
  },
  {
   "cell_type": "markdown",
   "id": "0ca523d1",
   "metadata": {},
   "source": [
    "#### Como alterar tamanho dos blocos\n",
    "\n",
    "Só é possível alterar o tamanho dos blocos **recriando o sistema de arquivos** com o comando \n",
    "\n",
    "``sudo mkfs.ext4 -b [tamanho do bloco] /dev/sdXN``"
   ]
  },
  {
   "cell_type": "markdown",
   "id": "c75fe921",
   "metadata": {},
   "source": [
    "#### Espeficiações do modelo\n",
    "\n",
    "\n",
    "* Número de superfícies\n",
    "* Cilindros\n",
    "* Setores por trilha\n",
    "* Velocidade de rotação\n",
    "* Latência rotacional\n",
    "* Tempo de seek\n",
    "    * Mínimo\n",
    "    * Médio\n",
    "    * Máximo\n",
    "* Tempo para próxima trilha\n"
   ]
  },
  {
   "cell_type": "markdown",
   "id": "969797c6",
   "metadata": {},
   "source": [
    "### Tarefa 3 – Geração de um BD para testes"
   ]
  },
  {
   "cell_type": "markdown",
   "id": "0b3051d2",
   "metadata": {},
   "source": [
    "\n",
    "Necessário dar permissão de escrita para a pasta _tpch4pgsql_:\n",
    "\n",
    "``chmod -R u+rwX,g+rwX,o+rX .``"
   ]
  },
  {
   "cell_type": "markdown",
   "id": "51fe2249",
   "metadata": {},
   "source": [
    "#### Preparar\n",
    "A fase de preparação compila o TPC-H dbgen e querygen e cria os arquivos de carga e atualização (atualização/exclusão)."
   ]
  },
  {
   "cell_type": "code",
   "execution_count": 8,
   "id": "5ad2b32e",
   "metadata": {},
   "outputs": [
    {
     "name": "stdout",
     "output_type": "stream",
     "text": [
      "make: Nothing to be done for 'all'.\n",
      "built dbgen from source\n"
     ]
    },
    {
     "name": "stderr",
     "output_type": "stream",
     "text": [
      "TPC-H Population Generator (Version 2.14.0)\n",
      "Copyright Transaction Processing Performance Council 1994 - 2010\n",
      "Generating data for suppliers table\n",
      "Preloading text ...                                                                                                                                                                                                                                                                                                              1 1 1 1 1 1 1 1 1 1 1 1 1 1 1 1 1 1 1 1 1 1 1 1 1 1 1 1 1 1 1 1 1 1 1 1 1 1 1 1 1 1 1 1 1 1 1 1 1 1 1 1 1 1 1 1 1 1 1 1 1 1 1 1 1 1 1 1 1 1 1 1 1 1 1 1 1 1 1 1 1 1 1 1 1 1 1 1 1 1 1 1 1 1 1 1 1 1 1 1 1 1 1 1 1 1 1 1 1 1 1 1 1 1 1 1 1 1 1 1 1 1 1 1 1 1 1 1 1 1 1 1 1 1 1 1 1 1 1 1 1 1 1 1 1 1 1 1 1 1 1 1 1 1 1 1 1 2 2 2 2 2 2 2 2 2 2 2 2 2 2 2 2 2 2 2 2 2 2 2 2 2 2 2 2 2 2 2 2 2 2 2 2 2 2 2 2 2 2 2 2 2 2 2 2 2 2 2 2 2 2 2 2 2 2 2 2 2 2 2 2 2 2 2 2 2 2 2 2 2 2 2 2 2 2 2 2 2 2 2 2 2 2 2 2 2 2 2 2 2 2 2 2 2 2 2 2 2 2 2 2 2 2 2 2 2 2 2 2 2 2 2 2 2 2 2 2 2 2 2 2 2 2 2 2 2 2 2 2 2 2 2 2 2 2 2 2 2 2 2 2 2 2 2 2 2 2 2 2 2 2 2 2 2 3 3 3 3 3 3 3 3 3 3 3 3 3 3 3 3 3 3 3 3 3 3 3 3 3 3 3 3 3 3 3 3 3 3 3 3 3 3 3 3 3 3 3 3 3 3 3 3 3 3 3 3 3 3 3 3 3 3 3 3 3 3 3 3 3 3 3 3 3 3 3 3 3 3 3 3 3 3 3 3 3 3 3 3 3 3 3 3 3 3 3 3 3 3 3 3 3 3 3 3 3 3 3 3 3 3 3 3 3 3 3 3 3 3 3 3 3 3 3 3 3 3 3 3 3 3 3 3 3 3 3 3 3 3 3 3 3 3 3 3 3 3 3 3 3 3 3 3 3 3 3 3 3 3 3 3 3 3 4 4 4 4 4 4 4 4 4 4 4 4 4 4 4 4 4 4 4 4 4 4 4 4 4 4 4 4 4 4 4 4 4 4 4 4 4 4 4 4 4 4 4 4 4 4 4 4 4 4 4 4 4 4 4 4 4 4 4 4 4 4 4 4 4 4 4 4 4 4 4 4 4 4 4 4 4 4 4 4 4 4 4 4 4 4 4 4 4 4 4 4 4 4 4 4 4 4 4 4 4 4 4 4 4 4 4 4 4 4 4 4 4 4 4 4 4 4 4 4 4 4 4 4 4 4 4 4 4 4 4 4 4 4 4 4 4 4 4 4 4 4 4 4 4 4 4 4 4 4 4 4 4 4 4 4 4 5 5 5 5 5 5 5 5 5 5 5 5 5 5 5 5 5 5 5 5 5 5 5 5 5 5 5 5 5 5 5 5 5 5 5 5 5 5 5 5 5 5 5 5 5 5 5 5 5 5 5 5 5 5 5 5 5 5 5 5 5 5 5 5 5 5 5 5 5 5 5 5 5 5 5 5 5 5 5 5 5 5 5 5 5 5 5 5 5 5 5 5 5 5 5 5 5 5 5 5 5 5 5 5 5 5 5 5 5 5 5 5 5 5 5 5 5 5 5 5 5 5 5 5 5 5 5 5 5 5 5 5 5 5 5 5 5 5 5 5 5 5 5 5 5 5 5 5 5 5 5 5 5 5 5 5 5 6 6 6 6 6 6 6 6 6 6 6 6 6 6 6 6 6 6 6 6 6 6 6 6 6 6 6 6 6 6 6 6 6 6 6 6 6 6 6 6 6 6 6 6 6 6 6 6 6 6 6 6 6 6 6 6 6 6 6 6 6 6 6 6 6 6 6 6 6 6 6 6 6 6 6 6 6 6 6 6 6 6 6 6 6 6 6 6 6 6 6 6 6 6 6 6 6 6 6 6 6 6 6 6 6 6 6 6 6 6 6 6 6 6 6 6 6 6 6 6 6 6 6 6 6 6 6 6 6 6 6 6 6 6 6 6 6 6 6 6 6 6 6 6 6 6 6 6 6 6 6 6 6 6 6 6 6 6 7 7 7 7 7 7 7 7 7 7 7 7 7 7 7 7 7 7 7 7 7 7 7 7 7 7 7 7 7 7 7 7 7 7 7 7 7 7 7 7 7 7 7 7 7 7 7 7 7 7 7 7 7 7 7 7 7 7 7 7 7 7 7 7 7 7 7 7 7 7 7 7 7 7 7 7 7 7 7 7 7 7 7 7 7 7 7 7 7 7 7 7 7 7 7 7 7 7 7 7 7 7 7 7 7 7 7 7 7 7 7 7 7 7 7 7 7 7 7 7 7 7 7 7 7 7 7 7 7 7 7 7 7 7 7 7 7 7 7 7 7 7 7 7 7 7 7 7 7 7 7 7 7 7 7 7 7 8 8 8 8 8 8 8 8 8 8 8 8 8 8 8 8 8 8 8 8 8 8 8 8 8 8 8 8 8 8 8 8 8 8 8 8 8 8 8 8 8 8 8 8 8 8 8 8 8 8 8 8 8 8 8 8 8 8 8 8 8 8 8 8 8 8 8 8 8 8 8 8 8 8 8 8 8 8 8 8 8 8 8 8 8 8 8 8 8 8 8 8 8 8 8 8 8 8 8 8 8 8 8 8 8 8 8 8 8 8 8 8 8 8 8 8 8 8 8 8 8 8 8 8 8 8 8 8 8 8 8 8 8 8 8 8 8 8 8 8 8 8 8 8 8 8 8 8 8 8 8 8 8 8 8 8 8 9 9 9 9 9 9 9 9 9 9 9 9 9 9 9 9 9 9 9 9 9 9 9 9 9 9 9 9 9 9 9 9 9 9 9 9 9 9 9 9 9 9 9 9 9 9 9 9 9 9 9 9 9 9 9 9 9 9 9 9 9 9 9 9 9 9 9 9 9 9 9 9 9 9 9 9 9 9 9 9 9 9 9 9 9 9 9 9 9 9 9 9 9 9 9 9 9 9 9 9 9 9 9 9 9 9 9 9 9 9 9 9 9 9 9 9 9 9 9 9 9 9 9 9 9 9 9 9 9 9 9 9 9 9 9 9 9 9 9 9 9 9 9 9 9 9 9 9 9 9 9 9 9 9 9 9 91010101010101010\n",
      "done.\n",
      "Generating data for customers tabledone.\n",
      "Generating data for orders/lineitem tablesdone.\n",
      "Generating data for part/partsupplier tablesdone.\n",
      "Generating data for nation tabledone.\n",
      "Generating data for region tabledone.\n"
     ]
    },
    {
     "name": "stdout",
     "output_type": "stream",
     "text": [
      "generated data for the load phase\n"
     ]
    },
    {
     "name": "stderr",
     "output_type": "stream",
     "text": [
      "TPC-H Population Generator (Version 2.14.0)\n",
      "Copyright Transaction Processing Performance Council 1994 - 2010\n",
      "Generating update pair #1 for orders/lineitem tables\n",
      "Preloading text ...                                                                                                                                                                                                                                                                                                              1 1 1 1 1 1 1 1 1 1 1 1 1 1 1 1 1 1 1 1 1 1 1 1 1 1 1 1 1 1 1 1 1 1 1 1 1 1 1 1 1 1 1 1 1 1 1 1 1 1 1 1 1 1 1 1 1 1 1 1 1 1 1 1 1 1 1 1 1 1 1 1 1 1 1 1 1 1 1 1 1 1 1 1 1 1 1 1 1 1 1 1 1 1 1 1 1 1 1 1 1 1 1 1 1 1 1 1 1 1 1 1 1 1 1 1 1 1 1 1 1 1 1 1 1 1 1 1 1 1 1 1 1 1 1 1 1 1 1 1 1 1 1 1 1 1 1 1 1 1 1 1 1 1 1 1 1 2 2 2 2 2 2 2 2 2 2 2 2 2 2 2 2 2 2 2 2 2 2 2 2 2 2 2 2 2 2 2 2 2 2 2 2 2 2 2 2 2 2 2 2 2 2 2 2 2 2 2 2 2 2 2 2 2 2 2 2 2 2 2 2 2 2 2 2 2 2 2 2 2 2 2 2 2 2 2 2 2 2 2 2 2 2 2 2 2 2 2 2 2 2 2 2 2 2 2 2 2 2 2 2 2 2 2 2 2 2 2 2 2 2 2 2 2 2 2 2 2 2 2 2 2 2 2 2 2 2 2 2 2 2 2 2 2 2 2 2 2 2 2 2 2 2 2 2 2 2 2 2 2 2 2 2 2 3 3 3 3 3 3 3 3 3 3 3 3 3 3 3 3 3 3 3 3 3 3 3 3 3 3 3 3 3 3 3 3 3 3 3 3 3 3 3 3 3 3 3 3 3 3 3 3 3 3 3 3 3 3 3 3 3 3 3 3 3 3 3 3 3 3 3 3 3 3 3 3 3 3 3 3 3 3 3 3 3 3 3 3 3 3 3 3 3 3 3 3 3 3 3 3 3 3 3 3 3 3 3 3 3 3 3 3 3 3 3 3 3 3 3 3 3 3 3 3 3 3 3 3 3 3 3 3 3 3 3 3 3 3 3 3 3 3 3 3 3 3 3 3 3 3 3 3 3 3 3 3 3 3 3 3 3 3 4 4 4 4 4 4 4 4 4 4 4 4 4 4 4 4 4 4 4 4 4 4 4 4 4 4 4 4 4 4 4 4 4 4 4 4 4 4 4 4 4 4 4 4 4 4 4 4 4 4 4 4 4 4 4 4 4 4 4 4 4 4 4 4 4 4 4 4 4 4 4 4 4 4 4 4 4 4 4 4 4 4 4 4 4 4 4 4 4 4 4 4 4 4 4 4 4 4 4 4 4 4 4 4 4 4 4 4 4 4 4 4 4 4 4 4 4 4 4 4 4 4 4 4 4 4 4 4 4 4 4 4 4 4 4 4 4 4 4 4 4 4 4 4 4 4 4 4 4 4 4 4 4 4 4 4 4 5 5 5 5 5 5 5 5 5 5 5 5 5 5 5 5 5 5 5 5 5 5 5 5 5 5 5 5 5 5 5 5 5 5 5 5 5 5 5 5 5 5 5 5 5 5 5 5 5 5 5 5 5 5 5 5 5 5 5 5 5 5 5 5 5 5 5 5 5 5 5 5 5 5 5 5 5 5 5 5 5 5 5 5 5 5 5 5 5 5 5 5 5 5 5 5 5 5 5 5 5 5 5 5 5 5 5 5 5 5 5 5 5 5 5 5 5 5 5 5 5 5 5 5 5 5 5 5 5 5 5 5 5 5 5 5 5 5 5 5 5 5 5 5 5 5 5 5 5 5 5 5 5 5 5 5 5 6 6 6 6 6 6 6 6 6 6 6 6 6 6 6 6 6 6 6 6 6 6 6 6 6 6 6 6 6 6 6 6 6 6 6 6 6 6 6 6 6 6 6 6 6 6 6 6 6 6 6 6 6 6 6 6 6 6 6 6 6 6 6 6 6 6 6 6 6 6 6 6 6 6 6 6 6 6 6 6 6 6 6 6 6 6 6 6 6 6 6 6 6 6 6 6 6 6 6 6 6 6 6 6 6 6 6 6 6 6 6 6 6 6 6 6 6 6 6 6 6 6 6 6 6 6 6 6 6 6 6 6 6 6 6 6 6 6 6 6 6 6 6 6 6 6 6 6 6 6 6 6 6 6 6 6 6 6 7 7 7 7 7 7 7 7 7 7 7 7 7 7 7 7 7 7 7 7 7 7 7 7 7 7 7 7 7 7 7 7 7 7 7 7 7 7 7 7 7 7 7 7 7 7 7 7 7 7 7 7 7 7 7 7 7 7 7 7 7 7 7 7 7 7 7 7 7 7 7 7 7 7 7 7 7 7 7 7 7 7 7 7 7 7 7 7 7 7 7 7 7 7 7 7 7 7 7 7 7 7 7 7 7 7 7 7 7 7 7 7 7 7 7 7 7 7 7 7 7 7 7 7 7 7 7 7 7 7 7 7 7 7 7 7 7 7 7 7 7 7 7 7 7 7 7 7 7 7 7 7 7 7 7 7 7 8 8 8 8 8 8 8 8 8 8 8 8 8 8 8 8 8 8 8 8 8 8 8 8 8 8 8 8 8 8 8 8 8 8 8 8 8 8 8 8 8 8 8 8 8 8 8 8 8 8 8 8 8 8 8 8 8 8 8 8 8 8 8 8 8 8 8 8 8 8 8 8 8 8 8 8 8 8 8 8 8 8 8 8 8 8 8 8 8 8 8 8 8 8 8 8 8 8 8 8 8 8 8 8 8 8 8 8 8 8 8 8 8 8 8 8 8 8 8 8 8 8 8 8 8 8 8 8 8 8 8 8 8 8 8 8 8 8 8 8 8 8 8 8 8 8 8 8 8 8 8 8 8 8 8 8 8 9 9 9 9 9 9 9 9 9 9 9 9 9 9 9 9 9 9 9 9 9 9 9 9 9 9 9 9 9 9 9 9 9 9 9 9 9 9 9 9 9 9 9 9 9 9 9 9 9 9 9 9 9 9 9 9 9 9 9 9 9 9 9 9 9 9 9 9 9 9 9 9 9 9 9 9 9 9 9 9 9 9 9 9 9 9 9 9 9 9 9 9 9 9 9 9 9 9 9 9 9 9 9 9 9 9 9 9 9 9 9 9 9 9 9 9 9 9 9 9 9 9 9 9 9 9 9 9 9 9 9 9 9 9 9 9 9 9 9 9 9 9 9 9 9 9 9 9 9 9 9 9 9 9 9 9 91010101010101010\n",
      "done.\n",
      "Generating update pair #2 for orders/lineitem tables"
     ]
    },
    {
     "name": "stdout",
     "output_type": "stream",
     "text": [
      "generated data for the update phase\n",
      "generated data for the delete phase\n",
      "created data files in ./data\n",
      "created query files in ./query_root\n"
     ]
    },
    {
     "name": "stderr",
     "output_type": "stream",
     "text": [
      "done.\n",
      "Generating update pair #3 for orders/lineitem tablesdone.\n"
     ]
    }
   ],
   "source": [
    "tpch_pgsql(phase=\"prepare\")"
   ]
  },
  {
   "cell_type": "markdown",
   "id": "1f267c36",
   "metadata": {},
   "source": [
    "#### Carregamento\n",
    "\n",
    "A fase de carregamento (load) limpa o banco de dados (se necessário), carrega as tabelas no banco de dados e cria índices para consultas. Os resultados desta fase consistem nas seguintes métricas:\n",
    "\n",
    "* Tempo de criação do esquema\n",
    "* Tempo de carregamento dos dados\n",
    "* Tempo de criação de restrições de chave estrangeira e índices"
   ]
  },
  {
   "cell_type": "code",
   "execution_count": 9,
   "id": "bd988054",
   "metadata": {},
   "outputs": [
    {
     "name": "stdout",
     "output_type": "stream",
     "text": [
      "dropped existing tables\n",
      "cleaned database tpch\n",
      "done creating schemas\n",
      "done loading data to tables\n",
      "done creating indexes and foreign keys\n",
      "============================================================\n",
      "=========================== Load ===========================\n",
      "============================================================\n",
      "create_schema: : 0:00:00.045028\n",
      "load_data: 0:00:27.355545\n",
      "index_tables: 0:00:27.284134\n",
      "============================================================\n",
      "======================= End Results ========================\n",
      "============================================================\n"
     ]
    }
   ],
   "source": [
    "tpch_pgsql(phase=\"load\")"
   ]
  },
  {
   "cell_type": "markdown",
   "id": "74f2707b",
   "metadata": {},
   "source": [
    "#### Consultas\n",
    "\n",
    "Nessa fase, as consultas serão analizadas com o comando ``EXPLAIN ANALYZE``, evidenciando:\n",
    "\n",
    "* Tempo de execução do planejamento;\n",
    "* Tempo de execução do _exlpain_;\n",
    "* Algoritmos utilizados.\n",
    "\n",
    "Em seguida, as consultas serão executas, exibindo as seguintes informações:\n",
    "\n",
    "* Até 10 linhas do resultado da consulta;\n",
    "* Total de linhas encontradas;\n",
    "* Tempo de execução."
   ]
  },
  {
   "cell_type": "code",
   "execution_count": 10,
   "id": "d4fb597c",
   "metadata": {},
   "outputs": [],
   "source": [
    "class PGDBW(pgdb.PGDB):\n",
    "\n",
    "    def __init__(self, host, port, database, user, password):\n",
    "        # Chamar o construtor da classe pai corretamente\n",
    "        self.conn = psycopg2.connect(\n",
    "                    host=host,\n",
    "                    port=port,\n",
    "                    dbname=database,\n",
    "                    user=user,\n",
    "                    password=password\n",
    "                ) \n",
    "        if hasattr(self, 'conn') and self.conn:\n",
    "            print(\"Conexão estabelecida com sucesso!\")\n",
    "        else:\n",
    "            print(\"Atenção: Conexão não estabelecida\")\n",
    "    \n",
    "    def executeQueryFromFileWithResults(self, filepath):\n",
    "        \"\"\"Executa query de arquivo e retorna resultados\"\"\"\n",
    "        try:\n",
    "            # Verificar se a conexão existe\n",
    "            if not hasattr(self, 'conn') or not self.conn:\n",
    "                return {'error': 'Conexão não disponível'}\n",
    "            \n",
    "            with open(filepath, 'r') as f:\n",
    "                query = f.read()\n",
    "            \n",
    "            # Usar cursor que retorna dicionários\n",
    "            with self.conn.cursor(cursor_factory=RealDictCursor) as cursor:\n",
    "                cursor.execute(query)\n",
    "                \n",
    "                if cursor.description:  # Se é uma query SELECT\n",
    "                    results = cursor.fetchall()\n",
    "                    columns = [desc[0] for desc in cursor.description]\n",
    "                    return {\n",
    "                        'columns': columns,\n",
    "                        'data': results,\n",
    "                        'rowcount': cursor.rowcount\n",
    "                    }\n",
    "                else:  # Para INSERT, UPDATE, DELETE\n",
    "                    return {\n",
    "                        'rowcount': cursor.rowcount,\n",
    "                        'message': f\"Query executada: {cursor.rowcount} linhas afetadas\"\n",
    "                    }\n",
    "                    \n",
    "        except Exception as e:\n",
    "            return {'error': str(e)}\n",
    "        \n",
    "    def executeQuery(self, query_string):\n",
    "        \"\"\"Executa uma query diretamente a partir de string\"\"\"\n",
    "        try:\n",
    "            if not self.conn:\n",
    "                return {'error': 'Conexão não disponível'}\n",
    "            \n",
    "            with self.conn.cursor(cursor_factory=RealDictCursor) as cursor:\n",
    "                cursor.execute(query_string)\n",
    "                \n",
    "                if cursor.description:  # Se é uma query SELECT\n",
    "                    results = cursor.fetchall()\n",
    "                    columns = [desc[0] for desc in cursor.description]\n",
    "                    return {\n",
    "                        'columns': columns,\n",
    "                        'data': results,\n",
    "                        'rowcount': cursor.rowcount\n",
    "                    }\n",
    "                else:  # Para INSERT, UPDATE, DELETE\n",
    "                    self.conn.commit()\n",
    "                    return {\n",
    "                        'rowcount': cursor.rowcount,\n",
    "                        'message': f\"Query executada: {cursor.rowcount} linhas afetadas\"\n",
    "                    }\n",
    "                    \n",
    "        except Exception as e:\n",
    "            return {'error': str(e)}"
   ]
  },
  {
   "cell_type": "code",
   "execution_count": 11,
   "id": "bd991ba0",
   "metadata": {},
   "outputs": [
    {
     "name": "stdout",
     "output_type": "stream",
     "text": [
      "Conexão estabelecida com sucesso!\n",
      "\n",
      "========================================================================================================================\n",
      "EXPLAIN ANALYZE - QUERY 1\n",
      "========================================================================================================================\n",
      "\n",
      "Tempo de execução do EXPLAIN: 0:00:05.681207\n",
      "\n",
      "PLANO DE EXECUÇÃO (EXPLAIN ANALYZE):\n",
      "Limit  (cost=346484.38..346485.51 rows=1 width=248) (actual time=5640.834..5640.929 rows=1 loops=1)\n",
      "  ->  Finalize GroupAggregate  (cost=346484.38..391574.69 rows=40000 width=248) (actual time=5626.697..5626.791 rows=1 loops=1)\n",
      "        Group Key: l_returnflag, l_linestatus\n",
      "        ->  Gather Merge  (cost=346484.38..387874.69 rows=80000 width=248) (actual time=5597.751..5626.699 rows=4 loops=1)\n",
      "              Workers Planned: 2\n",
      "              Workers Launched: 2\n",
      "              ->  Partial GroupAggregate  (cost=345484.36..377640.68 rows=40000 width=248) (actual time=3962.098..5015.652 rows=3 loops=3)\n",
      "                    Group Key: l_returnflag, l_linestatus\n",
      "                    ->  Sort  (cost=345484.36..347568.11 rows=833502 width=144) (actual time=3392.735..3665.980 rows=1440376 loops=3)\n",
      "                          Sort Key: l_returnflag, l_linestatus\n",
      "                          Sort Method: external merge  Disk: 75520kB\n",
      "                          Worker 0:  Sort Method: external merge  Disk: 68808kB\n",
      "                          Worker 1:  Sort Method: external merge  Disk: 69216kB\n",
      "                          ->  Parallel Seq Scan on lineitem  (cost=0.00..143856.33 rows=833502 width=144) (actual time=7.239..1050.640 rows=1951948 loops=3)\n",
      "                                Filter: (l_shipdate <= '1998-08-05 00:00:00'::timestamp without time zone)\n",
      "                                Rows Removed by Filter: 48457\n",
      "Planning Time: 2.643 ms\n",
      "JIT:\n",
      "  Functions: 31\n",
      "  Options: Inlining false, Optimization false, Expressions true, Deforming true\n",
      "  Timing: Generation 2.972 ms, Inlining 0.000 ms, Optimization 1.434 ms, Emission 34.127 ms, Total 38.533 ms\n",
      "Execution Time: 5671.347 ms\n",
      "\n",
      "────────────────────────────────────────────────────────────────────────────────\n",
      "ALGORITMOS IDENTIFICADOS NO PLANO DE EXECUÇÃO:\n",
      "────────────────────────────────────────────────────────────────────────────────\n",
      "Algoritmos de Varredura: Seq Scan\n",
      "Algoritmos de Ordenação: Sort\n",
      "Algoritmos de Agregação: GroupAggregate\n",
      "\n",
      "========================================================================================================================\n",
      "EXPLAIN ANALYZE - QUERY 3\n",
      "========================================================================================================================\n",
      "\n",
      "Tempo de execução do EXPLAIN: 0:00:01.645387\n",
      "\n",
      "PLANO DE EXECUÇÃO (EXPLAIN ANALYZE):\n",
      "Limit  (cost=187464.61..187464.63 rows=10 width=44) (actual time=1637.737..1640.990 rows=10 loops=1)\n",
      "  ->  Sort  (cost=187464.61..187472.94 rows=3334 width=44) (actual time=1620.568..1623.819 rows=10 loops=1)\n",
      "        Sort Key: (sum((lineitem.l_extendedprice * ('1'::numeric - lineitem.l_discount)))) DESC, orders.o_orderdate\n",
      "        Sort Method: top-N heapsort  Memory: 26kB\n",
      "        ->  Finalize GroupAggregate  (cost=186953.84..187392.56 rows=3334 width=44) (actual time=1580.508..1617.669 rows=11428 loops=1)\n",
      "              Group Key: lineitem.l_orderkey, orders.o_orderdate, orders.o_shippriority\n",
      "              ->  Gather Merge  (cost=186953.84..187316.16 rows=2778 width=44) (actual time=1580.461..1600.820 rows=11437 loops=1)\n",
      "                    Workers Planned: 2\n",
      "                    Workers Launched: 2\n",
      "                    ->  Partial GroupAggregate  (cost=185953.82..185995.49 rows=1389 width=44) (actual time=1565.899..1581.261 rows=3812 loops=3)\n",
      "                          Group Key: lineitem.l_orderkey, orders.o_orderdate, orders.o_shippriority\n",
      "                          ->  Sort  (cost=185953.82..185957.29 rows=1389 width=76) (actual time=1565.826..1566.870 rows=10038 loops=3)\n",
      "                                Sort Key: lineitem.l_orderkey, orders.o_orderdate, orders.o_shippriority\n",
      "                                Sort Method: quicksort  Memory: 925kB\n",
      "                                Worker 0:  Sort Method: quicksort  Memory: 906kB\n",
      "                                Worker 1:  Sort Method: quicksort  Memory: 911kB\n",
      "                                ->  Parallel Hash Join  (cost=38893.56..185881.31 rows=1389 width=76) (actual time=140.487..1559.421 rows=10038 loops=3)\n",
      "                                      Hash Cond: (lineitem.l_orderkey = orders.o_orderkey)\n",
      "                                      ->  Parallel Seq Scan on lineitem  (cost=0.00..143856.33 rows=833502 width=68) (actual time=0.197..1216.665 rows=1071311 loops=3)\n",
      "                                            Filter: (l_shipdate > '1995-03-26'::date)\n",
      "                                            Rows Removed by Filter: 929094\n",
      "                                      ->  Parallel Hash  (cost=38880.54..38880.54 rows=1042 width=12) (actual time=139.697..139.702 rows=48670 loops=3)\n",
      "                                            Buckets: 262144 (originally 4096)  Batches: 1 (originally 1)  Memory Usage: 10976kB\n",
      "                                            ->  Parallel Hash Join  (cost=4385.15..38880.54 rows=1042 width=12) (actual time=25.859..121.816 rows=48670 loops=3)\n",
      "                                                  Hash Cond: (orders.o_custkey = customer.c_custkey)\n",
      "                                                  ->  Parallel Seq Scan on orders  (cost=0.00..33948.50 rows=208333 width=16) (actual time=0.055..62.928 rows=244695 loops=3)\n",
      "                                                        Filter: (o_orderdate < '1995-03-26'::date)\n",
      "                                                        Rows Removed by Filter: 255305\n",
      "                                                  ->  Parallel Hash  (cost=4381.25..4381.25 rows=312 width=4) (actual time=25.750..25.752 rows=9917 loops=3)\n",
      "                                                        Buckets: 32768 (originally 1024)  Batches: 1 (originally 1)  Memory Usage: 1752kB\n",
      "                                                        ->  Parallel Seq Scan on customer  (cost=0.00..4381.25 rows=312 width=4) (actual time=12.408..19.903 rows=9917 loops=3)\n",
      "                                                              Filter: (c_mktsegment = 'AUTOMOBILE'::bpchar)\n",
      "                                                              Rows Removed by Filter: 40083\n",
      "Planning Time: 1.246 ms\n",
      "JIT:\n",
      "  Functions: 94\n",
      "  Options: Inlining false, Optimization false, Expressions true, Deforming true\n",
      "  Timing: Generation 4.220 ms, Inlining 0.000 ms, Optimization 2.275 ms, Emission 52.306 ms, Total 58.801 ms\n",
      "Execution Time: 1642.596 ms\n",
      "\n",
      "────────────────────────────────────────────────────────────────────────────────\n",
      "ALGORITMOS IDENTIFICADOS NO PLANO DE EXECUÇÃO:\n",
      "────────────────────────────────────────────────────────────────────────────────\n",
      "Algoritmos de Junção: Hash Join\n",
      "Algoritmos de Varredura: Seq Scan\n",
      "Algoritmos de Ordenação: Sort\n",
      "Algoritmos de Agregação: GroupAggregate\n",
      "\n",
      "========================================================================================================================\n",
      "EXPLAIN ANALYZE - QUERY 5\n",
      "========================================================================================================================\n",
      "\n",
      "Tempo de execução do EXPLAIN: 0:00:01.675990\n",
      "\n",
      "PLANO DE EXECUÇÃO (EXPLAIN ANALYZE):\n",
      "Limit  (cost=184296.85..184296.85 rows=1 width=136) (actual time=1663.520..1669.602 rows=1 loops=1)\n",
      "  ->  Sort  (cost=184296.85..184296.91 rows=25 width=136) (actual time=1641.460..1647.541 rows=1 loops=1)\n",
      "        Sort Key: (sum((lineitem.l_extendedprice * ('1'::numeric - lineitem.l_discount)))) DESC\n",
      "        Sort Method: top-N heapsort  Memory: 25kB\n",
      "        ->  Finalize GroupAggregate  (cost=184293.16..184296.72 rows=25 width=136) (actual time=1640.051..1647.517 rows=5 loops=1)\n",
      "              Group Key: nation.n_name\n",
      "              ->  Gather Merge  (cost=184293.16..184296.23 rows=24 width=136) (actual time=1639.563..1647.456 rows=15 loops=1)\n",
      "                    Workers Planned: 2\n",
      "                    Workers Launched: 2\n",
      "                    ->  Partial GroupAggregate  (cost=183293.14..183293.44 rows=12 width=136) (actual time=1623.949..1625.322 rows=5 loops=3)\n",
      "                          Group Key: nation.n_name\n",
      "                          ->  Sort  (cost=183293.14..183293.17 rows=12 width=168) (actual time=1623.485..1623.676 rows=2513 loops=3)\n",
      "                                Sort Key: nation.n_name\n",
      "                                Sort Method: quicksort  Memory: 251kB\n",
      "                                Worker 0:  Sort Method: quicksort  Memory: 252kB\n",
      "                                Worker 1:  Sort Method: quicksort  Memory: 258kB\n",
      "                                ->  Hash Join  (cost=39039.00..183292.92 rows=12 width=168) (actual time=128.248..1620.724 rows=2513 loops=3)\n",
      "                                      Hash Cond: ((lineitem.l_suppkey = supplier.s_suppkey) AND (customer.c_nationkey = supplier.s_nationkey))\n",
      "                                      ->  Hash Join  (cost=38509.00..182749.80 rows=2500 width=180) (actual time=111.505..1579.291 rows=60812 loops=3)\n",
      "                                            Hash Cond: (orders.o_custkey = customer.c_custkey)\n",
      "                                            ->  Parallel Hash Join  (cost=35550.06..179718.98 rows=12502 width=72) (actual time=78.253..1465.735 rows=302746 loops=3)\n",
      "                                                  Hash Cond: (lineitem.l_orderkey = orders.o_orderkey)\n",
      "                                                  ->  Parallel Seq Scan on lineitem  (cost=0.00..137605.06 rows=2500506 width=72) (actual time=0.473..913.330 rows=2000405 loops=3)\n",
      "                                                  ->  Parallel Hash  (cost=35511.00..35511.00 rows=3125 width=8) (actual time=77.380..77.381 rows=75548 loops=3)\n",
      "                                                        Buckets: 262144 (originally 8192)  Batches: 1 (originally 1)  Memory Usage: 12928kB\n",
      "                                                        ->  Parallel Seq Scan on orders  (cost=0.00..35511.00 rows=3125 width=8) (actual time=0.064..57.751 rows=75548 loops=3)\n",
      "                                                              Filter: ((o_orderdate >= '1993-01-01'::date) AND (o_orderdate < '1994-01-01 00:00:00'::timestamp without time zone))\n",
      "                                                              Rows Removed by Filter: 424452\n",
      "                                            ->  Hash  (cost=2583.94..2583.94 rows=30000 width=116) (actual time=33.088..33.092 rows=29952 loops=3)\n",
      "                                                  Buckets: 32768  Batches: 1  Memory Usage: 2362kB\n",
      "                                                  ->  Nested Loop  (cost=9.79..2583.94 rows=30000 width=116) (actual time=1.106..25.471 rows=29952 loops=3)\n",
      "                                                        ->  Nested Loop  (cost=0.00..2.62 rows=5 width=108) (actual time=0.048..0.071 rows=5 loops=3)\n",
      "                                                              Join Filter: (nation.n_regionkey = region.r_regionkey)\n",
      "                                                              Rows Removed by Join Filter: 20\n",
      "                                                              ->  Seq Scan on region  (cost=0.00..1.06 rows=1 width=4) (actual time=0.036..0.041 rows=1 loops=3)\n",
      "                                                                    Filter: (r_name = 'AMERICA'::bpchar)\n",
      "                                                                    Rows Removed by Filter: 4\n",
      "                                                              ->  Seq Scan on nation  (cost=0.00..1.25 rows=25 width=112) (actual time=0.005..0.012 rows=25 loops=3)\n",
      "                                                        ->  Bitmap Heap Scan on customer  (cost=9.79..508.76 rows=750 width=8) (actual time=0.964..4.435 rows=5990 loops=15)\n",
      "                                                              Recheck Cond: (c_nationkey = nation.n_nationkey)\n",
      "                                                              Heap Blocks: exact=14654\n",
      "                                                              ->  Bitmap Index Scan on idx_customer_nationkey  (cost=0.00..9.60 rows=750 width=0) (actual time=0.540..0.541 rows=5990 loops=15)\n",
      "                                                                    Index Cond: (c_nationkey = nation.n_nationkey)\n",
      "                                      ->  Hash  (cost=380.00..380.00 rows=10000 width=8) (actual time=16.560..16.561 rows=10000 loops=3)\n",
      "                                            Buckets: 16384  Batches: 1  Memory Usage: 519kB\n",
      "                                            ->  Seq Scan on supplier  (cost=0.00..380.00 rows=10000 width=8) (actual time=13.849..15.165 rows=10000 loops=3)\n",
      "Planning Time: 3.354 ms\n",
      "JIT:\n",
      "  Functions: 139\n",
      "  Options: Inlining false, Optimization false, Expressions true, Deforming true\n",
      "  Timing: Generation 5.904 ms, Inlining 0.000 ms, Optimization 2.882 ms, Emission 60.995 ms, Total 69.781 ms\n",
      "Execution Time: 1671.572 ms\n",
      "\n",
      "────────────────────────────────────────────────────────────────────────────────\n",
      "ALGORITMOS IDENTIFICADOS NO PLANO DE EXECUÇÃO:\n",
      "────────────────────────────────────────────────────────────────────────────────\n",
      "Algoritmos de Junção: Hash Join, Nested Loop\n",
      "Algoritmos de Varredura: Seq Scan, Bitmap Heap Scan, Index Scan, Bitmap Index Scan\n",
      "Algoritmos de Ordenação: Sort\n",
      "Algoritmos de Agregação: GroupAggregate\n",
      "\n",
      "========================================================================================================================\n",
      "EXPLAIN ANALYZE - QUERY 6\n",
      "========================================================================================================================\n",
      "\n",
      "Tempo de execução do EXPLAIN: 0:00:01.331446\n",
      "\n",
      "PLANO DE EXECUÇÃO (EXPLAIN ANALYZE):\n",
      "Limit  (cost=169861.72..169861.73 rows=1 width=32) (actual time=1325.065..1329.866 rows=1 loops=1)\n",
      "  ->  Finalize Aggregate  (cost=169861.72..169861.73 rows=1 width=32) (actual time=1319.299..1324.099 rows=1 loops=1)\n",
      "        ->  Gather  (cost=169861.50..169861.71 rows=2 width=32) (actual time=1319.181..1324.078 rows=3 loops=1)\n",
      "              Workers Planned: 2\n",
      "              Workers Launched: 2\n",
      "              ->  Partial Aggregate  (cost=168861.50..168861.51 rows=1 width=32) (actual time=1306.371..1306.372 rows=1 loops=3)\n",
      "                    ->  Parallel Seq Scan on lineitem  (cost=0.00..168861.39 rows=21 width=64) (actual time=4.422..1284.438 rows=38014 loops=3)\n",
      "                          Filter: ((l_shipdate >= '1993-01-01'::date) AND (l_shipdate < '1994-01-01 00:00:00'::timestamp without time zone) AND (l_discount >= 0.05) AND (l_discount <= 0.07) AND (l_quantity < '24'::numeric))\n",
      "                          Rows Removed by Filter: 1962391\n",
      "Planning Time: 0.076 ms\n",
      "JIT:\n",
      "  Functions: 18\n",
      "  Options: Inlining false, Optimization false, Expressions true, Deforming true\n",
      "  Timing: Generation 1.729 ms, Inlining 0.000 ms, Optimization 0.932 ms, Emission 17.061 ms, Total 19.722 ms\n",
      "Execution Time: 1330.569 ms\n",
      "\n",
      "────────────────────────────────────────────────────────────────────────────────\n",
      "ALGORITMOS IDENTIFICADOS NO PLANO DE EXECUÇÃO:\n",
      "────────────────────────────────────────────────────────────────────────────────\n",
      "Algoritmos de Varredura: Seq Scan\n",
      "\n",
      "========================================================================================================================\n",
      "EXPLAIN ANALYZE - QUERY 7\n",
      "========================================================================================================================\n",
      "\n",
      "Tempo de execução do EXPLAIN: 0:00:02.286998\n",
      "\n",
      "PLANO DE EXECUÇÃO (EXPLAIN ANALYZE):\n",
      "Limit  (cost=151485.60..151588.30 rows=1 width=272) (actual time=2271.250..2278.822 rows=1 loops=1)\n",
      "  ->  GroupAggregate  (cost=151485.60..161756.21 rows=100 width=272) (actual time=2247.636..2255.207 rows=1 loops=1)\n",
      "        Group Key: n1.n_name, n2.n_name, EXTRACT(year FROM lineitem.l_shipdate)\n",
      "        ->  Nested Loop  (cost=151485.60..161753.21 rows=100 width=304) (actual time=1359.259..2252.402 rows=1480 loops=1)\n",
      "              Join Filter: (customer.c_nationkey = n2.n_nationkey)\n",
      "              Rows Removed by Join Filter: 33347\n",
      "              ->  Nested Loop  (cost=151485.18..160602.58 rows=2497 width=284) (actual time=1357.385..2050.994 rows=34827 loops=1)\n",
      "                    ->  Gather Merge  (cost=151484.75..151775.57 rows=2497 width=284) (actual time=1356.950..1402.288 rows=34827 loops=1)\n",
      "                          Workers Planned: 2\n",
      "                          Workers Launched: 2\n",
      "                          ->  Sort  (cost=150484.73..150487.33 rows=1040 width=284) (actual time=1340.082..1348.001 rows=11981 loops=3)\n",
      "                                Sort Key: n1.n_name, n2.n_name, (EXTRACT(year FROM lineitem.l_shipdate))\n",
      "                                Sort Method: external merge  Disk: 4456kB\n",
      "                                Worker 0:  Sort Method: external merge  Disk: 3968kB\n",
      "                                Worker 1:  Sort Method: external merge  Disk: 4032kB\n",
      "                                ->  Hash Join  (cost=267.73..150432.61 rows=1040 width=284) (actual time=12.375..1281.729 rows=45058 loops=3)\n",
      "                                      Hash Cond: (lineitem.l_suppkey = supplier.s_suppkey)\n",
      "                                      ->  Parallel Seq Scan on lineitem  (cost=0.00..150107.59 rows=12502 width=76) (actual time=11.300..1172.214 rows=609483 loops=3)\n",
      "                                            Filter: ((l_shipdate >= '1995-01-01'::date) AND (l_shipdate <= '1996-12-31'::date))\n",
      "                                            Rows Removed by Filter: 1390922\n",
      "                                      ->  Hash  (cost=257.33..257.33 rows=832 width=216) (actual time=0.969..0.972 rows=742 loops=3)\n",
      "                                            Buckets: 1024  Batches: 1  Memory Usage: 75kB\n",
      "                                            ->  Nested Loop  (cost=4.67..257.33 rows=832 width=216) (actual time=0.219..0.825 rows=742 loops=3)\n",
      "                                                  ->  Nested Loop  (cost=0.00..2.84 rows=2 width=216) (actual time=0.050..0.060 rows=2 loops=3)\n",
      "                                                        Join Filter: (((n1.n_name = 'JORDAN'::bpchar) AND (n2.n_name = 'ETHIOPIA'::bpchar)) OR ((n1.n_name = 'ETHIOPIA'::bpchar) AND (n2.n_name = 'JORDAN'::bpchar)))\n",
      "                                                        Rows Removed by Join Filter: 2\n",
      "                                                        ->  Seq Scan on nation n1  (cost=0.00..1.38 rows=2 width=108) (actual time=0.030..0.034 rows=2 loops=3)\n",
      "                                                              Filter: ((n_name = 'JORDAN'::bpchar) OR (n_name = 'ETHIOPIA'::bpchar))\n",
      "                                                              Rows Removed by Filter: 23\n",
      "                                                        ->  Materialize  (cost=0.00..1.39 rows=2 width=108) (actual time=0.005..0.008 rows=2 loops=6)\n",
      "                                                              ->  Seq Scan on nation n2  (cost=0.00..1.38 rows=2 width=108) (actual time=0.007..0.011 rows=2 loops=3)\n",
      "                                                                    Filter: ((n_name = 'ETHIOPIA'::bpchar) OR (n_name = 'JORDAN'::bpchar))\n",
      "                                                                    Rows Removed by Filter: 23\n",
      "                                                  ->  Bitmap Heap Scan on supplier  (cost=4.67..126.74 rows=50 width=8) (actual time=0.098..0.343 rows=371 loops=6)\n",
      "                                                        Recheck Cond: (s_nationkey = n1.n_nationkey)\n",
      "                                                        Heap Blocks: exact=363\n",
      "                                                        ->  Bitmap Index Scan on idx_supplier_nation_key  (cost=0.00..4.66 rows=50 width=0) (actual time=0.072..0.072 rows=371 loops=6)\n",
      "                                                              Index Cond: (s_nationkey = n1.n_nationkey)\n",
      "                    ->  Index Scan using orders_pkey on orders  (cost=0.43..3.54 rows=1 width=8) (actual time=0.018..0.018 rows=1 loops=34827)\n",
      "                          Index Cond: (o_orderkey = lineitem.l_orderkey)\n",
      "              ->  Index Scan using customer_pkey on customer  (cost=0.42..0.45 rows=1 width=8) (actual time=0.005..0.005 rows=1 loops=34827)\n",
      "                    Index Cond: (c_custkey = orders.o_custkey)\n",
      "Planning Time: 1.934 ms\n",
      "JIT:\n",
      "  Functions: 100\n",
      "  Options: Inlining false, Optimization false, Expressions true, Deforming true\n",
      "  Timing: Generation 5.037 ms, Inlining 0.000 ms, Optimization 3.105 ms, Emission 53.994 ms, Total 62.137 ms\n",
      "Execution Time: 2282.615 ms\n",
      "\n",
      "────────────────────────────────────────────────────────────────────────────────\n",
      "ALGORITMOS IDENTIFICADOS NO PLANO DE EXECUÇÃO:\n",
      "────────────────────────────────────────────────────────────────────────────────\n",
      "Algoritmos de Junção: Nested Loop, Hash Join\n",
      "Algoritmos de Varredura: Seq Scan, Bitmap Heap Scan, Index Scan, Bitmap Index Scan\n",
      "Algoritmos de Ordenação: Sort\n",
      "Algoritmos de Agregação: GroupAggregate\n",
      "\n",
      "========================================================================================================================\n",
      "EXPLAIN ANALYZE - QUERY 9\n",
      "========================================================================================================================\n",
      "\n",
      "Tempo de execução do EXPLAIN: 0:00:01.568724\n",
      "\n",
      "PLANO DE EXECUÇÃO (EXPLAIN ANALYZE):\n",
      "Limit  (cost=27982.54..27983.82 rows=1 width=168) (actual time=1546.010..1553.477 rows=1 loops=1)\n",
      "  ->  GroupAggregate  (cost=27982.54..28754.44 rows=600 width=168) (actual time=1546.008..1553.474 rows=1 loops=1)\n",
      "        Group Key: nation.n_name, (EXTRACT(year FROM orders.o_orderdate))\n",
      "        ->  Incremental Sort  (cost=27982.54..28734.94 rows=600 width=264) (actual time=1544.156..1551.748 rows=1263 loops=1)\n",
      "              Sort Key: nation.n_name, (EXTRACT(year FROM orders.o_orderdate)) DESC\n",
      "              Presorted Key: nation.n_name\n",
      "              Full-sort Groups: 1  Sort Method: quicksort  Average Memory: 30kB  Peak Memory: 30kB\n",
      "              Pre-sorted Groups: 1  Sort Method: quicksort  Average Memory: 1561kB  Peak Memory: 1561kB\n",
      "              ->  Nested Loop  (cost=27951.52..28713.19 rows=600 width=264) (actual time=169.911..1531.784 rows=14024 loops=1)\n",
      "                    ->  Nested Loop  (cost=27951.09..28432.59 rows=600 width=236) (actual time=169.895..1361.984 rows=14024 loops=1)\n",
      "                          Join Filter: (supplier.s_suppkey = lineitem.l_suppkey)\n",
      "                          ->  Gather Merge  (cost=27950.66..27959.98 rows=80 width=152) (actual time=169.360..179.397 rows=1876 loops=1)\n",
      "                                Workers Planned: 2\n",
      "                                Workers Launched: 2\n",
      "                                ->  Sort  (cost=26950.64..26950.72 rows=33 width=152) (actual time=143.102..143.351 rows=1163 loops=3)\n",
      "                                      Sort Key: nation.n_name\n",
      "                                      Sort Method: quicksort  Memory: 1542kB\n",
      "                                      Worker 0:  Sort Method: quicksort  Memory: 1573kB\n",
      "                                      Worker 1:  Sort Method: quicksort  Memory: 1463kB\n",
      "                                      ->  Hash Join  (cost=5171.61..26949.80 rows=33 width=152) (actual time=49.265..134.621 rows=14613 loops=3)\n",
      "                                            Hash Cond: (supplier.s_nationkey = nation.n_nationkey)\n",
      "                                            ->  Nested Loop  (cost=5170.05..26948.16 rows=33 width=52) (actual time=48.205..130.817 rows=14613 loops=3)\n",
      "                                                  ->  Parallel Hash Join  (cost=5169.77..26938.12 rows=33 width=44) (actual time=47.938..104.945 rows=14613 loops=3)\n",
      "                                                        Hash Cond: (partsupp.ps_partkey = part.p_partkey)\n",
      "                                                        ->  Parallel Seq Scan on partsupp  (cost=0.00..20893.33 rows=333333 width=40) (actual time=0.023..32.146 rows=266667 loops=3)\n",
      "                                                        ->  Parallel Hash  (cost=5169.67..5169.67 rows=8 width=4) (actual time=47.726..47.727 rows=3653 loops=3)\n",
      "                                                              Buckets: 16384 (originally 1024)  Batches: 1 (originally 1)  Memory Usage: 760kB\n",
      "                                                              ->  Parallel Seq Scan on part  (cost=0.00..5169.67 rows=8 width=4) (actual time=0.177..43.302 rows=3653 loops=3)\n",
      "                                                                    Filter: ((p_name)::text ~~ '%chiffon%'::text)\n",
      "                                                                    Rows Removed by Filter: 63013\n",
      "                                                  ->  Index Scan using supplier_pkey on supplier  (cost=0.29..0.30 rows=1 width=8) (actual time=0.001..0.001 rows=1 loops=43840)\n",
      "                                                        Index Cond: (s_suppkey = partsupp.ps_suppkey)\n",
      "                                            ->  Hash  (cost=1.25..1.25 rows=25 width=108) (actual time=0.050..0.050 rows=25 loops=3)\n",
      "                                                  Buckets: 1024  Batches: 1  Memory Usage: 10kB\n",
      "                                                  ->  Seq Scan on nation  (cost=0.00..1.25 rows=25 width=108) (actual time=0.025..0.030 rows=25 loops=3)\n",
      "                          ->  Index Scan using idx_lineitem_part_supp on lineitem  (cost=0.43..4.03 rows=150 width=108) (actual time=0.244..0.625 rows=7 loops=1876)\n",
      "                                Index Cond: ((l_partkey = partsupp.ps_partkey) AND (l_suppkey = partsupp.ps_suppkey))\n",
      "                    ->  Index Scan using orders_pkey on orders  (cost=0.43..0.47 rows=1 width=8) (actual time=0.011..0.011 rows=1 loops=14024)\n",
      "                          Index Cond: (o_orderkey = lineitem.l_orderkey)\n",
      "Planning Time: 9.564 ms\n",
      "Execution Time: 1553.957 ms\n",
      "\n",
      "────────────────────────────────────────────────────────────────────────────────\n",
      "ALGORITMOS IDENTIFICADOS NO PLANO DE EXECUÇÃO:\n",
      "────────────────────────────────────────────────────────────────────────────────\n",
      "Algoritmos de Junção: Nested Loop, Hash Join\n",
      "Algoritmos de Varredura: Seq Scan, Index Scan\n",
      "Algoritmos de Ordenação: Sort, Incremental Sort\n",
      "Algoritmos de Agregação: GroupAggregate\n",
      "\n",
      "========================================================================================================================\n",
      "EXPLAIN ANALYZE - QUERY 10\n",
      "========================================================================================================================\n",
      "\n",
      "Tempo de execução do EXPLAIN: 0:00:01.853401\n",
      "\n",
      "PLANO DE EXECUÇÃO (EXPLAIN ANALYZE):\n",
      "Limit  (cost=180625.78..180625.83 rows=20 width=654) (actual time=1836.865..1846.215 rows=20 loops=1)\n",
      "  ->  Sort  (cost=180625.78..180626.16 rows=150 width=654) (actual time=1800.504..1809.852 rows=20 loops=1)\n",
      "        Sort Key: (sum((lineitem.l_extendedprice * ('1'::numeric - lineitem.l_discount)))) DESC\n",
      "        Sort Method: top-N heapsort  Memory: 34kB\n",
      "        ->  Finalize GroupAggregate  (cost=180602.66..180621.79 rows=150 width=654) (actual time=1692.791..1790.837 rows=37607 loops=1)\n",
      "              Group Key: customer.c_custkey, nation.n_name\n",
      "              ->  Gather Merge  (cost=180602.66..180618.68 rows=124 width=654) (actual time=1692.757..1748.927 rows=44368 loops=1)\n",
      "                    Workers Planned: 2\n",
      "                    Workers Launched: 2\n",
      "                    ->  Partial GroupAggregate  (cost=179602.63..179604.34 rows=62 width=654) (actual time=1672.210..1713.259 rows=14789 loops=3)\n",
      "                          Group Key: customer.c_custkey, nation.n_name\n",
      "                          ->  Sort  (cost=179602.63..179602.79 rows=62 width=686) (actual time=1672.134..1679.041 rows=37599 loops=3)\n",
      "                                Sort Key: customer.c_custkey, nation.n_name\n",
      "                                Sort Method: external merge  Disk: 7208kB\n",
      "                                Worker 0:  Sort Method: external merge  Disk: 7256kB\n",
      "                                Worker 1:  Sort Method: external merge  Disk: 7088kB\n",
      "                                ->  Hash Join  (cost=35552.04..179600.79 rows=62 width=686) (actual time=86.280..1620.073 rows=37599 loops=3)\n",
      "                                      Hash Cond: (customer.c_nationkey = nation.n_nationkey)\n",
      "                                      ->  Nested Loop  (cost=35550.48..179599.06 rows=62 width=586) (actual time=74.262..1595.343 rows=37599 loops=3)\n",
      "                                            ->  Parallel Hash Join  (cost=35550.06..179439.21 rows=62 width=68) (actual time=74.115..1391.589 rows=37599 loops=3)\n",
      "                                                  Hash Cond: (lineitem.l_orderkey = orders.o_orderkey)\n",
      "                                                  ->  Parallel Seq Scan on lineitem  (cost=0.00..143856.33 rows=12502 width=68) (actual time=0.153..1193.825 rows=492957 loops=3)\n",
      "                                                        Filter: (l_returnflag = 'R'::bpchar)\n",
      "                                                        Rows Removed by Filter: 1507448\n",
      "                                                  ->  Parallel Hash  (cost=35511.00..35511.00 rows=3125 width=8) (actual time=73.621..73.622 rows=18783 loops=3)\n",
      "                                                        Buckets: 65536 (originally 8192)  Batches: 1 (originally 1)  Memory Usage: 3200kB\n",
      "                                                        ->  Parallel Seq Scan on orders  (cost=0.00..35511.00 rows=3125 width=8) (actual time=0.028..67.094 rows=18783 loops=3)\n",
      "                                                              Filter: ((o_orderdate >= '1994-01-01'::date) AND (o_orderdate < '1994-04-01 00:00:00'::timestamp without time zone))\n",
      "                                                              Rows Removed by Filter: 481217\n",
      "                                            ->  Index Scan using customer_pkey on customer  (cost=0.42..2.58 rows=1 width=522) (actual time=0.005..0.005 rows=1 loops=112798)\n",
      "                                                  Index Cond: (c_custkey = orders.o_custkey)\n",
      "                                      ->  Hash  (cost=1.25..1.25 rows=25 width=108) (actual time=11.987..11.988 rows=25 loops=3)\n",
      "                                            Buckets: 1024  Batches: 1  Memory Usage: 10kB\n",
      "                                            ->  Seq Scan on nation  (cost=0.00..1.25 rows=25 width=108) (actual time=11.954..11.961 rows=25 loops=3)\n",
      "Planning Time: 1.083 ms\n",
      "JIT:\n",
      "  Functions: 103\n",
      "  Options: Inlining false, Optimization false, Expressions true, Deforming true\n",
      "  Timing: Generation 8.948 ms, Inlining 0.000 ms, Optimization 3.228 ms, Emission 69.214 ms, Total 81.391 ms\n",
      "Execution Time: 1850.342 ms\n",
      "\n",
      "────────────────────────────────────────────────────────────────────────────────\n",
      "ALGORITMOS IDENTIFICADOS NO PLANO DE EXECUÇÃO:\n",
      "────────────────────────────────────────────────────────────────────────────────\n",
      "Algoritmos de Junção: Hash Join, Nested Loop\n",
      "Algoritmos de Varredura: Seq Scan, Index Scan\n",
      "Algoritmos de Ordenação: Sort\n",
      "Algoritmos de Agregação: GroupAggregate\n",
      "\n",
      "========================================================================================================================\n",
      "EXPLAIN ANALYZE - QUERY 12\n",
      "========================================================================================================================\n",
      "\n",
      "Tempo de execução do EXPLAIN: 0:00:01.695348\n",
      "\n",
      "PLANO DE EXECUÇÃO (EXPLAIN ANALYZE):\n",
      "Limit  (cost=169979.91..169980.05 rows=1 width=60) (actual time=1686.011..1692.096 rows=1 loops=1)\n",
      "  ->  Finalize GroupAggregate  (cost=169979.91..169984.07 rows=30 width=60) (actual time=1673.780..1679.863 rows=1 loops=1)\n",
      "        Group Key: lineitem.l_shipmode\n",
      "        ->  Gather Merge  (cost=169979.91..169983.56 rows=28 width=60) (actual time=1669.541..1679.805 rows=4 loops=1)\n",
      "              Workers Planned: 2\n",
      "              Workers Launched: 2\n",
      "              ->  Partial GroupAggregate  (cost=168979.89..168980.31 rows=14 width=60) (actual time=1653.249..1656.470 rows=2 loops=3)\n",
      "                    Group Key: lineitem.l_shipmode\n",
      "                    ->  Sort  (cost=168979.89..168979.92 rows=14 width=108) (actual time=1648.818..1650.118 rows=10388 loops=3)\n",
      "                          Sort Key: lineitem.l_shipmode\n",
      "                          Sort Method: quicksort  Memory: 948kB\n",
      "                          Worker 0:  Sort Method: quicksort  Memory: 965kB\n",
      "                          Worker 1:  Sort Method: quicksort  Memory: 945kB\n",
      "                          ->  Nested Loop  (cost=0.43..168979.62 rows=14 width=108) (actual time=8.457..1641.557 rows=10388 loops=3)\n",
      "                                ->  Parallel Seq Scan on lineitem  (cost=0.00..168861.39 rows=14 width=48) (actual time=8.255..1487.890 rows=10388 loops=3)\n",
      "                                      Filter: ((l_shipmode = ANY ('{AIR,SHIP}'::bpchar[])) AND (l_commitdate < l_receiptdate) AND (l_shipdate < l_commitdate) AND (l_receiptdate >= '1997-01-01'::date) AND (l_receiptdate < '1998-01-01 00:00:00'::timestamp without time zone))\n",
      "                                      Rows Removed by Filter: 1990017\n",
      "                                ->  Index Scan using orders_pkey on orders  (cost=0.43..8.45 rows=1 width=68) (actual time=0.014..0.014 rows=1 loops=31165)\n",
      "                                      Index Cond: (o_orderkey = lineitem.l_orderkey)\n",
      "Planning Time: 0.432 ms\n",
      "JIT:\n",
      "  Functions: 43\n",
      "  Options: Inlining false, Optimization false, Expressions true, Deforming true\n",
      "  Timing: Generation 3.147 ms, Inlining 0.000 ms, Optimization 1.744 ms, Emission 34.418 ms, Total 39.309 ms\n",
      "Execution Time: 1693.320 ms\n",
      "\n",
      "────────────────────────────────────────────────────────────────────────────────\n",
      "ALGORITMOS IDENTIFICADOS NO PLANO DE EXECUÇÃO:\n",
      "────────────────────────────────────────────────────────────────────────────────\n",
      "Algoritmos de Junção: Nested Loop\n",
      "Algoritmos de Varredura: Seq Scan, Index Scan\n",
      "Algoritmos de Ordenação: Sort\n",
      "Algoritmos de Agregação: GroupAggregate\n"
     ]
    }
   ],
   "source": [
    "host = \"localhost\"\n",
    "port = 5432\n",
    "user = \"postgres\"\n",
    "password = \"test123\"\n",
    "database = \"tpch\"\n",
    "filepath = \"query_root/perf_query_gen/\"\n",
    "\n",
    "conn = PGDBW(host, port, database, user, password)\n",
    "\n",
    "# Definir algoritmos de junção e varredura comuns no PostgreSQL\n",
    "algoritmos_juncao = ['Nested Loop', 'Hash Join', 'Merge Join']\n",
    "algoritmos_varredura = ['Seq Scan', 'Index Scan', 'Index Only Scan', 'Bitmap Heap Scan', 'Bitmap Index Scan']\n",
    "algoritmos_ordenacao = ['Sort', 'Incremental Sort']\n",
    "algoritmos_agregacao = ['HashAggregate', 'GroupAggregate']\n",
    "\n",
    "for i in [1, 3, 5, 6, 7, 9, 10, 12]:\n",
    "    print(f\"\\n{'=' * 120}\")\n",
    "    print(f\"EXPLAIN ANALYZE - QUERY {i}\")\n",
    "    print(f\"{'=' * 120}\")\n",
    "    \n",
    "    # Ler a query original\n",
    "    with open(filepath + f\"{i}.sql\", 'r') as f:\n",
    "        original_query = f.read()\n",
    "    \n",
    "    # Adicionar EXPLAIN ANALYZE\n",
    "    explain_query = \"EXPLAIN ANALYZE \" + original_query\n",
    "    \n",
    "    start_time = datetime.datetime.now()\n",
    "    result = conn.executeQuery(explain_query)\n",
    "    end_time = datetime.datetime.now()\n",
    "    execution_time = end_time - start_time\n",
    "    \n",
    "    if 'error' in result:\n",
    "        print(f\"Erro no EXPLAIN ANALYZE {i}: {result['error']}\")\n",
    "    elif 'data' in result:\n",
    "        print(f\"\\nTempo de execução do EXPLAIN: {execution_time}\")\n",
    "        \n",
    "        # Coletar algoritmos utilizados\n",
    "        algoritmos_encontrados = {\n",
    "            'juncao': [],\n",
    "            'varredura': [],\n",
    "            'ordenacao': [],\n",
    "            'agregacao': [],\n",
    "            'outros': []\n",
    "        }\n",
    "        \n",
    "        print(f\"\\nPLANO DE EXECUÇÃO (EXPLAIN ANALYZE):\")\n",
    "        for idx, row in enumerate(result['data']):\n",
    "            plan_line = list(row.values())[0] if row else \"\"\n",
    "            print(f\"{plan_line}\")\n",
    "            \n",
    "            # Identificar algoritmos na linha do plano\n",
    "            for algoritmo in algoritmos_juncao:\n",
    "                if algoritmo in plan_line:\n",
    "                    if algoritmo not in algoritmos_encontrados['juncao']:\n",
    "                        algoritmos_encontrados['juncao'].append(algoritmo)\n",
    "            \n",
    "            for algoritmo in algoritmos_varredura:\n",
    "                if algoritmo in plan_line:\n",
    "                    if algoritmo not in algoritmos_encontrados['varredura']:\n",
    "                        algoritmos_encontrados['varredura'].append(algoritmo)\n",
    "            \n",
    "            for algoritmo in algoritmos_ordenacao:\n",
    "                if algoritmo in plan_line:\n",
    "                    if algoritmo not in algoritmos_encontrados['ordenacao']:\n",
    "                        algoritmos_encontrados['ordenacao'].append(algoritmo)\n",
    "            \n",
    "            for algoritmo in algoritmos_agregacao:\n",
    "                if algoritmo in plan_line:\n",
    "                    if algoritmo not in algoritmos_encontrados['agregacao']:\n",
    "                        algoritmos_encontrados['agregacao'].append(algoritmo)\n",
    "        \n",
    "        # Mostrar resumo dos algoritmos utilizados\n",
    "        print(f\"\\n{'─' * 80}\")\n",
    "        print(\"ALGORITMOS IDENTIFICADOS NO PLANO DE EXECUÇÃO:\")\n",
    "        print(f\"{'─' * 80}\")\n",
    "        \n",
    "        if algoritmos_encontrados['juncao']:\n",
    "            print(f\"Algoritmos de Junção: {', '.join(algoritmos_encontrados['juncao'])}\")\n",
    "        \n",
    "        if algoritmos_encontrados['varredura']:\n",
    "            print(f\"Algoritmos de Varredura: {', '.join(algoritmos_encontrados['varredura'])}\")\n",
    "        \n",
    "        if algoritmos_encontrados['ordenacao']:\n",
    "            print(f\"Algoritmos de Ordenação: {', '.join(algoritmos_encontrados['ordenacao'])}\")\n",
    "        \n",
    "        if algoritmos_encontrados['agregacao']:\n",
    "            print(f\"Algoritmos de Agregação: {', '.join(algoritmos_encontrados['agregacao'])}\")\n",
    "        \n",
    "        # Verificar se não foram encontrados algoritmos conhecidos\n",
    "        total_algoritmos = (len(algoritmos_encontrados['juncao']) + \n",
    "                          len(algoritmos_encontrados['varredura']) + \n",
    "                          len(algoritmos_encontrados['ordenacao']) + \n",
    "                          len(algoritmos_encontrados['agregacao']))\n",
    "        \n",
    "        if total_algoritmos == 0:\n",
    "            print(\"ℹNenhum algoritmo específico identificado (possivelmente plano simples)\")\n",
    "            \n",
    "    else:\n",
    "        print(f\"{result.get('message', 'Resultado inesperado')}\")\n",
    "        print(f\"Tempo: {execution_time}\")"
   ]
  },
  {
   "cell_type": "code",
   "execution_count": 16,
   "id": "9bb66fed",
   "metadata": {},
   "outputs": [
    {
     "name": "stdout",
     "output_type": "stream",
     "text": [
      "\n",
      "========================================================================================================================\n",
      "QUERY 1\n",
      "========================================================================================================================\n",
      "+----------------+----------------+-------------+------------------+------------------+--------------+-----------+-------------+------------+---------------+\n",
      "| l_returnflag   | l_linestatus   |     sum_qty |   sum_base_price |   sum_disc_price |   sum_charge |   avg_qty |   avg_price |   avg_disc |   count_order |\n",
      "+================+================+=============+==================+==================+==============+===========+=============+============+===============+\n",
      "| A              | F              | 3.77341e+07 |      5.65866e+10 |      5.37583e+10 |  5.59091e+10 |    25.522 |     38273.1 |  0.0499853 |       1478493 |\n",
      "+----------------+----------------+-------------+------------------+------------------+--------------+-----------+-------------+------------+---------------+\n",
      "Tempo de execução: 0:00:02.567576\n",
      "\n",
      "========================================================================================================================\n",
      "QUERY 3\n",
      "========================================================================================================================\n",
      "+--------------+-----------+---------------+------------------+\n",
      "|   l_orderkey |   revenue | o_orderdate   |   o_shippriority |\n",
      "+==============+===========+===============+==================+\n",
      "|      4163074 |    437268 | 1995-02-13    |                0 |\n",
      "+--------------+-----------+---------------+------------------+\n",
      "|       606274 |    419378 | 1995-03-14    |                0 |\n",
      "+--------------+-----------+---------------+------------------+\n",
      "|      1795109 |    400019 | 1995-03-19    |                0 |\n",
      "+--------------+-----------+---------------+------------------+\n",
      "|      3778628 |    399682 | 1995-02-25    |                0 |\n",
      "+--------------+-----------+---------------+------------------+\n",
      "|      2692902 |    394555 | 1995-03-06    |                0 |\n",
      "+--------------+-----------+---------------+------------------+\n",
      "|       181414 |    393083 | 1995-03-08    |                0 |\n",
      "+--------------+-----------+---------------+------------------+\n",
      "|      4178471 |    390099 | 1995-02-28    |                0 |\n",
      "+--------------+-----------+---------------+------------------+\n",
      "|      4739141 |    385443 | 1995-03-07    |                0 |\n",
      "+--------------+-----------+---------------+------------------+\n",
      "|      5061152 |    374989 | 1995-03-15    |                0 |\n",
      "+--------------+-----------+---------------+------------------+\n",
      "|      5235941 |    373362 | 1995-03-07    |                0 |\n",
      "+--------------+-----------+---------------+------------------+\n",
      "Tempo de execução: 0:00:00.856771\n",
      "\n",
      "========================================================================================================================\n",
      "QUERY 5\n",
      "========================================================================================================================\n",
      "+----------+-------------+\n",
      "| n_name   |     revenue |\n",
      "+==========+=============+\n",
      "| BRAZIL   | 5.84038e+07 |\n",
      "+----------+-------------+\n",
      "Tempo de execução: 0:00:00.555255\n",
      "\n",
      "========================================================================================================================\n",
      "QUERY 6\n",
      "========================================================================================================================\n",
      "+-------------+\n",
      "|     revenue |\n",
      "+=============+\n",
      "| 1.23258e+08 |\n",
      "+-------------+\n",
      "Tempo de execução: 0:00:00.544063\n",
      "\n",
      "========================================================================================================================\n",
      "QUERY 7\n",
      "========================================================================================================================\n",
      "+---------------+---------------+----------+-------------+\n",
      "| supp_nation   | cust_nation   |   l_year |     revenue |\n",
      "+===============+===============+==========+=============+\n",
      "| ETHIOPIA      | JORDAN        |     1995 | 5.44548e+07 |\n",
      "+---------------+---------------+----------+-------------+\n",
      "Tempo de execução: 0:00:00.874808\n",
      "\n",
      "========================================================================================================================\n",
      "QUERY 9\n",
      "========================================================================================================================\n",
      "+----------+----------+--------------+\n",
      "| nation   |   o_year |   sum_profit |\n",
      "+==========+==========+==============+\n",
      "| ALGERIA  |     1998 |  2.97441e+07 |\n",
      "+----------+----------+--------------+\n",
      "Tempo de execução: 0:00:01.395534\n",
      "\n",
      "========================================================================================================================\n",
      "QUERY 10\n",
      "========================================================================================================================\n",
      "+-------------+--------------------+-----------+-------------+----------------+---------------------------------------+-----------------+----------------------------------------------------------------------------------------------------------+\n",
      "|   c_custkey | c_name             |   revenue |   c_acctbal | n_name         | c_address                             | c_phone         | c_comment                                                                                                |\n",
      "+=============+====================+===========+=============+================+=======================================+=================+==========================================================================================================+\n",
      "|      100867 | Customer#000100867 |    729412 |     3777.5  | CHINA          | 68dihxX4Q3G2                          | 28-908-868-8184 | slyly. slyly final instructions                                                                          |\n",
      "+-------------+--------------------+-----------+-------------+----------------+---------------------------------------+-----------------+----------------------------------------------------------------------------------------------------------+\n",
      "|      125932 | Customer#000125932 |    693873 |     7186.28 | INDONESIA      | OE5bamuvUASIoTsuZMyrwIaNa1Z           | 19-349-165-9619 | osits. slyly final requests are furiously against the braids. blithely even theodolites are.             |\n",
      "+-------------+--------------------+-----------+-------------+----------------+---------------------------------------+-----------------+----------------------------------------------------------------------------------------------------------+\n",
      "|       39412 | Customer#000039412 |    689795 |     8888.43 | PERU           | FYhhcuRk4eRpF,hylCoAP                 | 27-684-509-6399 | l packages. special pinto beans are c                                                                    |\n",
      "+-------------+--------------------+-----------+-------------+----------------+---------------------------------------+-----------------+----------------------------------------------------------------------------------------------------------+\n",
      "|      144526 | Customer#000144526 |    680210 |     1031.97 | KENYA          | ORUvZI4ziHHpATV1 VAxf47RGwiBUeuE0RSg  | 24-447-657-1591 | e along the permanent, express dolphins. deposits affix furiously blithely express instructions. quickly |\n",
      "+-------------+--------------------+-----------+-------------+----------------+---------------------------------------+-----------------+----------------------------------------------------------------------------------------------------------+\n",
      "|       54826 | Customer#000054826 |    668053 |     1018.83 | CHINA          | 0qQN5BZXBDTUmndXQP,LO00e9ptdAWT3vMD   | 28-849-358-2535 | riously above the final packages. pinto beans wake slyly around the blithely special deposits            |\n",
      "+-------------+--------------------+-----------+-------------+----------------+---------------------------------------+-----------------+----------------------------------------------------------------------------------------------------------+\n",
      "|       59413 | Customer#000059413 |    651290 |     9948.3  | CANADA         | YfRCT3dnnD3rwefu9r F1Rgl3a4nV4 x      | 13-419-750-2952 | nic, bold packages among the furiously regular dolphins sleep after the caref                            |\n",
      "+-------------+--------------------+-----------+-------------+----------------+---------------------------------------+-----------------+----------------------------------------------------------------------------------------------------------+\n",
      "|       75130 | Customer#000075130 |    649609 |     3105.8  | UNITED KINGDOM | C1nlh29Bh0vEbSc,yUjKSDfIijzKACdtr     | 33-861-634-2881 | unusual requests. express tithes wake acr                                                                |\n",
      "+-------------+--------------------+-----------+-------------+----------------+---------------------------------------+-----------------+----------------------------------------------------------------------------------------------------------+\n",
      "|       68995 | Customer#000068995 |    635031 |     8599.96 | JAPAN          | pbhKS,Y38uVA9angbZsFzFWbuZ7xxf24L1GUV | 22-388-164-4541 | to beans under the blithely silent ideas detect slyly blithely regu                                      |\n",
      "+-------------+--------------------+-----------+-------------+----------------+---------------------------------------+-----------------+----------------------------------------------------------------------------------------------------------+\n",
      "|       74638 | Customer#000074638 |    620043 |     -444.84 | INDIA          | BKaM5HHmXN2XLH7JYyCXOLWeQH            | 18-422-359-3587 | oost slyly slyly final deposits                                                                          |\n",
      "+-------------+--------------------+-----------+-------------+----------------+---------------------------------------+-----------------+----------------------------------------------------------------------------------------------------------+\n",
      "|       57976 | Customer#000057976 |    609738 |     4165.79 | PERU           | 1SD8y3C4yaQjBDUgRw kn73J0U            | 27-575-438-1113 | equests wake carefully after the regular pains                                                           |\n",
      "+-------------+--------------------+-----------+-------------+----------------+---------------------------------------+-----------------+----------------------------------------------------------------------------------------------------------+\n",
      "Tempo de execução: 0:00:00.824208\n",
      "\n",
      "========================================================================================================================\n",
      "QUERY 12\n",
      "========================================================================================================================\n",
      "+--------------+-------------------+------------------+\n",
      "| l_shipmode   |   high_line_count |   low_line_count |\n",
      "+==============+===================+==================+\n",
      "| AIR          |              6290 |             9263 |\n",
      "+--------------+-------------------+------------------+\n",
      "Tempo de execução: 0:00:01.181639\n"
     ]
    }
   ],
   "source": [
    "\n",
    "for i in [1, 3, 5, 6, 7, 9, 10, 12]:\n",
    "    print(f\"\\n{'=' * 120}\")\n",
    "    print(f\"QUERY {i}\")\n",
    "    print(f\"{'=' * 120}\")\n",
    "    \n",
    "    # Ler a query original\n",
    "    with open(filepath + f\"{i}.sql\", 'r') as f:\n",
    "        original_query = f.read()\n",
    "    \n",
    "    start_time = datetime.datetime.now()\n",
    "    result = conn.executeQuery(original_query)\n",
    "    end_time = datetime.datetime.now()\n",
    "    execution_time = end_time - start_time\n",
    "    \n",
    "    if 'error' in result:\n",
    "        print(f\"Erro ao executar query {i}: {result['error']}\")\n",
    "        continue\n",
    "    \n",
    "    if 'data' not in result or len(result['data']) == 0:\n",
    "        print(\"Nenhum dado retornado.\")\n",
    "        continue\n",
    "    \n",
    "    rows = result['data']\n",
    "    \n",
    "    # Pegar colunas (as chaves do primeiro registro)\n",
    "    headers = list(rows[0].keys())\n",
    "    \n",
    "    # Converter registros para lista de listas\n",
    "    table = [list(r.values()) for r in rows[:10]]\n",
    "    \n",
    "    print(tabulate(table, headers=headers, tablefmt=\"grid\"))\n",
    "    print(f\"Tempo de execução: {execution_time}\")\n"
   ]
  },
  {
   "cell_type": "markdown",
   "id": "bf60578d",
   "metadata": {},
   "source": [
    "## Parte II\n",
    "Análise do comportamento dos índices das tabelas do SGBD através do exame das tabelas de estatísticas para consultas SQL."
   ]
  },
  {
   "cell_type": "code",
   "execution_count": 17,
   "id": "39478c55",
   "metadata": {},
   "outputs": [
    {
     "name": "stdout",
     "output_type": "stream",
     "text": [
      "Conectado ao PostgreSQL.\n"
     ]
    }
   ],
   "source": [
    "# Configuração de conexão para a PARTE II\n",
    "DB_CONFIG_PARTE2 = {\n",
    "    \"dbname\": \"tpch\",\n",
    "    \"user\": \"postgres\",\n",
    "    \"password\": \"test123\",   \n",
    "    \"host\": \"localhost\",\n",
    "    \"port\": 5432\n",
    "}\n",
    "\n",
    "conn_p2 = psycopg2.connect(**DB_CONFIG_PARTE2)\n",
    "cur_p2 = conn_p2.cursor()\n",
    "print(\"Conectado ao PostgreSQL.\")\n"
   ]
  },
  {
   "cell_type": "markdown",
   "id": "8355f1ab",
   "metadata": {},
   "source": [
    "### Tarefa 5 – Preparação da Tabela Aleatória\n",
    "\n"
   ]
  },
  {
   "cell_type": "code",
   "execution_count": 18,
   "id": "36c53abc",
   "metadata": {},
   "outputs": [
    {
     "name": "stdout",
     "output_type": "stream",
     "text": [
      "Tabela t criada e populada com 100.000 tuplas.\n",
      "\n",
      "Primeiras 10 tuplas da tabela t (ordenadas por k):\n",
      "    k  v\n",
      "0   1  1\n",
      "1   2  5\n",
      "2   3  0\n",
      "3   4  7\n",
      "4   5  8\n",
      "5   6  6\n",
      "6   7  3\n",
      "7   8  7\n",
      "8   9  7\n",
      "9  10  9\n"
     ]
    }
   ],
   "source": [
    "cur_p2.execute(\"\"\"\n",
    "DROP TABLE IF EXISTS t;\n",
    "CREATE TABLE t (\n",
    "    k serial PRIMARY KEY,\n",
    "    v integer\n",
    ");\n",
    "\n",
    "INSERT INTO t(v)\n",
    "SELECT trunc(random() * 10)\n",
    "FROM generate_series(1,100000);\n",
    "\"\"\")\n",
    "conn_p2.commit()\n",
    "print(\"Tabela t criada e populada com 100.000 tuplas.\")\n",
    "\n",
    "cur_p2.execute(\"SELECT * FROM t ORDER BY k LIMIT 10;\")\n",
    "rows = cur_p2.fetchall()\n",
    "df_t10 = pd.DataFrame(rows, columns=[\"k\", \"v\"])\n",
    "print(\"\\nPrimeiras 10 tuplas da tabela t (ordenadas por k):\")\n",
    "print(df_t10)"
   ]
  },
  {
   "cell_type": "markdown",
   "id": "032afcdb",
   "metadata": {},
   "source": [
    "### Tarefa 6 – Páginas criadas"
   ]
  },
  {
   "cell_type": "code",
   "execution_count": 20,
   "id": "ecd7976f",
   "metadata": {},
   "outputs": [
    {
     "name": "stdout",
     "output_type": "stream",
     "text": [
      "  relname  relpages  reltuples\n",
      "0       t         0       -1.0\n"
     ]
    }
   ],
   "source": [
    "cur_p2.execute(\"\"\"\n",
    "SELECT relname, relpages, reltuples\n",
    "FROM pg_class\n",
    "WHERE relname = 't';\n",
    "\"\"\")\n",
    "rows = cur_p2.fetchall()\n",
    "df_pgclass = pd.DataFrame(rows, columns=[\"relname\", \"relpages\", \"reltuples\"])\n",
    "print(df_pgclass)"
   ]
  },
  {
   "cell_type": "markdown",
   "id": "133dffae",
   "metadata": {},
   "source": [
    "### Tarefa 7 – Blocos"
   ]
  },
  {
   "cell_type": "code",
   "execution_count": 21,
   "id": "d6ca43d2",
   "metadata": {},
   "outputs": [
    {
     "name": "stdout",
     "output_type": "stream",
     "text": [
      "\n",
      "Estatísticas em pg_stats para tabela t:\n",
      "Empty DataFrame\n",
      "Columns: [schemaname, tablename, attname, inherited, null_frac, avg_width, n_distinct, most_common_vals, most_common_freqs, histogram_bounds, correlation, most_common_elems, most_common_elem_freqs, elem_count_histogram]\n",
      "Index: []\n",
      "\n",
      "Estatísticas resetadas com pg_stat_reset().\n"
     ]
    }
   ],
   "source": [
    "cur_p2.execute(\"SELECT pg_sleep(1);\")\n",
    "\n",
    "cur_p2.execute(\"\"\"\n",
    "SELECT *\n",
    "FROM pg_stats\n",
    "WHERE tablename = 't';\n",
    "\"\"\")\n",
    "cols = [desc[0] for desc in cur_p2.description]\n",
    "df_pgstats = pd.DataFrame(cur_p2.fetchall(), columns=cols)\n",
    "\n",
    "print(\"\\nEstatísticas em pg_stats para tabela t:\")\n",
    "print(df_pgstats)\n",
    "\n",
    "cur_p2.execute(\"SELECT pg_stat_reset();\")\n",
    "conn_p2.commit()\n",
    "print(\"\\nEstatísticas resetadas com pg_stat_reset().\")"
   ]
  },
  {
   "cell_type": "markdown",
   "id": "4ad6b99c",
   "metadata": {},
   "source": [
    "### Tarefa 8 – Índice"
   ]
  },
  {
   "cell_type": "code",
   "execution_count": 22,
   "id": "0627e950",
   "metadata": {},
   "outputs": [
    {
     "name": "stdout",
     "output_type": "stream",
     "text": [
      "Tempo para criar índice idx_v (100k tuplas): 0.092715 s\n",
      "Tempo de consulta (v = 5) com 100k tuplas: 0.005964 s\n",
      "Tuplas retornadas: 9969\n",
      "\n",
      "Recriando tabela t com 1.000.000 tuplas...\n",
      "Tabela t populada com 1.000.000 de tuplas.\n",
      "Tempo para criar índice idx_v (1M tuplas): 0.431394 s\n",
      "Tempo de consulta (v = 5) com 1M tuplas: 0.077012 s\n",
      "Tuplas retornadas: 100391\n"
     ]
    }
   ],
   "source": [
    "# Índice e consulta com 100k tuplas\n",
    "inicio = time.time()\n",
    "cur_p2.execute(\"CREATE INDEX idx_v ON t(v);\")\n",
    "conn_p2.commit()\n",
    "fim = time.time()\n",
    "tempo_criacao_100k = fim - inicio\n",
    "print(f\"Tempo para criar índice idx_v (100k tuplas): {tempo_criacao_100k:.6f} s\")\n",
    "\n",
    "inicio = time.time()\n",
    "cur_p2.execute(\"SELECT * FROM t WHERE v = 5;\")\n",
    "rows = cur_p2.fetchall()\n",
    "fim = time.time()\n",
    "tempo_consulta_100k = fim - inicio\n",
    "print(f\"Tempo de consulta (v = 5) com 100k tuplas: {tempo_consulta_100k:.6f} s\")\n",
    "print(\"Tuplas retornadas:\", len(rows))\n",
    "\n",
    "# Recriar tabela t com 1.000.000 de tuplas\n",
    "print(\"\\nRecriando tabela t com 1.000.000 tuplas...\")\n",
    "\n",
    "cur_p2.execute(\"DROP TABLE IF EXISTS t;\")\n",
    "cur_p2.execute(\"\"\"\n",
    "CREATE TABLE t (\n",
    "    k serial PRIMARY KEY,\n",
    "    v integer\n",
    ");\n",
    "\"\"\")\n",
    "conn_p2.commit()\n",
    "\n",
    "cur_p2.execute(\"\"\"\n",
    "INSERT INTO t(v)\n",
    "SELECT trunc(random() * 10)\n",
    "FROM generate_series(1,1000000);\n",
    "\"\"\")\n",
    "conn_p2.commit()\n",
    "print(\"Tabela t populada com 1.000.000 de tuplas.\")\n",
    "\n",
    "inicio = time.time()\n",
    "cur_p2.execute(\"CREATE INDEX idx_v ON t(v);\")\n",
    "conn_p2.commit()\n",
    "fim = time.time()\n",
    "tempo_criacao_1m = fim - inicio\n",
    "print(f\"Tempo para criar índice idx_v (1M tuplas): {tempo_criacao_1m:.6f} s\")\n",
    "\n",
    "inicio = time.time()\n",
    "cur_p2.execute(\"SELECT * FROM t WHERE v = 5;\")\n",
    "rows = cur_p2.fetchall()\n",
    "fim = time.time()\n",
    "tempo_consulta_1m = fim - inicio\n",
    "print(f\"Tempo de consulta (v = 5) com 1M tuplas: {tempo_consulta_1m:.6f} s\")\n",
    "print(\"Tuplas retornadas:\", len(rows))"
   ]
  },
  {
   "cell_type": "markdown",
   "id": "ca9830f6",
   "metadata": {},
   "source": [
    "- O tempo para criar o índice cresce aproximadamente de forma linear com o número de tuplas.\n",
    "\n",
    "- O índice acelera consultas para v = 5, mantendo tempo < 0,1s mesmo com 1 milhão de tuplas."
   ]
  },
  {
   "cell_type": "markdown",
   "id": "d9fc1557",
   "metadata": {},
   "source": [
    "### Tarefa 9 – Fillfactor"
   ]
  },
  {
   "cell_type": "code",
   "execution_count": 23,
   "id": "111621ba",
   "metadata": {},
   "outputs": [
    {
     "name": "stdout",
     "output_type": "stream",
     "text": [
      "\n",
      "Resultados por fillfactor (índice ASC):\n",
      "   fillfactor  tempo_criacao  tempo_consulta\n",
      "0          60       0.468262        0.123255\n",
      "1          80       0.501946        0.090838\n",
      "2          90       0.482103        0.094269\n",
      "3         100       0.435498        0.056962\n"
     ]
    }
   ],
   "source": [
    "cur_p2.execute(\"DROP INDEX IF EXISTS idx_v;\")\n",
    "conn_p2.commit()\n",
    "\n",
    "fillfactors = [60, 80, 90, 100]\n",
    "resultados_ff = []\n",
    "\n",
    "for ff in fillfactors:\n",
    "    idx_name = f\"idx_v_ff{ff}\"\n",
    "    cur_p2.execute(f\"DROP INDEX IF EXISTS {idx_name};\")\n",
    "    conn_p2.commit()\n",
    "\n",
    "    inicio = time.time()\n",
    "    cur_p2.execute(f\"\"\"\n",
    "        CREATE INDEX {idx_name} ON t(v)\n",
    "        WITH (fillfactor = {ff});\n",
    "    \"\"\")\n",
    "    conn_p2.commit()\n",
    "    fim = time.time()\n",
    "    tempo_criacao = fim - inicio\n",
    "\n",
    "    inicio = time.time()\n",
    "    cur_p2.execute(\"SELECT * FROM t WHERE v = 5;\")\n",
    "    cur_p2.fetchall()\n",
    "    fim = time.time()\n",
    "    tempo_consulta = fim - inicio\n",
    "\n",
    "    resultados_ff.append([ff, tempo_criacao, tempo_consulta])\n",
    "\n",
    "df_fillfactor = pd.DataFrame(resultados_ff, columns=[\"fillfactor\", \"tempo_criacao\", \"tempo_consulta\"])\n",
    "print(\"\\nResultados por fillfactor (índice ASC):\")\n",
    "print(df_fillfactor)"
   ]
  },
  {
   "cell_type": "markdown",
   "id": "6ce676bb",
   "metadata": {},
   "source": [
    "Os resultados mostram que o fillfactor tem impacto mínimo no desempenho de consultas com igualdade (v = 5) em uma tabela estática. Isso ocorre porque o fillfactor afeta principalmente operações de escrita (inserções e atualizações) e não operações de leitura. Portanto, é esperado que todos os valores testados apresentem tempos muito semelhantes."
   ]
  },
  {
   "cell_type": "markdown",
   "id": "14c27f45",
   "metadata": {},
   "source": [
    "### Tarefa 10 – Índices DESC"
   ]
  },
  {
   "cell_type": "code",
   "execution_count": 24,
   "id": "5082219d",
   "metadata": {},
   "outputs": [
    {
     "name": "stdout",
     "output_type": "stream",
     "text": [
      "Tempo criação índice descendente idx_v_desc: 0.460955 s\n",
      "Tempo consulta (v = 5) com índice descendente: 0.082836 s\n",
      "\n",
      "Resultados por fillfactor (índice DESC):\n",
      "   fillfactor  tempo_criacao  tempo_consulta\n",
      "0          60       0.478406        0.106885\n",
      "1          80       0.500126        0.056871\n",
      "2          90       0.417167        0.057789\n",
      "3         100       0.432121        0.054496\n",
      "\n",
      "Conexão da PARTE II encerrada.\n"
     ]
    }
   ],
   "source": [
    "\n",
    "cur_p2.execute(\"DROP INDEX IF EXISTS idx_v_desc;\")\n",
    "conn_p2.commit()\n",
    "\n",
    "inicio = time.time()\n",
    "cur_p2.execute(\"CREATE INDEX idx_v_desc ON t(v DESC NULLS FIRST);\")\n",
    "conn_p2.commit()\n",
    "fim = time.time()\n",
    "tempo_criacao_desc = fim - inicio\n",
    "print(f\"Tempo criação índice descendente idx_v_desc: {tempo_criacao_desc:.6f} s\")\n",
    "\n",
    "inicio = time.time()\n",
    "cur_p2.execute(\"SELECT * FROM t WHERE v = 5;\")\n",
    "cur_p2.fetchall()\n",
    "fim = time.time()\n",
    "tempo_consulta_desc = fim - inicio\n",
    "print(f\"Tempo consulta (v = 5) com índice descendente: {tempo_consulta_desc:.6f} s\")\n",
    "\n",
    "fillfactors = [60, 80, 90, 100]\n",
    "resultados_desc_ff = []\n",
    "\n",
    "for ff in fillfactors:\n",
    "    idx_name = f\"idx_v_desc_ff{ff}\"\n",
    "    cur_p2.execute(f\"DROP INDEX IF EXISTS {idx_name};\")\n",
    "    conn_p2.commit()\n",
    "\n",
    "    inicio = time.time()\n",
    "    cur_p2.execute(f\"\"\"\n",
    "        CREATE INDEX {idx_name} ON t(v DESC NULLS FIRST)\n",
    "        WITH (fillfactor = {ff});\n",
    "    \"\"\")\n",
    "    conn_p2.commit()\n",
    "    fim = time.time()\n",
    "    tempo_criacao = fim - inicio\n",
    "\n",
    "    inicio = time.time()\n",
    "    cur_p2.execute(\"SELECT * FROM t WHERE v = 5;\")\n",
    "    cur_p2.fetchall()\n",
    "    fim = time.time()\n",
    "    tempo_consulta = fim - inicio\n",
    "\n",
    "    resultados_desc_ff.append([ff, tempo_criacao, tempo_consulta])\n",
    "\n",
    "df_desc_fillfactor = pd.DataFrame(resultados_desc_ff, columns=[\"fillfactor\", \"tempo_criacao\", \"tempo_consulta\"])\n",
    "print(\"\\nResultados por fillfactor (índice DESC):\")\n",
    "print(df_desc_fillfactor)\n",
    "\n",
    "# Fechar conexão da Parte II\n",
    "cur_p2.close()\n",
    "conn_p2.close()\n",
    "print(\"\\nConexão da PARTE II encerrada.\")"
   ]
  },
  {
   "cell_type": "markdown",
   "id": "e280fa28",
   "metadata": {},
   "source": [
    "- Índices descendentes apresentam desempenho muito semelhante aos índices em ordem padrão (ASC) para consultas por igualdade (v = 5).\n",
    "\n",
    "- A escolha entre ASC e DESC é mais importante quando o plano de execução precisa retornar dados ordenados por v, especialmente com ORDER BY v DESC LIMIT n.\n",
    "\n",
    "- As variações de fillfactor (60, 80, 90, 100) nos índices descendentes não alteraram de forma significativa o tempo de consulta, o que confirma que:\n",
    "\n",
    "    - fillfactor impacta principalmente operações de escrita,\n",
    "\n",
    "    - enquanto consultas de leitura simples são pouco sensíveis a essa configuração em tabelas estáticas."
   ]
  },
  {
   "cell_type": "markdown",
   "id": "09c6df6d",
   "metadata": {},
   "source": [
    "## Parte IV"
   ]
  },
  {
   "cell_type": "markdown",
   "id": "5a530dde",
   "metadata": {},
   "source": [
    "O objetivo desta parte do trabalho é experimentar estratégias para utilização de transações e níveis de isolamento em SGBDs relacionais. As tarefas envolvem uma simulação de um sistema de reservas de passagem áreas. \n"
   ]
  },
  {
   "cell_type": "code",
   "execution_count": 25,
   "id": "58b1f50e",
   "metadata": {},
   "outputs": [
    {
     "name": "stdout",
     "output_type": "stream",
     "text": [
      "Tabela assentos pronta.\n"
     ]
    }
   ],
   "source": [
    "DB_CONFIG = {\n",
    "    \"dbname\": \"tpch\",\n",
    "    \"user\": \"postgres\",\n",
    "    \"password\": \"test123\",\n",
    "    \"host\": \"localhost\",\n",
    "    \"port\": 5432\n",
    "}\n",
    "\n",
    "def reset_db():\n",
    "    conn = psycopg2.connect(**DB_CONFIG)\n",
    "    cur = conn.cursor()\n",
    "\n",
    "    cur.execute(\"DROP TABLE IF EXISTS assentos;\")\n",
    "    cur.execute(\"\"\"\n",
    "        CREATE TABLE assentos(\n",
    "            num_voo INT PRIMARY KEY,\n",
    "            disp BOOLEAN\n",
    "        );\n",
    "    \"\"\")\n",
    "\n",
    "    # 200 assentos inicialmente livres\n",
    "    cur.executemany(\"INSERT INTO assentos VALUES (%s, true);\", [(i,) for i in range(1, 201)])\n",
    "\n",
    "    conn.commit()\n",
    "    cur.close()\n",
    "    conn.close()\n",
    "\n",
    "reset_db()\n",
    "print(\"Tabela assentos pronta.\")\n"
   ]
  },
  {
   "cell_type": "markdown",
   "id": "1252fc44",
   "metadata": {},
   "source": [
    "### Tarefa 17 – Código das Versões A e B"
   ]
  },
  {
   "cell_type": "markdown",
   "id": "06bf2782",
   "metadata": {},
   "source": [
    "Versão A - Uma única transação"
   ]
  },
  {
   "cell_type": "code",
   "execution_count": 26,
   "id": "3f314f01",
   "metadata": {},
   "outputs": [],
   "source": [
    "def reserva_versaoA(isolation_level):\n",
    "\n",
    "    conn = psycopg2.connect(**DB_CONFIG)\n",
    "    conn.set_session(isolation_level=isolation_level)\n",
    "    cur = conn.cursor()\n",
    "\n",
    "    tentativas = 0\n",
    "\n",
    "    while True:\n",
    "        tentativas += 1\n",
    "        try:\n",
    "            # Passo 1 — escolher 1 assento livre e BLOQUEAR apenas ele\n",
    "            cur.execute(\"\"\"\n",
    "                SELECT num_voo \n",
    "                FROM assentos \n",
    "                WHERE disp = true \n",
    "                ORDER BY random()\n",
    "                LIMIT 1\n",
    "                FOR UPDATE;\n",
    "            \"\"\")\n",
    "            row = cur.fetchone()\n",
    "\n",
    "            # Nenhum assento livre → fim\n",
    "            if not row:\n",
    "                conn.rollback()\n",
    "                break\n",
    "\n",
    "            escolhido = row[0]\n",
    "\n",
    "            # Passo 2 — espera de 1s (cliente escolhendo)\n",
    "            time.sleep(1)\n",
    "\n",
    "            # Passo 3 — marcar como ocupado\n",
    "            cur.execute(\"\"\"\n",
    "                UPDATE assentos \n",
    "                SET disp = false \n",
    "                WHERE num_voo = %s;\n",
    "            \"\"\", (escolhido,))\n",
    "\n",
    "            conn.commit()\n",
    "            break  # reserva feita com sucesso\n",
    "\n",
    "        except psycopg2.errors.SerializationFailure:\n",
    "            # conflitos serializáveis → tentar de novo\n",
    "            conn.rollback()\n",
    "            continue\n",
    "\n",
    "        except psycopg2.Error as e:\n",
    "            # erros inesperados devem ser reportados\n",
    "            conn.rollback()\n",
    "            print(\"Erro inesperado na versão A:\", e)\n",
    "            break\n",
    "\n",
    "    cur.close()\n",
    "    conn.close()\n",
    "    return tentativas\n"
   ]
  },
  {
   "cell_type": "markdown",
   "id": "48836f96",
   "metadata": {},
   "source": [
    "Versão b - Duas transações"
   ]
  },
  {
   "cell_type": "code",
   "execution_count": 27,
   "id": "05728698",
   "metadata": {},
   "outputs": [],
   "source": [
    "def reserva_versaoB(isolation_level):\n",
    "\n",
    "    tentativas = 0\n",
    "\n",
    "    while True:\n",
    "        tentativas += 1\n",
    "\n",
    "        try:\n",
    "            # ================================\n",
    "            # TRANSAÇÃO 1: obter 1 assento livre\n",
    "            # ================================\n",
    "            conn1 = psycopg2.connect(**DB_CONFIG)\n",
    "            conn1.set_session(isolation_level=isolation_level)\n",
    "            cur1 = conn1.cursor()\n",
    "\n",
    "            cur1.execute(\"\"\"\n",
    "                SELECT num_voo \n",
    "                FROM assentos \n",
    "                WHERE disp = true \n",
    "                ORDER BY random()\n",
    "                LIMIT 1;\n",
    "            \"\"\")\n",
    "\n",
    "            row = cur1.fetchone()\n",
    "\n",
    "            if not row:\n",
    "                conn1.commit()\n",
    "                conn1.close()\n",
    "                break  # nenhum assento disponível\n",
    "\n",
    "            escolhido = row[0]\n",
    "\n",
    "            conn1.commit()\n",
    "            conn1.close()\n",
    "\n",
    "            # ================================\n",
    "            # PASSO 2 — escolha do cliente\n",
    "            # ================================\n",
    "            time.sleep(1)\n",
    "\n",
    "            # ================================\n",
    "            # TRANSAÇÃO 2: tentar reservar\n",
    "            # ================================\n",
    "            conn2 = psycopg2.connect(**DB_CONFIG)\n",
    "            conn2.set_session(isolation_level=isolation_level)\n",
    "            cur2 = conn2.cursor()\n",
    "\n",
    "            cur2.execute(\"\"\"\n",
    "                UPDATE assentos\n",
    "                SET disp = false\n",
    "                WHERE num_voo = %s AND disp = true;\n",
    "            \"\"\", (escolhido,))\n",
    "\n",
    "            if cur2.rowcount == 1:\n",
    "                conn2.commit()\n",
    "                conn2.close()\n",
    "                break  # reserva concluída\n",
    "            else:\n",
    "                conn2.rollback()\n",
    "                conn2.close()\n",
    "                continue  # alguém já pegou → tentar novamente\n",
    "\n",
    "        except psycopg2.errors.SerializationFailure:\n",
    "            # conflito serializável → repetir tentativa\n",
    "            continue\n",
    "\n",
    "        except Exception as e:\n",
    "            # erro inesperado → reportar e quebrar\n",
    "            print(\"Erro inesperado na versão B:\", e)\n",
    "            break\n",
    "\n",
    "    return tentativas\n"
   ]
  },
  {
   "cell_type": "markdown",
   "id": "ccd4b561",
   "metadata": {},
   "source": [
    "### Tarefa 18 – Executar experimentos e gerar gráficos"
   ]
  },
  {
   "cell_type": "code",
   "execution_count": null,
   "id": "3ac39de5",
   "metadata": {},
   "outputs": [],
   "source": [
    "import time\n",
    "import threading\n",
    "import matplotlib.pyplot as plt\n",
    "import numpy as np\n",
    "\n",
    "# k usados no experimento\n",
    "k_values = [1, 2, 4, 6, 8, 10]\n",
    "\n",
    "# estrutura para armazenar os tempos de cada experimento\n",
    "resultados = {\n",
    "    \"A_READ_COMMITTED\": [],\n",
    "    \"A_SERIALIZABLE\": [],\n",
    "    \"B_READ_COMMITTED\": [],\n",
    "    \"B_SERIALIZABLE\": []\n",
    "}\n",
    "\n",
    "estatisticas_tentativas = []\n",
    "\n",
    "def executar_experimento(k, versao_func, isolation_level, num_clientes=200):\n",
    "    \"\"\"\n",
    "    Executa um experimento com:\n",
    "    - k threads (agentes de viagem)\n",
    "    - num_clientes clientes (default = 200)\n",
    "    - versao_func: reserva_versaoA ou reserva_versaoB\n",
    "    - isolation_level: 'READ COMMITTED' ou 'SERIALIZABLE'\n",
    "\n",
    "    Retorna:\n",
    "        tempo_total (float),\n",
    "        tentativas_total (lista de tentativas por cliente),\n",
    "        estatisticas (dict com Min, Max, Média)\n",
    "    \"\"\"\n",
    "\n",
    "    # Começa sempre com a tabela de 200 assentos livres\n",
    "    reset_db()\n",
    "\n",
    "    inicio = time.time()\n",
    "    tentativas_total = []\n",
    "\n",
    "    contador = {\"cliente\": 0}\n",
    "    lock = threading.Lock()\n",
    "\n",
    "    def worker():\n",
    "        while True:\n",
    "            # pegar \"um cliente\" para esta thread\n",
    "            with lock:\n",
    "                if contador[\"cliente\"] >= num_clientes:\n",
    "                    return\n",
    "                contador[\"cliente\"] += 1\n",
    "\n",
    "            # atende um cliente (uma reserva completa)\n",
    "            tentativas = versao_func(isolation_level)\n",
    "            tentativas_total.append(tentativas)\n",
    "\n",
    "    # cria k threads/agentes\n",
    "    threads = [threading.Thread(target=worker) for _ in range(k)]\n",
    "\n",
    "    # inicia e aguarda todas\n",
    "    for t in threads:\n",
    "        t.start()\n",
    "    for t in threads:\n",
    "        t.join()\n",
    "\n",
    "    tempo_total = time.time() - inicio\n",
    "\n",
    "    # ---- estatísticas das tentativas ----\n",
    "    arr = np.array(tentativas_total)\n",
    "    estatisticas = {\n",
    "        \"Min\": arr.min(),\n",
    "        \"Max\": arr.max(),\n",
    "        \"Média\": arr.mean()\n",
    "    }\n",
    "\n",
    "    return tempo_total, tentativas_total, estatisticas\n",
    "\n"
   ]
  },
  {
   "cell_type": "markdown",
   "id": "7ffa8045",
   "metadata": {},
   "source": [
    "Executar Experimentos"
   ]
  },
  {
   "cell_type": "code",
   "execution_count": null,
   "id": "bab3752a",
   "metadata": {},
   "outputs": [],
   "source": [
    "for k in k_values:\n",
    "    # Versão A - Read Committed\n",
    "    t, tent, stats = executar_experimento(k, reserva_versaoA, \"READ COMMITTED\")\n",
    "    resultados[\"A_READ_COMMITTED\"].append(t)\n",
    "\n",
    "    estatisticas_tentativas.append({\n",
    "        \"k\": k,\n",
    "        \"Versão\": \"A\",\n",
    "        \"Isolamento\": \"READ COMMITTED\",\n",
    "        \"Min\": stats[\"Min\"],\n",
    "        \"Max\": stats[\"Max\"],\n",
    "        \"Média\": stats[\"Média\"]\n",
    "    })\n"
   ]
  },
  {
   "cell_type": "code",
   "execution_count": null,
   "id": "d4cc17b9",
   "metadata": {},
   "outputs": [],
   "source": [
    "for k in k_values:\n",
    "    # Versão A - Serializable\n",
    "    t, tent, stats = executar_experimento(k, reserva_versaoA, \"SERIALIZABLE\")\n",
    "    resultados[\"A_SERIALIZABLE\"].append(t)\n",
    "\n",
    "    estatisticas_tentativas.append({\n",
    "        \"k\": k,\n",
    "        \"Versão\": \"A\",\n",
    "        \"Isolamento\": \"SERIALIZABLE\",\n",
    "        \"Min\": stats[\"Min\"],\n",
    "        \"Max\": stats[\"Max\"],\n",
    "        \"Média\": stats[\"Média\"]\n",
    "    })\n"
   ]
  },
  {
   "cell_type": "code",
   "execution_count": null,
   "id": "23d91c76",
   "metadata": {},
   "outputs": [],
   "source": [
    "for k in k_values:\n",
    "    # Versão B - Read Committed\n",
    "    t, tent, stats = executar_experimento(k, reserva_versaoB, \"READ COMMITTED\")\n",
    "    resultados[\"B_READ_COMMITTED\"].append(t)\n",
    "\n",
    "    estatisticas_tentativas.append({\n",
    "        \"k\": k,\n",
    "        \"Versão\": \"B\",\n",
    "        \"Isolamento\": \"READ COMMITTED\",\n",
    "        \"Min\": stats[\"Min\"],\n",
    "        \"Max\": stats[\"Max\"],\n",
    "        \"Média\": stats[\"Média\"]\n",
    "    })\n"
   ]
  },
  {
   "cell_type": "code",
   "execution_count": null,
   "id": "a5944f38",
   "metadata": {},
   "outputs": [],
   "source": [
    "for k in k_values:\n",
    "    # Versão B - Serializable\n",
    "    t, tent, stats = executar_experimento(k, reserva_versaoB, \"SERIALIZABLE\")\n",
    "    resultados[\"B_SERIALIZABLE\"].append(t)\n",
    "\n",
    "    estatisticas_tentativas.append({\n",
    "        \"k\": k,\n",
    "        \"Versão\": \"B\",\n",
    "        \"Isolamento\": \"SERIALIZABLE\",\n",
    "        \"Min\": stats[\"Min\"],\n",
    "        \"Max\": stats[\"Max\"],\n",
    "        \"Média\": stats[\"Média\"]\n",
    "    })\n"
   ]
  },
  {
   "cell_type": "markdown",
   "id": "947726c0",
   "metadata": {},
   "source": [
    "Gerar Gráficos"
   ]
  },
  {
   "cell_type": "code",
   "execution_count": null,
   "id": "835209e3",
   "metadata": {},
   "outputs": [],
   "source": [
    "def gerar_grafico(nome, valores, titulo):\n",
    "    plt.figure(figsize=(8,5))\n",
    "    plt.plot(k_values, valores, marker='o')\n",
    "    plt.xlabel(\"Número de agentes (k)\")\n",
    "    plt.ylabel(\"Tempo total (s)\")\n",
    "    plt.title(titulo)\n",
    "    plt.grid(True)\n",
    "\n",
    "    # Range fixo para facilitar comparação entre gráficos \n",
    "    plt.ylim(0, 300)  \n",
    "\n",
    "    plt.show()\n",
    "\n",
    "\n",
    "gerar_grafico(\n",
    "    \"A_READ_COMMITTED\",\n",
    "    resultados[\"A_READ_COMMITTED\"],\n",
    "    \"Versão A – Read Committed\"\n",
    ")\n",
    "\n",
    "gerar_grafico(\n",
    "    \"A_SERIALIZABLE\",\n",
    "    resultados[\"A_SERIALIZABLE\"],\n",
    "    \"Versão A – Serializable\"\n",
    ")\n",
    "\n",
    "gerar_grafico(\n",
    "    \"B_READ_COMMITTED\",\n",
    "    resultados[\"B_READ_COMMITTED\"],\n",
    "    \"Versão B – Read Committed\"\n",
    ")\n",
    "\n",
    "gerar_grafico(\n",
    "    \"B_SERIALIZABLE\",\n",
    "    resultados[\"B_SERIALIZABLE\"],\n",
    "    \"Versão B – Serializable\"\n",
    ")\n"
   ]
  },
  {
   "cell_type": "markdown",
   "id": "24ea69ca",
   "metadata": {},
   "source": [
    "### Tarefa 19 — Tabela de tentativas"
   ]
  },
  {
   "cell_type": "code",
   "execution_count": null,
   "id": "549d1016",
   "metadata": {},
   "outputs": [],
   "source": [
    "import pandas as pd\n",
    "\n",
    "# Criar DataFrame final\n",
    "df_tentativas = pd.DataFrame(estatisticas_tentativas)\n",
    "\n",
    "# Ordenar \n",
    "df_tentativas = df_tentativas.sort_values(by=[\"Versão\", \"Isolamento\", \"k\"])\n",
    "\n",
    "df_tentativas\n"
   ]
  },
  {
   "cell_type": "markdown",
   "id": "26f3efc7",
   "metadata": {},
   "source": [
    "### Tarefa 20 - Análise dos Resultados\n",
    "\n",
    "\n"
   ]
  },
  {
   "cell_type": "markdown",
   "id": "aabed156",
   "metadata": {},
   "source": [
    "1. Versão A — Read Committed\n",
    "\n",
    "Na versão A com Read Committed, todos os clientes concluíram a reserva sempre na primeira tentativa.\n",
    "\n",
    "(Min = Max = Média = 1)\n",
    "\n",
    "Isso ocorre porque:\n",
    "\n",
    "- A leitura, a espera de 1 segundo e a escrita são executadas dentro de uma única transação.\n",
    "\n",
    "- No nível Read Committed, a leitura não é bloqueada e o SGBD não precisa garantir serialização global.\n",
    "\n",
    "- Conflitos reais só acontecem na escrita, e a chance de dois agentes reservarem o mesmo assento simultaneamente é baixa.\n",
    "\n",
    "*Conclusão*: desempenho estável, sem retrabalho e tempos compatíveis com o aumento de k.\n"
   ]
  },
  {
   "cell_type": "markdown",
   "id": "e36605ec",
   "metadata": {},
   "source": [
    "2. Versão A — Serializable\n",
    "\n",
    "Este foi o cenário mais custoso da simulação. O número de tentativas aumentou significativamente conforme k cresceu, chegando a até 8 retries.\n",
    "\n",
    "Motivos:\n",
    "\n",
    "- O nível Serializable exige que a transação inteira seja equivalente a uma execução isolada.\n",
    "\n",
    "- A versão A mantém a transação aberta durante o tempo de espera de 1 segundo, aumentando a janela crítica.\n",
    "\n",
    "- Vários agentes leem o mesmo estado dos assentos e tentam reservar posições semelhantes.\n",
    "\n",
    "- O PostgreSQL detecta conflitos de serialização (como phantom reads e write-write conflicts) e aborta transações, obrigando novas tentativas.\n",
    "\n",
    "*Conclusão:* alta contenção, muitos abortos de transação e pior desempenho entre todas as combinações."
   ]
  },
  {
   "cell_type": "markdown",
   "id": "86ced971",
   "metadata": {},
   "source": [
    "3. Versão B — Read Committed\n",
    "\n",
    "A versão B apresentou apenas uma tentativa por cliente em todos os valores de k.\n",
    "\n",
    "Isso acontece porque:\n",
    "\n",
    "- A leitura e a escrita acontecem em transações separadas, ambas muito curtas.\n",
    "\n",
    "- O tempo de espera de 1 segundo ocorre fora de qualquer transação, reduzindo drasticamente a chance de conflito.\n",
    "\n",
    "- A escrita é rápida o suficiente para não gerar bloqueios significativos.\n",
    "\n",
    "*Conclusão:* excelente desempenho e nenhuma tentativa extra, mesmo com alta concorrência."
   ]
  },
  {
   "cell_type": "markdown",
   "id": "7981f0fa",
   "metadata": {},
   "source": [
    "4. Versão B — Serializable\n",
    "\n",
    "Mesmo sob Serializable, a versão B manteve Min = Max = Média = 1.\n",
    "Ou seja, a serialização não gerou overhead significativo.\n",
    "\n",
    "Razões:\n",
    "\n",
    "- Como a transação de escrita é extremamente curta, as chances de conflito são mínimas.\n",
    "\n",
    "- A separação entre leitura e escrita impede phantoms e reduz o risco de abortos.\n",
    "\n",
    "*Conclusão:* comportamento extremamente eficiente, mostrando que a versão B é robusta mesmo no nível de isolamento mais forte."
   ]
  }
 ],
 "metadata": {
  "kernelspec": {
   "display_name": ".venv",
   "language": "python",
   "name": "python3"
  },
  "language_info": {
   "codemirror_mode": {
    "name": "ipython",
    "version": 3
   },
   "file_extension": ".py",
   "mimetype": "text/x-python",
   "name": "python",
   "nbconvert_exporter": "python",
   "pygments_lexer": "ipython3",
   "version": "3.12.3"
  }
 },
 "nbformat": 4,
 "nbformat_minor": 5
}
