{
 "cells": [
  {
   "cell_type": "markdown",
   "id": "a0cc7dd7",
   "metadata": {},
   "source": [
    "# Introdução à Banco de Dados | Trabalho Prático III\n",
    "Abel Severo Rocha, Ana Carla Fernandes, Natasha Caxias\n",
    "\n",
    "Prof. Dr. Altigran Soares da Silva"
   ]
  },
  {
   "cell_type": "markdown",
   "id": "f61a0749",
   "metadata": {},
   "source": [
    "## Parte I\n",
    "Verificação dos parâmetros do hardware e do software utilizado e familiarização com o ambiente do PostgreSQL."
   ]
  },
  {
   "cell_type": "markdown",
   "id": "78568dea",
   "metadata": {},
   "source": [
    "### Tarefa 1 - Identificação do Sistema"
   ]
  },
  {
   "cell_type": "code",
   "execution_count": 2,
   "id": "26ea43b7",
   "metadata": {},
   "outputs": [
    {
     "name": "stdout",
     "output_type": "stream",
     "text": [
      "Defaulting to user installation because normal site-packages is not writeable\n",
      "Requirement already satisfied: psycopg2-binary in /home/icomp/.local/lib/python3.10/site-packages (from -r requirements.txt (line 1)) (2.9.11)\n",
      "Requirement already satisfied: pandas in /usr/lib/python3/dist-packages (from -r requirements.txt (line 2)) (1.3.5)\n",
      "Requirement already satisfied: tabulate in /home/icomp/.local/lib/python3.10/site-packages (from -r requirements.txt (line 3)) (0.9.0)\n",
      "Requirement already satisfied: mock in /home/icomp/.local/lib/python3.10/site-packages (from -r requirements.txt (line 4)) (5.2.0)\n",
      "Requirement already satisfied: numpy in /usr/lib/python3/dist-packages (from -r requirements.txt (line 5)) (1.21.5)\n",
      "Requirement already satisfied: matplotlib in /usr/lib/python3/dist-packages (from -r requirements.txt (line 6)) (3.5.1)\n",
      "Requirement already satisfied: matplotlib-inline in /usr/lib/python3/dist-packages (from -r requirements.txt (line 7)) (0.1.3)\n",
      "Requirement already satisfied: jupyter in /home/icomp/.local/lib/python3.10/site-packages (from -r requirements.txt (line 8)) (1.1.1)\n",
      "Requirement already satisfied: notebook in /usr/lib/python3/dist-packages (from jupyter->-r requirements.txt (line 8)) (6.4.8)\n",
      "Requirement already satisfied: nbconvert in /home/icomp/.local/lib/python3.10/site-packages (from jupyter->-r requirements.txt (line 8)) (7.16.6)\n",
      "Requirement already satisfied: jupyterlab in /home/icomp/.local/lib/python3.10/site-packages (from jupyter->-r requirements.txt (line 8)) (4.5.0)\n",
      "Requirement already satisfied: ipywidgets in /usr/lib/python3/dist-packages (from jupyter->-r requirements.txt (line 8)) (6.0.0)\n",
      "Requirement already satisfied: jupyter-console in /home/icomp/.local/lib/python3.10/site-packages (from jupyter->-r requirements.txt (line 8)) (6.6.3)\n",
      "Requirement already satisfied: ipykernel in /home/icomp/.local/lib/python3.10/site-packages (from jupyter->-r requirements.txt (line 8)) (7.1.0)\n",
      "Requirement already satisfied: comm>=0.1.1 in /home/icomp/.local/lib/python3.10/site-packages (from ipykernel->jupyter->-r requirements.txt (line 8)) (0.2.3)\n",
      "Requirement already satisfied: jupyter-core!=5.0.*,>=4.12 in /home/icomp/.local/lib/python3.10/site-packages (from ipykernel->jupyter->-r requirements.txt (line 8)) (5.9.1)\n",
      "Requirement already satisfied: pyzmq>=25 in /home/icomp/.local/lib/python3.10/site-packages (from ipykernel->jupyter->-r requirements.txt (line 8)) (27.1.0)\n",
      "Requirement already satisfied: jupyter-client>=8.0.0 in /home/icomp/.local/lib/python3.10/site-packages (from ipykernel->jupyter->-r requirements.txt (line 8)) (8.6.3)\n",
      "Requirement already satisfied: debugpy>=1.6.5 in /home/icomp/.local/lib/python3.10/site-packages (from ipykernel->jupyter->-r requirements.txt (line 8)) (1.8.17)\n",
      "Requirement already satisfied: packaging>=22 in /home/icomp/.local/lib/python3.10/site-packages (from ipykernel->jupyter->-r requirements.txt (line 8)) (25.0)\n",
      "Requirement already satisfied: tornado>=6.2 in /home/icomp/.local/lib/python3.10/site-packages (from ipykernel->jupyter->-r requirements.txt (line 8)) (6.5.2)\n",
      "Requirement already satisfied: ipython>=7.23.1 in /usr/lib/python3/dist-packages (from ipykernel->jupyter->-r requirements.txt (line 8)) (7.31.1)\n",
      "Requirement already satisfied: psutil>=5.7 in /usr/lib/python3/dist-packages (from ipykernel->jupyter->-r requirements.txt (line 8)) (5.9.0)\n",
      "Requirement already satisfied: nest-asyncio>=1.4 in /usr/lib/python3/dist-packages (from ipykernel->jupyter->-r requirements.txt (line 8)) (1.5.4)\n",
      "Requirement already satisfied: traitlets>=5.4.0 in /home/icomp/.local/lib/python3.10/site-packages (from ipykernel->jupyter->-r requirements.txt (line 8)) (5.14.3)\n",
      "Requirement already satisfied: prompt-toolkit>=3.0.30 in /home/icomp/.local/lib/python3.10/site-packages (from jupyter-console->jupyter->-r requirements.txt (line 8)) (3.0.52)\n",
      "Requirement already satisfied: pygments in /usr/lib/python3/dist-packages (from jupyter-console->jupyter->-r requirements.txt (line 8)) (2.11.2)\n",
      "Requirement already satisfied: jupyterlab-server<3,>=2.28.0 in /home/icomp/.local/lib/python3.10/site-packages (from jupyterlab->jupyter->-r requirements.txt (line 8)) (2.28.0)\n",
      "Requirement already satisfied: tomli>=1.2.2 in /usr/lib/python3/dist-packages (from jupyterlab->jupyter->-r requirements.txt (line 8)) (1.2.2)\n",
      "Requirement already satisfied: jinja2>=3.0.3 in /usr/lib/python3/dist-packages (from jupyterlab->jupyter->-r requirements.txt (line 8)) (3.0.3)\n",
      "Requirement already satisfied: async-lru>=1.0.0 in /home/icomp/.local/lib/python3.10/site-packages (from jupyterlab->jupyter->-r requirements.txt (line 8)) (2.0.5)\n",
      "Requirement already satisfied: httpx<1,>=0.25.0 in /home/icomp/.local/lib/python3.10/site-packages (from jupyterlab->jupyter->-r requirements.txt (line 8)) (0.28.1)\n",
      "Requirement already satisfied: notebook-shim>=0.2 in /home/icomp/.local/lib/python3.10/site-packages (from jupyterlab->jupyter->-r requirements.txt (line 8)) (0.2.4)\n",
      "Requirement already satisfied: setuptools>=41.1.0 in /usr/lib/python3/dist-packages (from jupyterlab->jupyter->-r requirements.txt (line 8)) (59.6.0)\n",
      "Requirement already satisfied: jupyter-lsp>=2.0.0 in /home/icomp/.local/lib/python3.10/site-packages (from jupyterlab->jupyter->-r requirements.txt (line 8)) (2.3.0)\n",
      "Requirement already satisfied: jupyter-server<3,>=2.4.0 in /home/icomp/.local/lib/python3.10/site-packages (from jupyterlab->jupyter->-r requirements.txt (line 8)) (2.17.0)\n",
      "Requirement already satisfied: bleach[css]!=5.0.0 in /usr/lib/python3/dist-packages (from nbconvert->jupyter->-r requirements.txt (line 8)) (4.1.0)\n",
      "Requirement already satisfied: pandocfilters>=1.4.1 in /usr/lib/python3/dist-packages (from nbconvert->jupyter->-r requirements.txt (line 8)) (1.5.0)\n",
      "Requirement already satisfied: defusedxml in /usr/lib/python3/dist-packages (from nbconvert->jupyter->-r requirements.txt (line 8)) (0.7.1)\n",
      "Requirement already satisfied: jupyterlab-pygments in /usr/lib/python3/dist-packages (from nbconvert->jupyter->-r requirements.txt (line 8)) (0.1.2)\n",
      "Requirement already satisfied: markupsafe>=2.0 in /usr/lib/python3/dist-packages (from nbconvert->jupyter->-r requirements.txt (line 8)) (2.0.1)\n",
      "Requirement already satisfied: nbclient>=0.5.0 in /usr/lib/python3/dist-packages (from nbconvert->jupyter->-r requirements.txt (line 8)) (0.5.6)\n",
      "Requirement already satisfied: nbformat>=5.7 in /home/icomp/.local/lib/python3.10/site-packages (from nbconvert->jupyter->-r requirements.txt (line 8)) (5.10.4)\n",
      "Requirement already satisfied: mistune<4,>=2.0.3 in /home/icomp/.local/lib/python3.10/site-packages (from nbconvert->jupyter->-r requirements.txt (line 8)) (3.1.4)\n",
      "Requirement already satisfied: beautifulsoup4 in /usr/lib/python3/dist-packages (from nbconvert->jupyter->-r requirements.txt (line 8)) (4.10.0)\n",
      "Requirement already satisfied: typing_extensions>=4.0.0 in /home/icomp/.local/lib/python3.10/site-packages (from async-lru>=1.0.0->jupyterlab->jupyter->-r requirements.txt (line 8)) (4.13.2)\n",
      "\u001b[33mWARNING: bleach 4.1.0 does not provide the extra 'css'\u001b[0m\u001b[33m\n",
      "\u001b[0mRequirement already satisfied: certifi in /usr/lib/python3/dist-packages (from httpx<1,>=0.25.0->jupyterlab->jupyter->-r requirements.txt (line 8)) (2020.6.20)\n",
      "Requirement already satisfied: anyio in /home/icomp/.local/lib/python3.10/site-packages (from httpx<1,>=0.25.0->jupyterlab->jupyter->-r requirements.txt (line 8)) (4.11.0)\n",
      "Requirement already satisfied: httpcore==1.* in /home/icomp/.local/lib/python3.10/site-packages (from httpx<1,>=0.25.0->jupyterlab->jupyter->-r requirements.txt (line 8)) (1.0.9)\n",
      "Requirement already satisfied: idna in /usr/lib/python3/dist-packages (from httpx<1,>=0.25.0->jupyterlab->jupyter->-r requirements.txt (line 8)) (3.3)\n",
      "Requirement already satisfied: h11>=0.16 in /home/icomp/.local/lib/python3.10/site-packages (from httpcore==1.*->httpx<1,>=0.25.0->jupyterlab->jupyter->-r requirements.txt (line 8)) (0.16.0)\n",
      "Requirement already satisfied: python-dateutil>=2.8.2 in /home/icomp/.local/lib/python3.10/site-packages (from jupyter-client>=8.0.0->ipykernel->jupyter->-r requirements.txt (line 8)) (2.9.0.post0)\n",
      "Requirement already satisfied: platformdirs>=2.5 in /usr/lib/python3/dist-packages (from jupyter-core!=5.0.*,>=4.12->ipykernel->jupyter->-r requirements.txt (line 8)) (2.5.1)\n",
      "Requirement already satisfied: argon2-cffi>=21.1 in /usr/lib/python3/dist-packages (from jupyter-server<3,>=2.4.0->jupyterlab->jupyter->-r requirements.txt (line 8)) (21.1.0)\n",
      "Requirement already satisfied: prometheus-client>=0.9 in /usr/lib/python3/dist-packages (from jupyter-server<3,>=2.4.0->jupyterlab->jupyter->-r requirements.txt (line 8)) (0.9.0)\n",
      "Requirement already satisfied: overrides>=5.0 in /home/icomp/.local/lib/python3.10/site-packages (from jupyter-server<3,>=2.4.0->jupyterlab->jupyter->-r requirements.txt (line 8)) (7.7.0)\n",
      "Requirement already satisfied: send2trash>=1.8.2 in /home/icomp/.local/lib/python3.10/site-packages (from jupyter-server<3,>=2.4.0->jupyterlab->jupyter->-r requirements.txt (line 8)) (1.8.3)\n",
      "Requirement already satisfied: terminado>=0.8.3 in /usr/lib/python3/dist-packages (from jupyter-server<3,>=2.4.0->jupyterlab->jupyter->-r requirements.txt (line 8)) (0.13.1)\n",
      "Requirement already satisfied: jupyter-server-terminals>=0.4.4 in /home/icomp/.local/lib/python3.10/site-packages (from jupyter-server<3,>=2.4.0->jupyterlab->jupyter->-r requirements.txt (line 8)) (0.5.3)\n",
      "Requirement already satisfied: jupyter-events>=0.11.0 in /home/icomp/.local/lib/python3.10/site-packages (from jupyter-server<3,>=2.4.0->jupyterlab->jupyter->-r requirements.txt (line 8)) (0.12.0)\n",
      "Requirement already satisfied: websocket-client>=1.7 in /home/icomp/.local/lib/python3.10/site-packages (from jupyter-server<3,>=2.4.0->jupyterlab->jupyter->-r requirements.txt (line 8)) (1.9.0)\n",
      "Requirement already satisfied: json5>=0.9.0 in /home/icomp/.local/lib/python3.10/site-packages (from jupyterlab-server<3,>=2.28.0->jupyterlab->jupyter->-r requirements.txt (line 8)) (0.12.1)\n",
      "Requirement already satisfied: requests>=2.31 in /home/icomp/.local/lib/python3.10/site-packages (from jupyterlab-server<3,>=2.28.0->jupyterlab->jupyter->-r requirements.txt (line 8)) (2.32.3)\n",
      "Requirement already satisfied: babel>=2.10 in /home/icomp/.local/lib/python3.10/site-packages (from jupyterlab-server<3,>=2.28.0->jupyterlab->jupyter->-r requirements.txt (line 8)) (2.17.0)\n",
      "Requirement already satisfied: jsonschema>=4.18.0 in /home/icomp/.local/lib/python3.10/site-packages (from jupyterlab-server<3,>=2.28.0->jupyterlab->jupyter->-r requirements.txt (line 8)) (4.25.1)\n",
      "Requirement already satisfied: fastjsonschema>=2.15 in /home/icomp/.local/lib/python3.10/site-packages (from nbformat>=5.7->nbconvert->jupyter->-r requirements.txt (line 8)) (2.21.2)\n",
      "Requirement already satisfied: wcwidth in /usr/lib/python3/dist-packages (from prompt-toolkit>=3.0.30->jupyter-console->jupyter->-r requirements.txt (line 8)) (0.2.5)\n",
      "Requirement already satisfied: exceptiongroup>=1.0.2 in /home/icomp/.local/lib/python3.10/site-packages (from anyio->httpx<1,>=0.25.0->jupyterlab->jupyter->-r requirements.txt (line 8)) (1.3.1)\n",
      "Requirement already satisfied: sniffio>=1.1 in /home/icomp/.local/lib/python3.10/site-packages (from anyio->httpx<1,>=0.25.0->jupyterlab->jupyter->-r requirements.txt (line 8)) (1.3.1)\n",
      "Requirement already satisfied: referencing>=0.28.4 in /home/icomp/.local/lib/python3.10/site-packages (from jsonschema>=4.18.0->jupyterlab-server<3,>=2.28.0->jupyterlab->jupyter->-r requirements.txt (line 8)) (0.37.0)\n",
      "Requirement already satisfied: attrs>=22.2.0 in /home/icomp/.local/lib/python3.10/site-packages (from jsonschema>=4.18.0->jupyterlab-server<3,>=2.28.0->jupyterlab->jupyter->-r requirements.txt (line 8)) (25.4.0)\n",
      "Requirement already satisfied: jsonschema-specifications>=2023.03.6 in /home/icomp/.local/lib/python3.10/site-packages (from jsonschema>=4.18.0->jupyterlab-server<3,>=2.28.0->jupyterlab->jupyter->-r requirements.txt (line 8)) (2025.9.1)\n",
      "Requirement already satisfied: rpds-py>=0.7.1 in /home/icomp/.local/lib/python3.10/site-packages (from jsonschema>=4.18.0->jupyterlab-server<3,>=2.28.0->jupyterlab->jupyter->-r requirements.txt (line 8)) (0.29.0)\n",
      "Requirement already satisfied: python-json-logger>=2.0.4 in /home/icomp/.local/lib/python3.10/site-packages (from jupyter-events>=0.11.0->jupyter-server<3,>=2.4.0->jupyterlab->jupyter->-r requirements.txt (line 8)) (4.0.0)\n",
      "Requirement already satisfied: pyyaml>=5.3 in /usr/lib/python3/dist-packages (from jupyter-events>=0.11.0->jupyter-server<3,>=2.4.0->jupyterlab->jupyter->-r requirements.txt (line 8)) (5.4.1)\n",
      "Requirement already satisfied: rfc3986-validator>=0.1.1 in /home/icomp/.local/lib/python3.10/site-packages (from jupyter-events>=0.11.0->jupyter-server<3,>=2.4.0->jupyterlab->jupyter->-r requirements.txt (line 8)) (0.1.1)\n",
      "Requirement already satisfied: rfc3339-validator in /home/icomp/.local/lib/python3.10/site-packages (from jupyter-events>=0.11.0->jupyter-server<3,>=2.4.0->jupyterlab->jupyter->-r requirements.txt (line 8)) (0.1.4)\n",
      "Requirement already satisfied: six>=1.5 in /usr/lib/python3/dist-packages (from python-dateutil>=2.8.2->jupyter-client>=8.0.0->ipykernel->jupyter->-r requirements.txt (line 8)) (1.16.0)\n",
      "Requirement already satisfied: urllib3<3,>=1.21.1 in /usr/lib/python3/dist-packages (from requests>=2.31->jupyterlab-server<3,>=2.28.0->jupyterlab->jupyter->-r requirements.txt (line 8)) (1.26.5)\n",
      "Requirement already satisfied: charset-normalizer<4,>=2 in /home/icomp/.local/lib/python3.10/site-packages (from requests>=2.31->jupyterlab-server<3,>=2.28.0->jupyterlab->jupyter->-r requirements.txt (line 8)) (3.4.1)\n",
      "Requirement already satisfied: webcolors>=24.6.0 in /home/icomp/.local/lib/python3.10/site-packages (from jsonschema>=4.18.0->jupyterlab-server<3,>=2.28.0->jupyterlab->jupyter->-r requirements.txt (line 8)) (25.10.0)\n",
      "Requirement already satisfied: jsonpointer>1.13 in /home/icomp/.local/lib/python3.10/site-packages (from jsonschema>=4.18.0->jupyterlab-server<3,>=2.28.0->jupyterlab->jupyter->-r requirements.txt (line 8)) (3.0.0)\n",
      "Requirement already satisfied: uri-template in /home/icomp/.local/lib/python3.10/site-packages (from jsonschema>=4.18.0->jupyterlab-server<3,>=2.28.0->jupyterlab->jupyter->-r requirements.txt (line 8)) (1.3.0)\n",
      "Requirement already satisfied: fqdn in /home/icomp/.local/lib/python3.10/site-packages (from jsonschema>=4.18.0->jupyterlab-server<3,>=2.28.0->jupyterlab->jupyter->-r requirements.txt (line 8)) (1.5.1)\n",
      "Requirement already satisfied: rfc3987-syntax>=1.1.0 in /home/icomp/.local/lib/python3.10/site-packages (from jsonschema>=4.18.0->jupyterlab-server<3,>=2.28.0->jupyterlab->jupyter->-r requirements.txt (line 8)) (1.1.0)\n",
      "Requirement already satisfied: isoduration in /home/icomp/.local/lib/python3.10/site-packages (from jsonschema>=4.18.0->jupyterlab-server<3,>=2.28.0->jupyterlab->jupyter->-r requirements.txt (line 8)) (20.11.0)\n",
      "Requirement already satisfied: lark>=1.2.2 in /home/icomp/.local/lib/python3.10/site-packages (from rfc3987-syntax>=1.1.0->jsonschema>=4.18.0->jupyterlab-server<3,>=2.28.0->jupyterlab->jupyter->-r requirements.txt (line 8)) (1.3.1)\n",
      "Requirement already satisfied: arrow>=0.15.0 in /home/icomp/.local/lib/python3.10/site-packages (from isoduration->jsonschema>=4.18.0->jupyterlab-server<3,>=2.28.0->jupyterlab->jupyter->-r requirements.txt (line 8)) (1.4.0)\n",
      "Requirement already satisfied: tzdata in /home/icomp/.local/lib/python3.10/site-packages (from arrow>=0.15.0->isoduration->jsonschema>=4.18.0->jupyterlab-server<3,>=2.28.0->jupyterlab->jupyter->-r requirements.txt (line 8)) (2025.2)\n"
     ]
    }
   ],
   "source": [
    "! pip install -r requirements.txt"
   ]
  },
  {
   "cell_type": "code",
   "execution_count": 3,
   "id": "ca6601b9",
   "metadata": {},
   "outputs": [],
   "source": [
    "import platform\n",
    "import time\n",
    "import random\n",
    "import threading\n",
    "import matplotlib.pyplot as plt\n",
    "import threading\n",
    "import os\n",
    "import shutil\n",
    "import subprocess\n",
    "import datetime\n",
    "import psycopg2\n",
    "import pandas as pd\n",
    "from tabulate import tabulate\n",
    "from psycopg2.extras import RealDictCursor\n",
    "from tpch_pgsql import main as tpch_pgsql\n",
    "from tpch4pgsql import postgresqldb as pgdb, result as r"
   ]
  },
  {
   "cell_type": "code",
   "execution_count": 4,
   "id": "b0d100a9",
   "metadata": {},
   "outputs": [],
   "source": [
    "def mostrarSoInfo():\n",
    "    \n",
    "    soInfo = platform.freedesktop_os_release()\n",
    "    print(\"\\n--------- Sistema Operacional (SO) ---------\\n\")\n",
    "    print(\"Sistema Operacional \", platform.system())\n",
    "    print(\"Versão              \", soInfo[\"VERSION\"])\n",
    "    print(\"Release (kernel)    \", platform.release())\n",
    "    print(\"Arquitetura         \", platform.machine())\n",
    "    print(\"Distribuição        \", soInfo[\"NAME\"])\n"
   ]
  },
  {
   "cell_type": "code",
   "execution_count": 5,
   "id": "1fffed5c",
   "metadata": {},
   "outputs": [],
   "source": [
    "def mostrarHardwareInfo():\n",
    "\n",
    "    cpuInfo = {}\n",
    "    with open(\"/proc/cpuinfo\") as f:\n",
    "        for line in f:\n",
    "            if \":\" in line:\n",
    "                k, v = line.split(\":\", 1)\n",
    "                cpuInfo[k.strip()] = v.strip()\n",
    "    \n",
    "    ramInfo = {}\n",
    "    with open(\"/proc/meminfo\") as f:\n",
    "        for line in f:\n",
    "            k, v = line.split(\":\", 1)\n",
    "            ramInfo[k] = v.strip()\n",
    "\n",
    "    print(\"\\n------------- Sobre o Hardware -------------\\n\")\n",
    "    print(\"Processador:\")\n",
    "    print(\"  • Modelo          \", cpuInfo[\"model name\"])\n",
    "    print(\"  • CPUs lógicas    \", os.cpu_count())\n",
    "    print(\"  • Clock base      \", cpuInfo[\"cpu MHz\"], \"MHz\")\n",
    "\n",
    "    print(\"\\nCache:\")\n",
    "    with open(\"/sys/devices/system/cpu/cpu0/cache/index0/size\") as f:\n",
    "        print(\"  • L1d             \", f.read().strip()[:-1]+\" kB\")\n",
    "    with open(\"/sys/devices/system/cpu/cpu0/cache/index1/size\") as f:\n",
    "        print(\"  • L1i             \", f.read().strip()[:-1]+\" kB\")\n",
    "    with open(\"/sys/devices/system/cpu/cpu0/cache/index2/size\") as f:\n",
    "        print(\"  • L2              \", f.read().strip()[:-1]+\" kB\")\n",
    "    with open(\"/sys/devices/system/cpu/cpu0/cache/index3/size\") as f:\n",
    "        print(\"  • L3              \", f.read().strip()[:-1]+\" kB\")\n",
    "\n",
    "    print(\"\\nMemória RAM:\")\n",
    "    print(\"  • Total           \", ramInfo[\"MemTotal\"])\n",
    "    print(\"  • Livre           \", ramInfo[\"MemFree\"])\n",
    "    print(\"  • Disponível      \", ramInfo[\"MemAvailable\"])\n",
    "\n",
    "    total, usado, livre = shutil.disk_usage(\"/\")\n",
    "    print(\"\\nDisco:\")\n",
    "    print(f\"  • Total            {total/1024**3:.2f} GB\")\n",
    "    print(f\"  • Usado            {usado/1024**3:.2f} GB\")\n",
    "    print(f\"  • Livre            {livre/1024**3:.2f} GB\")\n"
   ]
  },
  {
   "cell_type": "code",
   "execution_count": 6,
   "id": "97fa38fe",
   "metadata": {},
   "outputs": [
    {
     "name": "stdout",
     "output_type": "stream",
     "text": [
      "\n",
      "--------- Sistema Operacional (SO) ---------\n",
      "\n",
      "Sistema Operacional  Linux\n",
      "Versão               21.3 (Virginia)\n",
      "Release (kernel)     5.15.0-128-generic\n",
      "Arquitetura          x86_64\n",
      "Distribuição         Linux Mint\n",
      "\n",
      "------------- Sobre o Hardware -------------\n",
      "\n",
      "Processador:\n",
      "  • Modelo           12th Gen Intel(R) Core(TM) i7-12700\n",
      "  • CPUs lógicas     20\n",
      "  • Clock base       2100.000 MHz\n",
      "\n",
      "Cache:\n",
      "  • L1d              48 kB\n",
      "  • L1i              32 kB\n",
      "  • L2               1280 kB\n",
      "  • L3               25600 kB\n",
      "\n",
      "Memória RAM:\n",
      "  • Total            16087492 kB\n",
      "  • Livre            2082516 kB\n",
      "  • Disponível       9979900 kB\n",
      "\n",
      "Disco:\n",
      "  • Total            186.68 GB\n",
      "  • Usado            59.69 GB\n",
      "  • Livre            117.44 GB\n"
     ]
    }
   ],
   "source": [
    "mostrarSoInfo()\n",
    "mostrarHardwareInfo()"
   ]
  },
  {
   "cell_type": "markdown",
   "id": "777d7b9b",
   "metadata": {},
   "source": [
    "### Tarefa 2 - Verificação de parâmetros de armazenamento"
   ]
  },
  {
   "cell_type": "code",
   "execution_count": 7,
   "id": "4741aa14",
   "metadata": {},
   "outputs": [],
   "source": [
    "BASE = \"/sys/block\"\n",
    "\n",
    "def run(cmd):\n",
    "    return subprocess.check_output(cmd, text=True).strip()\n",
    "\n",
    "def getDispositivo():\n",
    "    for dev in os.listdir(BASE):\n",
    "        if dev.startswith((\"loop\", \"ram\", \"dm-\")): # ignora\n",
    "            continue\n",
    "        return dev # encontra dispositivo\n",
    "    return None\n",
    "\n",
    "def ehHD(dispositivo):\n",
    "    rotational_path = os.path.join(BASE, dispositivo, \"queue/rotational\")\n",
    "    \n",
    "    if os.path.exists(rotational_path):\n",
    "        with open(rotational_path) as f:\n",
    "            return f.read().strip() == \"1\"\n",
    "    return False\n",
    "\n",
    "def blocos(dispositivo):\n",
    "    cmd = f\"cat /sys/block/{dispositivo}/queue/logical_block_size\"\n",
    "    print(\"Blocos Lógicos        \", run(cmd.split()))\n",
    "\n",
    "    cmd = f\"cat /sys/block/{dispositivo}/queue/physical_block_size\"\n",
    "    print(\"Blcocos Físicos       \", run(cmd.split()))\n",
    "\n",
    "def stat(dispositivo):\n",
    "    cmd = f\"stat -f /dev/{dispositivo}\"\n",
    "    print(\"\\nParâmetros do SO para o disco (stat):\")\n",
    "    print(run(cmd.split()))\n",
    "\n",
    "def mostrarDiscoInfo():\n",
    "    disp = getDispositivo()\n",
    "    print(\"Tipos de dispositivo  \", \"HD\" if ehHD(disp) else \"SSD\")\n",
    "    cmd = [\"cat\", f\"/sys/block/{disp}/device/model\"]\n",
    "    print(\"Modelo                \", run(cmd))\n",
    "    stat(disp)\n",
    "    print()\n",
    "    blocos(disp)\n",
    "    print()"
   ]
  },
  {
   "cell_type": "code",
   "execution_count": 8,
   "id": "2be8daa8",
   "metadata": {},
   "outputs": [
    {
     "name": "stdout",
     "output_type": "stream",
     "text": [
      "Tipos de dispositivo   SSD\n",
      "Modelo                 PC801 NVMe SK hynix 512GB\n",
      "\n",
      "Parâmetros do SO para o disco (stat):\n",
      "Arquivo: \"/dev/nvme0n1\"\n",
      "     ID: 7aa3d7960af97f6b Comprimento nome: 255     Tipo: tmpfs\n",
      "Tamanho de bloco: 4096       Tamanho fundamental de bloco: 4096\n",
      " Blocos: Total: 1993966    Livres: 1993966    Disponíveis: 1993966\n",
      " Inodes: Total: 1993966    Livres: 1993281\n",
      "\n",
      "Blocos Lógicos         512\n",
      "Blcocos Físicos        512\n",
      "\n"
     ]
    }
   ],
   "source": [
    "mostrarDiscoInfo()"
   ]
  },
  {
   "cell_type": "markdown",
   "id": "0ca523d1",
   "metadata": {},
   "source": [
    "#### Como alterar tamanho dos blocos\n",
    "\n",
    "Só é possível alterar o tamanho dos blocos **recriando o sistema de arquivos** com o comando \n",
    "\n",
    "``sudo mkfs.ext4 -b [tamanho do bloco] /dev/sdXN``"
   ]
  },
  {
   "cell_type": "markdown",
   "id": "c75fe921",
   "metadata": {},
   "source": [
    "#### Espeficiações do modelo\n",
    "\n",
    "\n",
    "* Número de superfícies\n",
    "* Cilindros\n",
    "* Setores por trilha\n",
    "* Velocidade de rotação\n",
    "* Latência rotacional\n",
    "* Tempo de seek\n",
    "    * Mínimo\n",
    "    * Médio\n",
    "    * Máximo\n",
    "* Tempo para próxima trilha\n"
   ]
  },
  {
   "cell_type": "markdown",
   "id": "969797c6",
   "metadata": {},
   "source": [
    "### Tarefa 3 – Geração de um BD para testes"
   ]
  },
  {
   "cell_type": "markdown",
   "id": "0b3051d2",
   "metadata": {},
   "source": [
    "\n",
    "Necessário dar permissão de escrita para a pasta _tpch4pgsql_:\n",
    "\n",
    "``chmod -R u+rwX,g+rwX,o+rX .``"
   ]
  },
  {
   "cell_type": "markdown",
   "id": "51fe2249",
   "metadata": {},
   "source": [
    "#### Preparar\n",
    "A fase de preparação compila o TPC-H dbgen e querygen e cria os arquivos de carga e atualização (atualização/exclusão)."
   ]
  },
  {
   "cell_type": "code",
   "execution_count": 9,
   "id": "5ad2b32e",
   "metadata": {},
   "outputs": [
    {
     "name": "stdout",
     "output_type": "stream",
     "text": [
      "make: Nada a ser feito para 'all'.\n",
      "built dbgen from source\n"
     ]
    },
    {
     "name": "stderr",
     "output_type": "stream",
     "text": [
      "TPC-H Population Generator (Version 2.14.0)\n",
      "Copyright Transaction Processing Performance Council 1994 - 2010\n",
      "Generating data for suppliers table\n",
      "Preloading text ...                                                                                                                                                                                                                                                                                                              1 1 1 1 1 1 1 1 1 1 1 1 1 1 1 1 1 1 1 1 1 1 1 1 1 1 1 1 1 1 1 1 1 1 1 1 1 1 1 1 1 1 1 1 1 1 1 1 1 1 1 1 1 1 1 1 1 1 1 1 1 1 1 1 1 1 1 1 1 1 1 1 1 1 1 1 1 1 1 1 1 1 1 1 1 1 1 1 1 1 1 1 1 1 1 1 1 1 1 1 1 1 1 1 1 1 1 1 1 1 1 1 1 1 1 1 1 1 1 1 1 1 1 1 1 1 1 1 1 1 1 1 1 1 1 1 1 1 1 1 1 1 1 1 1 1 1 1 1 1 1 1 1 1 1 1 1 2 2 2 2 2 2 2 2 2 2 2 2 2 2 2 2 2 2 2 2 2 2 2 2 2 2 2 2 2 2 2 2 2 2 2 2 2 2 2 2 2 2 2 2 2 2 2 2 2 2 2 2 2 2 2 2 2 2 2 2 2 2 2 2 2 2 2 2 2 2 2 2 2 2 2 2 2 2 2 2 2 2 2 2 2 2 2 2 2 2 2 2 2 2 2 2 2 2 2 2 2 2 2 2 2 2 2 2 2 2 2 2 2 2 2 2 2 2 2 2 2 2 2 2 2 2 2 2 2 2 2 2 2 2 2 2 2 2 2 2 2 2 2 2 2 2 2 2 2 2 2 2 2 2 2 2 2 3 3 3 3 3 3 3 3 3 3 3 3 3 3 3 3 3 3 3 3 3 3 3 3 3 3 3 3 3 3 3 3 3 3 3 3 3 3 3 3 3 3 3 3 3 3 3 3 3 3 3 3 3 3 3 3 3 3 3 3 3 3 3 3 3 3 3 3 3 3 3 3 3 3 3 3 3 3 3 3 3 3 3 3 3 3 3 3 3 3 3 3 3 3 3 3 3 3 3 3 3 3 3 3 3 3 3 3 3 3 3 3 3 3 3 3 3 3 3 3 3 3 3 3 3 3 3 3 3 3 3 3 3 3 3 3 3 3 3 3 3 3 3 3 3 3 3 3 3 3 3 3 3 3 3 3 3 3 4 4 4 4 4 4 4 4 4 4 4 4 4 4 4 4 4 4 4 4 4 4 4 4 4 4 4 4 4 4 4 4 4 4 4 4 4 4 4 4 4 4 4 4 4 4 4 4 4 4 4 4 4 4 4 4 4 4 4 4 4 4 4 4 4 4 4 4 4 4 4 4 4 4 4 4 4 4 4 4 4 4 4 4 4 4 4 4 4 4 4 4 4 4 4 4 4 4 4 4 4 4 4 4 4 4 4 4 4 4 4 4 4 4 4 4 4 4 4 4 4 4 4 4 4 4 4 4 4 4 4 4 4 4 4 4 4 4 4 4 4 4 4 4 4 4 4 4 4 4 4 4 4 4 4 4 4 5 5 5 5 5 5 5 5 5 5 5 5 5 5 5 5 5 5 5 5 5 5 5 5 5 5 5 5 5 5 5 5 5 5 5 5 5 5 5 5 5 5 5 5 5 5 5 5 5 5 5 5 5 5 5 5 5 5 5 5 5 5 5 5 5 5 5 5 5 5 5 5 5 5 5 5 5 5 5 5 5 5 5 5 5 5 5 5 5 5 5 5 5 5 5 5 5 5 5 5 5 5 5 5 5 5 5 5 5 5 5 5 5 5 5 5 5 5 5 5 5 5 5 5 5 5 5 5 5 5 5 5 5 5 5 5 5 5 5 5 5 5 5 5 5 5 5 5 5 5 5 5 5 5 5 5 5 6 6 6 6 6 6 6 6 6 6 6 6 6 6 6 6 6 6 6 6 6 6 6 6 6 6 6 6 6 6 6 6 6 6 6 6 6 6 6 6 6 6 6 6 6 6 6 6 6 6 6 6 6 6 6 6 6 6 6 6 6 6 6 6 6 6 6 6 6 6 6 6 6 6 6 6 6 6 6 6 6 6 6 6 6 6 6 6 6 6 6 6 6 6 6 6 6 6 6 6 6 6 6 6 6 6 6 6 6 6 6 6 6 6 6 6 6 6 6 6 6 6 6 6 6 6 6 6 6 6 6 6 6 6 6 6 6 6 6 6 6 6 6 6 6 6 6 6 6 6 6 6 6 6 6 6 6 6 7 7 7 7 7 7 7 7 7 7 7 7 7 7 7 7 7 7 7 7 7 7 7 7 7 7 7 7 7 7 7 7 7 7 7 7 7 7 7 7 7 7 7 7 7 7 7 7 7 7 7 7 7 7 7 7 7 7 7 7 7 7 7 7 7 7 7 7 7 7 7 7 7 7 7 7 7 7 7 7 7 7 7 7 7 7 7 7 7 7 7 7 7 7 7 7 7 7 7 7 7 7 7 7 7 7 7 7 7 7 7 7 7 7 7 7 7 7 7 7 7 7 7 7 7 7 7 7 7 7 7 7 7 7 7 7 7 7 7 7 7 7 7 7 7 7 7 7 7 7 7 7 7 7 7 7 7 8 8 8 8 8 8 8 8 8 8 8 8 8 8 8 8 8 8 8 8 8 8 8 8 8 8 8 8 8 8 8 8 8 8 8 8 8 8 8 8 8 8 8 8 8 8 8 8 8 8 8 8 8 8 8 8 8 8 8 8 8 8 8 8 8 8 8 8 8 8 8 8 8 8 8 8 8 8 8 8 8 8 8 8 8 8 8 8 8 8 8 8 8 8 8 8 8 8 8 8 8 8 8 8 8 8 8 8 8 8 8 8 8 8 8 8 8 8 8 8 8 8 8 8 8 8 8 8 8 8 8 8 8 8 8 8 8 8 8 8 8 8 8 8 8 8 8 8 8 8 8 8 8 8 8 8 8 9 9 9 9 9 9 9 9 9 9 9 9 9 9 9 9 9 9 9 9 9 9 9 9 9 9 9 9 9 9 9 9 9 9 9 9 9 9 9 9 9 9 9 9 9 9 9 9 9 9 9 9 9 9 9 9 9 9 9 9 9 9 9 9 9 9 9 9 9 9 9 9 9 9 9 9 9 9 9 9 9 9 9 9 9 9 9 9 9 9 9 9 9 9 9 9 9 9 9 9 9 9 9 9 9 9 9 9 9 9 9 9 9 9 9 9 9 9 9 9 9 9 9 9 9 9 9 9 9 9 9 9 9 9 9 9 9 9 9 9 9 9 9 9 9 9 9 9 9 9 9 9 9 9 9 9 91010101010101010\n",
      "done.\n",
      "Generating data for customers tabledone.\n",
      "Generating data for orders/lineitem tablesdone.\n",
      "Generating data for part/partsupplier tablesdone.\n",
      "Generating data for nation tabledone.\n",
      "Generating data for region tabledone.\n"
     ]
    },
    {
     "name": "stdout",
     "output_type": "stream",
     "text": [
      "generated data for the load phase\n"
     ]
    },
    {
     "name": "stderr",
     "output_type": "stream",
     "text": [
      "TPC-H Population Generator (Version 2.14.0)\n",
      "Copyright Transaction Processing Performance Council 1994 - 2010\n",
      "Generating update pair #1 for orders/lineitem tables\n",
      "Preloading text ...                                                                                                                                                                                                                                                                                                              1 1 1 1 1 1 1 1 1 1 1 1 1 1 1 1 1 1 1 1 1 1 1 1 1 1 1 1 1 1 1 1 1 1 1 1 1 1 1 1 1 1 1 1 1 1 1 1 1 1 1 1 1 1 1 1 1 1 1 1 1 1 1 1 1 1 1 1 1 1 1 1 1 1 1 1 1 1 1 1 1 1 1 1 1 1 1 1 1 1 1 1 1 1 1 1 1 1 1 1 1 1 1 1 1 1 1 1 1 1 1 1 1 1 1 1 1 1 1 1 1 1 1 1 1 1 1 1 1 1 1 1 1 1 1 1 1 1 1 1 1 1 1 1 1 1 1 1 1 1 1 1 1 1 1 1 1 2 2 2 2 2 2 2 2 2 2 2 2 2 2 2 2 2 2 2 2 2 2 2 2 2 2 2 2 2 2 2 2 2 2 2 2 2 2 2 2 2 2 2 2 2 2 2 2 2 2 2 2 2 2 2 2 2 2 2 2 2 2 2 2 2 2 2 2 2 2 2 2 2 2 2 2 2 2 2 2 2 2 2 2 2 2 2 2 2 2 2 2 2 2 2 2 2 2 2 2 2 2 2 2 2 2 2 2 2 2 2 2 2 2 2 2 2 2 2 2 2 2 2 2 2 2 2 2 2 2 2 2 2 2 2 2 2 2 2 2 2 2 2 2 2 2 2 2 2 2 2 2 2 2 2 2 2 3 3 3 3 3 3 3 3 3 3 3 3 3 3 3 3 3 3 3 3 3 3 3 3 3 3 3 3 3 3 3 3 3 3 3 3 3 3 3 3 3 3 3 3 3 3 3 3 3 3 3 3 3 3 3 3 3 3 3 3 3 3 3 3 3 3 3 3 3 3 3 3 3 3 3 3 3 3 3 3 3 3 3 3 3 3 3 3 3 3 3 3 3 3 3 3 3 3 3 3 3 3 3 3 3 3 3 3 3 3 3 3 3 3 3 3 3 3 3 3 3 3 3 3 3 3 3 3 3 3 3 3 3 3 3 3 3 3 3 3 3 3 3 3 3 3 3 3 3 3 3 3 3 3 3 3 3 3 4 4 4 4 4 4 4 4 4 4 4 4 4 4 4 4 4 4 4 4 4 4 4 4 4 4 4 4 4 4 4 4 4 4 4 4 4 4 4 4 4 4 4 4 4 4 4 4 4 4 4 4 4 4 4 4 4 4 4 4 4 4 4 4 4 4 4 4 4 4 4 4 4 4 4 4 4 4 4 4 4 4 4 4 4 4 4 4 4 4 4 4 4 4 4 4 4 4 4 4 4 4 4 4 4 4 4 4 4 4 4 4 4 4 4 4 4 4 4 4 4 4 4 4 4 4 4 4 4 4 4 4 4 4 4 4 4 4 4 4 4 4 4 4 4 4 4 4 4 4 4 4 4 4 4 4 4 5 5 5 5 5 5 5 5 5 5 5 5 5 5 5 5 5 5 5 5 5 5 5 5 5 5 5 5 5 5 5 5 5 5 5 5 5 5 5 5 5 5 5 5 5 5 5 5 5 5 5 5 5 5 5 5 5 5 5 5 5 5 5 5 5 5 5 5 5 5 5 5 5 5 5 5 5 5 5 5 5 5 5 5 5 5 5 5 5 5 5 5 5 5 5 5 5 5 5 5 5 5 5 5 5 5 5 5 5 5 5 5 5 5 5 5 5 5 5 5 5 5 5 5 5 5 5 5 5 5 5 5 5 5 5 5 5 5 5 5 5 5 5 5 5 5 5 5 5 5 5 5 5 5 5 5 5 6 6 6 6 6 6 6 6 6 6 6 6 6 6 6 6 6 6 6 6 6 6 6 6 6 6 6 6 6 6 6 6 6 6 6 6 6 6 6 6 6 6 6 6 6 6 6 6 6 6 6 6 6 6 6 6 6 6 6 6 6 6 6 6 6 6 6 6 6 6 6 6 6 6 6 6 6 6 6 6 6 6 6 6 6 6 6 6 6 6 6 6 6 6 6 6 6 6 6 6 6 6 6 6 6 6 6 6 6 6 6 6 6 6 6 6 6 6 6 6 6 6 6 6 6 6 6 6 6 6 6 6 6 6 6 6 6 6 6 6 6 6 6 6 6 6 6 6 6 6 6 6 6 6 6 6 6 6 7 7 7 7 7 7 7 7 7 7 7 7 7 7 7 7 7 7 7 7 7 7 7 7 7 7 7 7 7 7 7 7 7 7 7 7 7 7 7 7 7 7 7 7 7 7 7 7 7 7 7 7 7 7 7 7 7 7 7 7 7 7 7 7 7 7 7 7 7 7 7 7 7 7 7 7 7 7 7 7 7 7 7 7 7 7 7 7 7 7 7 7 7 7 7 7 7 7 7 7 7 7 7 7 7 7 7 7 7 7 7 7 7 7 7 7 7 7 7 7 7 7 7 7 7 7 7 7 7 7 7 7 7 7 7 7 7 7 7 7 7 7 7 7 7 7 7 7 7 7 7 7 7 7 7 7 7 8 8 8 8 8 8 8 8 8 8 8 8 8 8 8 8 8 8 8 8 8 8 8 8 8 8 8 8 8 8 8 8 8 8 8 8 8 8 8 8 8 8 8 8 8 8 8 8 8 8 8 8 8 8 8 8 8 8 8 8 8 8 8 8 8 8 8 8 8 8 8 8 8 8 8 8 8 8 8 8 8 8 8 8 8 8 8 8 8 8 8 8 8 8 8 8 8 8 8 8 8 8 8 8 8 8 8 8 8 8 8 8 8 8 8 8 8 8 8 8 8 8 8 8 8 8 8 8 8 8 8 8 8 8 8 8 8 8 8 8 8 8 8 8 8 8 8 8 8 8 8 8 8 8 8 8 8 9 9 9 9 9 9 9 9 9 9 9 9 9 9 9 9 9 9 9 9 9 9 9 9 9 9 9 9 9 9 9 9 9 9 9 9 9 9 9 9 9 9 9 9 9 9 9 9 9 9 9 9 9 9 9 9 9 9 9 9 9 9 9 9 9 9 9 9 9 9 9 9 9 9 9 9 9 9 9 9 9 9 9 9 9 9 9 9 9 9 9 9 9 9 9 9 9 9 9 9 9 9 9 9 9 9 9 9 9 9 9 9 9 9 9 9 9 9 9 9 9 9 9 9 9 9 9 9 9 9 9 9 9 9 9 9 9 9 9 9 9 9 9"
     ]
    },
    {
     "name": "stdout",
     "output_type": "stream",
     "text": [
      "generated data for the update phase\n",
      "generated data for the delete phase\n",
      "created data files in ./data\n",
      "created query files in ./query_root\n"
     ]
    },
    {
     "name": "stderr",
     "output_type": "stream",
     "text": [
      " 9 9 9 9 9 9 9 9 9 9 9 9 9 91010101010101010\n",
      "done.\n",
      "Generating update pair #2 for orders/lineitem tablesdone.\n",
      "Generating update pair #3 for orders/lineitem tablesdone.\n"
     ]
    }
   ],
   "source": [
    "tpch_pgsql(phase=\"prepare\")"
   ]
  },
  {
   "cell_type": "markdown",
   "id": "1f267c36",
   "metadata": {},
   "source": [
    "#### Carregamento\n",
    "\n",
    "A fase de carregamento (load) limpa o banco de dados (se necessário), carrega as tabelas no banco de dados e cria índices para consultas. Os resultados desta fase consistem nas seguintes métricas:\n",
    "\n",
    "* Tempo de criação do esquema\n",
    "* Tempo de carregamento dos dados\n",
    "* Tempo de criação de restrições de chave estrangeira e índices"
   ]
  },
  {
   "cell_type": "code",
   "execution_count": 10,
   "id": "bd988054",
   "metadata": {},
   "outputs": [
    {
     "name": "stdout",
     "output_type": "stream",
     "text": [
      "dropped existing tables\n",
      "cleaned database icomp\n",
      "done creating schemas\n",
      "done loading data to tables\n",
      "done creating indexes and foreign keys\n",
      "============================================================\n",
      "=========================== Load ===========================\n",
      "============================================================\n",
      "create_schema: : 0:00:00.015219\n",
      "load_data: 0:00:10.799048\n",
      "index_tables: 0:00:09.223870\n",
      "============================================================\n",
      "======================= End Results ========================\n",
      "============================================================\n"
     ]
    }
   ],
   "source": [
    "tpch_pgsql(phase=\"load\")"
   ]
  },
  {
   "cell_type": "markdown",
   "id": "74f2707b",
   "metadata": {},
   "source": [
    "#### Consultas\n",
    "\n",
    "Nessa fase, as consultas serão analizadas com o comando ``EXPLAIN ANALYZE``, evidenciando:\n",
    "\n",
    "* Tempo de execução do planejamento;\n",
    "* Tempo de execução do _exlpain_;\n",
    "* Algoritmos utilizados.\n",
    "\n",
    "Em seguida, as consultas serão executas, exibindo as seguintes informações:\n",
    "\n",
    "* Até 10 linhas do resultado da consulta;\n",
    "* Total de linhas encontradas;\n",
    "* Tempo de execução."
   ]
  },
  {
   "cell_type": "code",
   "execution_count": 13,
   "id": "d4fb597c",
   "metadata": {},
   "outputs": [],
   "source": [
    "class PGDBW(pgdb.PGDB):\n",
    "\n",
    "    def __init__(self, host, port, database, user, password):\n",
    "        # Chamar o construtor da classe pai corretamente\n",
    "        self.conn = psycopg2.connect(\n",
    "                    host=host,\n",
    "                    port=port,\n",
    "                    dbname=database,\n",
    "                    user=user,\n",
    "                    password=password\n",
    "                ) \n",
    "        if hasattr(self, 'conn') and self.conn:\n",
    "            print(\"Conexão estabelecida com sucesso!\")\n",
    "        else:\n",
    "            print(\"Atenção: Conexão não estabelecida\")\n",
    "    \n",
    "    def executeQueryFromFileWithResults(self, filepath):\n",
    "        \"\"\"Executa query de arquivo e retorna resultados\"\"\"\n",
    "        try:\n",
    "            # Verificar se a conexão existe\n",
    "            if not hasattr(self, 'conn') or not self.conn:\n",
    "                return {'error': 'Conexão não disponível'}\n",
    "            \n",
    "            with open(filepath, 'r') as f:\n",
    "                query = f.read()\n",
    "            \n",
    "            # Usar cursor que retorna dicionários\n",
    "            with self.conn.cursor(cursor_factory=RealDictCursor) as cursor:\n",
    "                cursor.execute(query)\n",
    "                \n",
    "                if cursor.description:  # Se é uma query SELECT\n",
    "                    results = cursor.fetchall()\n",
    "                    columns = [desc[0] for desc in cursor.description]\n",
    "                    return {\n",
    "                        'columns': columns,\n",
    "                        'data': results,\n",
    "                        'rowcount': cursor.rowcount\n",
    "                    }\n",
    "                else:  # Para INSERT, UPDATE, DELETE\n",
    "                    return {\n",
    "                        'rowcount': cursor.rowcount,\n",
    "                        'message': f\"Query executada: {cursor.rowcount} linhas afetadas\"\n",
    "                    }\n",
    "                    \n",
    "        except Exception as e:\n",
    "            return {'error': str(e)}\n",
    "        \n",
    "    def executeQuery(self, query_string):\n",
    "        \"\"\"Executa uma query diretamente a partir de string\"\"\"\n",
    "        try:\n",
    "            \n",
    "            with self.conn.cursor(cursor_factory=RealDictCursor) as cursor:\n",
    "                cursor.execute(query_string)\n",
    "                \n",
    "                if cursor.description:  # Se é uma query SELECT\n",
    "                    results = cursor.fetchall()\n",
    "                    columns = [desc[0] for desc in cursor.description]\n",
    "                    return {\n",
    "                        'columns': columns,\n",
    "                        'data': results,\n",
    "                        'rowcount': cursor.rowcount\n",
    "                    }\n",
    "                else:  # Para INSERT, UPDATE, DELETE\n",
    "                    self.conn.commit()\n",
    "                    return {\n",
    "                        'rowcount': cursor.rowcount,\n",
    "                        'message': f\"Query executada: {cursor.rowcount} linhas afetadas\"\n",
    "                    }\n",
    "                    \n",
    "        except Exception as e:\n",
    "            return {'error': str(e)}"
   ]
  },
  {
   "cell_type": "code",
   "execution_count": 14,
   "id": "bd991ba0",
   "metadata": {},
   "outputs": [
    {
     "name": "stdout",
     "output_type": "stream",
     "text": [
      "Conexão estabelecida com sucesso!\n",
      "\n",
      "========================================================================================================================\n",
      "EXPLAIN ANALYZE - QUERY 1\n",
      "========================================================================================================================\n",
      "\n",
      "Tempo de execução do EXPLAIN: 0:00:01.560222\n",
      "\n",
      "PLANO DE EXECUÇÃO (EXPLAIN ANALYZE):\n",
      "Limit  (cost=346387.38..346388.51 rows=1 width=248) (actual time=993.452..1543.808 rows=1 loops=1)\n",
      "  ->  Finalize GroupAggregate  (cost=346387.38..391477.69 rows=40000 width=248) (actual time=984.484..1534.839 rows=1 loops=1)\n",
      "        Group Key: l_returnflag, l_linestatus\n",
      "        ->  Gather Merge  (cost=346387.38..387777.69 rows=80000 width=248) (actual time=975.905..1534.811 rows=4 loops=1)\n",
      "              Workers Planned: 2\n",
      "              Workers Launched: 2\n",
      "              ->  Partial GroupAggregate  (cost=345387.36..377543.68 rows=40000 width=248) (actual time=944.244..1331.014 rows=3 loops=3)\n",
      "                    Group Key: l_returnflag, l_linestatus\n",
      "                    ->  Sort  (cost=345387.36..347471.11 rows=833502 width=144) (actual time=649.697..768.661 rows=1143825 loops=3)\n",
      "                          Sort Key: l_returnflag, l_linestatus\n",
      "                          Sort Method: external merge  Disk: 73768kB\n",
      "                          Worker 0:  Sort Method: external merge  Disk: 71552kB\n",
      "                          Worker 1:  Sort Method: external merge  Disk: 70240kB\n",
      "                          ->  Parallel Seq Scan on lineitem  (cost=0.00..143759.33 rows=833502 width=144) (actual time=3.808..187.938 rows=1969641 loops=3)\n",
      "                                Filter: (l_shipdate <= '1998-08-29 00:00:00'::timestamp without time zone)\n",
      "                                Rows Removed by Filter: 30764\n",
      "Planning Time: 0.452 ms\n",
      "JIT:\n",
      "  Functions: 31\n",
      "  Options: Inlining false, Optimization false, Expressions true, Deforming true\n",
      "  Timing: Generation 1.583 ms, Inlining 0.000 ms, Optimization 0.889 ms, Emission 19.525 ms, Total 21.997 ms\n",
      "Execution Time: 1558.536 ms\n",
      "\n",
      "────────────────────────────────────────────────────────────────────────────────\n",
      "ALGORITMOS IDENTIFICADOS NO PLANO DE EXECUÇÃO:\n",
      "────────────────────────────────────────────────────────────────────────────────\n",
      "Algoritmos de Varredura: Seq Scan\n",
      "Algoritmos de Ordenação: Sort\n",
      "Algoritmos de Agregação: GroupAggregate\n",
      "\n",
      "========================================================================================================================\n",
      "EXPLAIN ANALYZE - QUERY 3\n",
      "========================================================================================================================\n",
      "\n",
      "Tempo de execução do EXPLAIN: 0:00:00.329657\n",
      "\n",
      "PLANO DE EXECUÇÃO (EXPLAIN ANALYZE):\n",
      "Limit  (cost=187311.61..187311.63 rows=10 width=44) (actual time=326.509..327.712 rows=10 loops=1)\n",
      "  ->  Sort  (cost=187311.61..187319.94 rows=3334 width=44) (actual time=316.333..317.536 rows=10 loops=1)\n",
      "        Sort Key: (sum((lineitem.l_extendedprice * ('1'::numeric - lineitem.l_discount)))) DESC, orders.o_orderdate\n",
      "        Sort Method: top-N heapsort  Memory: 26kB\n",
      "        ->  Finalize GroupAggregate  (cost=186800.84..187239.56 rows=3334 width=44) (actual time=307.133..315.895 rows=11421 loops=1)\n",
      "              Group Key: lineitem.l_orderkey, orders.o_orderdate, orders.o_shippriority\n",
      "              ->  Gather Merge  (cost=186800.84..187163.16 rows=2778 width=44) (actual time=307.123..312.414 rows=11435 loops=1)\n",
      "                    Workers Planned: 2\n",
      "                    Workers Launched: 2\n",
      "                    ->  Partial GroupAggregate  (cost=185800.82..185842.49 rows=1389 width=44) (actual time=299.340..302.713 rows=3812 loops=3)\n",
      "                          Group Key: lineitem.l_orderkey, orders.o_orderdate, orders.o_shippriority\n",
      "                          ->  Sort  (cost=185800.82..185804.29 rows=1389 width=76) (actual time=299.317..299.570 rows=10095 loops=3)\n",
      "                                Sort Key: lineitem.l_orderkey, orders.o_orderdate, orders.o_shippriority\n",
      "                                Sort Method: quicksort  Memory: 1179kB\n",
      "                                Worker 0:  Sort Method: quicksort  Memory: 1167kB\n",
      "                                Worker 1:  Sort Method: quicksort  Memory: 1173kB\n",
      "                                ->  Parallel Hash Join  (cost=38837.56..185728.31 rows=1389 width=76) (actual time=76.362..297.435 rows=10095 loops=3)\n",
      "                                      Hash Cond: (lineitem.l_orderkey = orders.o_orderkey)\n",
      "                                      ->  Parallel Seq Scan on lineitem  (cost=0.00..143759.33 rows=833502 width=68) (actual time=0.037..160.721 rows=1078924 loops=3)\n",
      "                                            Filter: (l_shipdate > '1995-03-17'::date)\n",
      "                                            Rows Removed by Filter: 921481\n",
      "                                      ->  Parallel Hash  (cost=38824.54..38824.54 rows=1042 width=12) (actual time=76.207..76.209 rows=48464 loops=3)\n",
      "                                            Buckets: 262144 (originally 4096)  Batches: 1 (originally 1)  Memory Usage: 10944kB\n",
      "                                            ->  Parallel Hash Join  (cost=4370.15..38824.54 rows=1042 width=12) (actual time=13.623..66.705 rows=48464 loops=3)\n",
      "                                                  Hash Cond: (orders.o_custkey = customer.c_custkey)\n",
      "                                                  ->  Parallel Seq Scan on orders  (cost=0.00..33907.50 rows=208333 width=16) (actual time=0.027..33.818 rows=242854 loops=3)\n",
      "                                                        Filter: (o_orderdate < '1995-03-17'::date)\n",
      "                                                        Rows Removed by Filter: 257146\n",
      "                                                  ->  Parallel Hash  (cost=4366.25..4366.25 rows=312 width=4) (actual time=13.518..13.519 rows=9989 loops=3)\n",
      "                                                        Buckets: 32768 (originally 1024)  Batches: 1 (originally 1)  Memory Usage: 1752kB\n",
      "                                                        ->  Parallel Seq Scan on customer  (cost=0.00..4366.25 rows=312 width=4) (actual time=6.453..10.265 rows=9989 loops=3)\n",
      "                                                              Filter: (c_mktsegment = 'FURNITURE'::bpchar)\n",
      "                                                              Rows Removed by Filter: 40011\n",
      "Planning Time: 0.329 ms\n",
      "JIT:\n",
      "  Functions: 94\n",
      "  Options: Inlining false, Optimization false, Expressions true, Deforming true\n",
      "  Timing: Generation 2.238 ms, Inlining 0.000 ms, Optimization 1.436 ms, Emission 28.173 ms, Total 31.848 ms\n",
      "Execution Time: 328.533 ms\n",
      "\n",
      "────────────────────────────────────────────────────────────────────────────────\n",
      "ALGORITMOS IDENTIFICADOS NO PLANO DE EXECUÇÃO:\n",
      "────────────────────────────────────────────────────────────────────────────────\n",
      "Algoritmos de Junção: Hash Join\n",
      "Algoritmos de Varredura: Seq Scan\n",
      "Algoritmos de Ordenação: Sort\n",
      "Algoritmos de Agregação: GroupAggregate\n",
      "\n",
      "========================================================================================================================\n",
      "EXPLAIN ANALYZE - QUERY 5\n",
      "========================================================================================================================\n",
      "\n",
      "Tempo de execução do EXPLAIN: 0:00:00.422132\n",
      "\n",
      "PLANO DE EXECUÇÃO (EXPLAIN ANALYZE):\n",
      "Limit  (cost=185541.66..185541.66 rows=1 width=136) (actual time=415.883..418.706 rows=1 loops=1)\n",
      "  ->  Sort  (cost=185541.66..185541.72 rows=25 width=136) (actual time=404.680..407.502 rows=1 loops=1)\n",
      "        Sort Key: (sum((lineitem.l_extendedprice * ('1'::numeric - lineitem.l_discount)))) DESC\n",
      "        Sort Method: top-N heapsort  Memory: 25kB\n",
      "        ->  Finalize GroupAggregate  (cost=185537.97..185541.54 rows=25 width=136) (actual time=404.350..407.490 rows=5 loops=1)\n",
      "              Group Key: nation.n_name\n",
      "              ->  Gather Merge  (cost=185537.97..185541.04 rows=24 width=136) (actual time=404.217..407.469 rows=15 loops=1)\n",
      "                    Workers Planned: 2\n",
      "                    Workers Launched: 2\n",
      "                    ->  Partial GroupAggregate  (cost=184537.95..184538.25 rows=12 width=136) (actual time=396.252..396.666 rows=5 loops=3)\n",
      "                          Group Key: nation.n_name\n",
      "                          ->  Sort  (cost=184537.95..184537.98 rows=12 width=168) (actual time=396.131..396.195 rows=2459 loops=3)\n",
      "                                Sort Key: nation.n_name\n",
      "                                Sort Method: quicksort  Memory: 294kB\n",
      "                                Worker 0:  Sort Method: quicksort  Memory: 284kB\n",
      "                                Worker 1:  Sort Method: quicksort  Memory: 288kB\n",
      "                                ->  Hash Join  (cost=39517.10..184537.73 rows=12 width=168) (actual time=65.866..395.493 rows=2459 loops=3)\n",
      "                                      Hash Cond: ((orders.o_custkey = customer.c_custkey) AND (supplier.s_nationkey = customer.c_nationkey))\n",
      "                                      ->  Hash Join  (cost=35956.06..180060.80 rows=12502 width=72) (actual time=41.035..322.903 rows=302746 loops=3)\n",
      "                                            Hash Cond: (lineitem.l_suppkey = supplier.s_suppkey)\n",
      "                                            ->  Parallel Hash Join  (cost=35509.06..179580.98 rows=12502 width=72) (actual time=39.786..290.995 rows=302746 loops=3)\n",
      "                                                  Hash Cond: (lineitem.l_orderkey = orders.o_orderkey)\n",
      "                                                  ->  Parallel Seq Scan on lineitem  (cost=0.00..137508.06 rows=2500506 width=72) (actual time=0.014..111.321 rows=2000405 loops=3)\n",
      "                                                  ->  Parallel Hash  (cost=35470.00..35470.00 rows=3125 width=8) (actual time=39.678..39.678 rows=75548 loops=3)\n",
      "                                                        Buckets: 262144 (originally 8192)  Batches: 1 (originally 1)  Memory Usage: 12960kB\n",
      "                                                        ->  Parallel Seq Scan on orders  (cost=0.00..35470.00 rows=3125 width=8) (actual time=0.016..29.839 rows=75548 loops=3)\n",
      "                                                              Filter: ((o_orderdate >= '1993-01-01'::date) AND (o_orderdate < '1994-01-01 00:00:00'::timestamp without time zone))\n",
      "                                                              Rows Removed by Filter: 424452\n",
      "                                            ->  Hash  (cost=322.00..322.00 rows=10000 width=8) (actual time=1.207..1.208 rows=10000 loops=3)\n",
      "                                                  Buckets: 16384  Batches: 1  Memory Usage: 519kB\n",
      "                                                  ->  Seq Scan on supplier  (cost=0.00..322.00 rows=10000 width=8) (actual time=0.016..0.623 rows=10000 loops=3)\n",
      "                                      ->  Hash  (cost=2583.03..2583.03 rows=30000 width=116) (actual time=24.295..24.297 rows=30197 loops=3)\n",
      "                                            Buckets: 32768  Batches: 2  Memory Usage: 1316kB\n",
      "                                            ->  Nested Loop  (cost=9.79..2583.03 rows=30000 width=116) (actual time=7.864..20.338 rows=30197 loops=3)\n",
      "                                                  ->  Nested Loop  (cost=0.00..2.62 rows=5 width=108) (actual time=7.361..7.369 rows=5 loops=3)\n",
      "                                                        Join Filter: (nation.n_regionkey = region.r_regionkey)\n",
      "                                                        Rows Removed by Join Filter: 20\n",
      "                                                        ->  Seq Scan on region  (cost=0.00..1.06 rows=1 width=4) (actual time=7.344..7.345 rows=1 loops=3)\n",
      "                                                              Filter: (r_name = 'EUROPE'::bpchar)\n",
      "                                                              Rows Removed by Filter: 4\n",
      "                                                        ->  Seq Scan on nation  (cost=0.00..1.25 rows=25 width=112) (actual time=0.008..0.011 rows=25 loops=3)\n",
      "                                                  ->  Bitmap Heap Scan on customer  (cost=9.79..508.58 rows=750 width=8) (actual time=0.473..2.297 rows=6039 loops=15)\n",
      "                                                        Recheck Cond: (c_nationkey = nation.n_nationkey)\n",
      "                                                        Heap Blocks: exact=14695\n",
      "                                                        ->  Bitmap Index Scan on idx_customer_nationkey  (cost=0.00..9.60 rows=750 width=0) (actual time=0.240..0.240 rows=6039 loops=15)\n",
      "                                                              Index Cond: (c_nationkey = nation.n_nationkey)\n",
      "Planning Time: 1.759 ms\n",
      "JIT:\n",
      "  Functions: 142\n",
      "  Options: Inlining false, Optimization false, Expressions true, Deforming true\n",
      "  Timing: Generation 2.581 ms, Inlining 0.000 ms, Optimization 1.393 ms, Emission 31.955 ms, Total 35.929 ms\n",
      "Execution Time: 419.642 ms\n",
      "\n",
      "────────────────────────────────────────────────────────────────────────────────\n",
      "ALGORITMOS IDENTIFICADOS NO PLANO DE EXECUÇÃO:\n",
      "────────────────────────────────────────────────────────────────────────────────\n",
      "Algoritmos de Junção: Hash Join, Nested Loop\n",
      "Algoritmos de Varredura: Seq Scan, Bitmap Heap Scan, Index Scan, Bitmap Index Scan\n",
      "Algoritmos de Ordenação: Sort\n",
      "Algoritmos de Agregação: GroupAggregate\n",
      "\n",
      "========================================================================================================================\n",
      "EXPLAIN ANALYZE - QUERY 6\n",
      "========================================================================================================================\n",
      "\n",
      "Tempo de execução do EXPLAIN: 0:00:00.178796\n",
      "\n",
      "PLANO DE EXECUÇÃO (EXPLAIN ANALYZE):\n",
      "Limit  (cost=169764.72..169764.73 rows=1 width=32) (actual time=175.169..177.788 rows=1 loops=1)\n",
      "  ->  Finalize Aggregate  (cost=169764.72..169764.73 rows=1 width=32) (actual time=171.767..174.385 rows=1 loops=1)\n",
      "        ->  Gather  (cost=169764.50..169764.71 rows=2 width=32) (actual time=171.651..174.368 rows=3 loops=1)\n",
      "              Workers Planned: 2\n",
      "              Workers Launched: 2\n",
      "              ->  Partial Aggregate  (cost=168764.50..168764.51 rows=1 width=32) (actual time=164.690..164.690 rows=1 loops=3)\n",
      "                    ->  Parallel Seq Scan on lineitem  (cost=0.00..168764.39 rows=21 width=64) (actual time=2.292..159.098 rows=37939 loops=3)\n",
      "                          Filter: ((l_shipdate >= '1993-01-01'::date) AND (l_shipdate < '1994-01-01 00:00:00'::timestamp without time zone) AND (l_discount >= 0.03) AND (l_discount <= 0.05) AND (l_quantity < '24'::numeric))\n",
      "                          Rows Removed by Filter: 1962466\n",
      "Planning Time: 0.054 ms\n",
      "JIT:\n",
      "  Functions: 18\n",
      "  Options: Inlining false, Optimization false, Expressions true, Deforming true\n",
      "  Timing: Generation 0.866 ms, Inlining 0.000 ms, Optimization 0.578 ms, Emission 9.671 ms, Total 11.115 ms\n",
      "Execution Time: 178.154 ms\n",
      "\n",
      "────────────────────────────────────────────────────────────────────────────────\n",
      "ALGORITMOS IDENTIFICADOS NO PLANO DE EXECUÇÃO:\n",
      "────────────────────────────────────────────────────────────────────────────────\n",
      "Algoritmos de Varredura: Seq Scan\n",
      "\n",
      "========================================================================================================================\n",
      "EXPLAIN ANALYZE - QUERY 7\n",
      "========================================================================================================================\n",
      "\n",
      "Tempo de execução do EXPLAIN: 0:00:00.395330\n",
      "\n",
      "PLANO DE EXECUÇÃO (EXPLAIN ANALYZE):\n",
      "Limit  (cost=151367.99..151470.65 rows=1 width=272) (actual time=389.150..392.411 rows=1 loops=1)\n",
      "  ->  GroupAggregate  (cost=151367.99..161634.84 rows=100 width=272) (actual time=377.955..381.215 rows=1 loops=1)\n",
      "        Group Key: n1.n_name, n2.n_name, EXTRACT(year FROM lineitem.l_shipdate)\n",
      "        ->  Nested Loop  (cost=151367.99..161631.84 rows=100 width=304) (actual time=226.400..380.630 rows=1579 loops=1)\n",
      "              Join Filter: (n2.n_nationkey = customer.c_nationkey)\n",
      "              Rows Removed by Join Filter: 36199\n",
      "              ->  Nested Loop  (cost=151367.57..160481.31 rows=2497 width=284) (actual time=226.361..331.866 rows=37778 loops=1)\n",
      "                    ->  Gather Merge  (cost=151367.14..151657.95 rows=2497 width=284) (actual time=226.321..241.933 rows=37778 loops=1)\n",
      "                          Workers Planned: 2\n",
      "                          Workers Launched: 2\n",
      "                          ->  Sort  (cost=150367.11..150369.71 rows=1040 width=284) (actual time=217.275..221.311 rows=12901 loops=3)\n",
      "                                Sort Key: n1.n_name, n2.n_name, (EXTRACT(year FROM lineitem.l_shipdate))\n",
      "                                Sort Method: external merge  Disk: 4864kB\n",
      "                                Worker 0:  Sort Method: external merge  Disk: 4392kB\n",
      "                                Worker 1:  Sort Method: external merge  Disk: 4440kB\n",
      "                                ->  Hash Join  (cost=247.12..150315.00 rows=1040 width=284) (actual time=6.599..194.655 rows=49481 loops=3)\n",
      "                                      Hash Cond: (lineitem.l_suppkey = supplier.s_suppkey)\n",
      "                                      ->  Parallel Seq Scan on lineitem  (cost=0.00..150010.59 rows=12502 width=76) (actual time=6.131..159.523 rows=609483 loops=3)\n",
      "                                            Filter: ((l_shipdate >= '1995-01-01'::date) AND (l_shipdate <= '1996-12-31'::date))\n",
      "                                            Rows Removed by Filter: 1390922\n",
      "                                      ->  Hash  (cost=236.72..236.72 rows=832 width=216) (actual time=0.421..0.426 rows=814 loops=3)\n",
      "                                            Buckets: 1024  Batches: 1  Memory Usage: 82kB\n",
      "                                            ->  Nested Loop  (cost=4.67..236.72 rows=832 width=216) (actual time=0.061..0.347 rows=814 loops=3)\n",
      "                                                  ->  Nested Loop  (cost=0.00..2.84 rows=2 width=216) (actual time=0.023..0.031 rows=2 loops=3)\n",
      "                                                        Join Filter: (((n1.n_name = 'FRANCE'::bpchar) AND (n2.n_name = 'CANADA'::bpchar)) OR ((n1.n_name = 'CANADA'::bpchar) AND (n2.n_name = 'FRANCE'::bpchar)))\n",
      "                                                        Rows Removed by Join Filter: 2\n",
      "                                                        ->  Seq Scan on nation n1  (cost=0.00..1.38 rows=2 width=108) (actual time=0.013..0.015 rows=2 loops=3)\n",
      "                                                              Filter: ((n_name = 'FRANCE'::bpchar) OR (n_name = 'CANADA'::bpchar))\n",
      "                                                              Rows Removed by Filter: 23\n",
      "                                                        ->  Materialize  (cost=0.00..1.39 rows=2 width=108) (actual time=0.003..0.005 rows=2 loops=6)\n",
      "                                                              ->  Seq Scan on nation n2  (cost=0.00..1.38 rows=2 width=108) (actual time=0.004..0.007 rows=2 loops=3)\n",
      "                                                                    Filter: ((n_name = 'CANADA'::bpchar) OR (n_name = 'FRANCE'::bpchar))\n",
      "                                                                    Rows Removed by Filter: 23\n",
      "                                                  ->  Bitmap Heap Scan on supplier  (cost=4.67..116.44 rows=50 width=8) (actual time=0.028..0.139 rows=407 loops=6)\n",
      "                                                        Recheck Cond: (s_nationkey = n1.n_nationkey)\n",
      "                                                        Heap Blocks: exact=373\n",
      "                                                        ->  Bitmap Index Scan on idx_supplier_nation_key  (cost=0.00..4.66 rows=50 width=0) (actual time=0.013..0.014 rows=407 loops=6)\n",
      "                                                              Index Cond: (s_nationkey = n1.n_nationkey)\n",
      "                    ->  Index Scan using orders_pkey on orders  (cost=0.43..3.53 rows=1 width=8) (actual time=0.002..0.002 rows=1 loops=37778)\n",
      "                          Index Cond: (o_orderkey = lineitem.l_orderkey)\n",
      "              ->  Index Scan using customer_pkey on customer  (cost=0.42..0.45 rows=1 width=8) (actual time=0.001..0.001 rows=1 loops=37778)\n",
      "                    Index Cond: (c_custkey = orders.o_custkey)\n",
      "Planning Time: 0.797 ms\n",
      "JIT:\n",
      "  Functions: 100\n",
      "  Options: Inlining false, Optimization false, Expressions true, Deforming true\n",
      "  Timing: Generation 2.320 ms, Inlining 0.000 ms, Optimization 1.346 ms, Emission 28.269 ms, Total 31.936 ms\n",
      "Execution Time: 393.885 ms\n",
      "\n",
      "────────────────────────────────────────────────────────────────────────────────\n",
      "ALGORITMOS IDENTIFICADOS NO PLANO DE EXECUÇÃO:\n",
      "────────────────────────────────────────────────────────────────────────────────\n",
      "Algoritmos de Junção: Nested Loop, Hash Join\n",
      "Algoritmos de Varredura: Seq Scan, Bitmap Heap Scan, Index Scan, Bitmap Index Scan\n",
      "Algoritmos de Ordenação: Sort\n",
      "Algoritmos de Agregação: GroupAggregate\n",
      "\n",
      "========================================================================================================================\n",
      "EXPLAIN ANALYZE - QUERY 9\n",
      "========================================================================================================================\n",
      "\n",
      "Tempo de execução do EXPLAIN: 0:00:00.149032\n",
      "\n",
      "PLANO DE EXECUÇÃO (EXPLAIN ANALYZE):\n",
      "Limit  (cost=31027.31..31040.13 rows=1 width=168) (actual time=143.151..145.740 rows=1 loops=1)\n",
      "  ->  GroupAggregate  (cost=31027.31..95137.34 rows=5000 width=168) (actual time=143.150..145.738 rows=1 loops=1)\n",
      "        Group Key: nation.n_name, (EXTRACT(year FROM orders.o_orderdate))\n",
      "        ->  Incremental Sort  (cost=31027.31..94222.17 rows=48010 width=264) (actual time=142.694..145.324 rows=1226 loops=1)\n",
      "              Sort Key: nation.n_name, (EXTRACT(year FROM orders.o_orderdate)) DESC\n",
      "              Presorted Key: nation.n_name\n",
      "              Full-sort Groups: 1  Sort Method: quicksort  Average Memory: 34kB  Peak Memory: 34kB\n",
      "              Pre-sorted Groups: 1  Sort Method: quicksort  Average Memory: 2313kB  Peak Memory: 2313kB\n",
      "              ->  Nested Loop  (cost=28421.72..89423.49 rows=48010 width=264) (actual time=52.159..141.013 rows=13718 loops=1)\n",
      "                    ->  Nested Loop  (cost=28421.29..66972.26 rows=48010 width=236) (actual time=52.151..91.103 rows=13718 loops=1)\n",
      "                          Join Filter: (supplier.s_suppkey = lineitem.l_suppkey)\n",
      "                          ->  Gather Merge  (cost=28420.86..29166.24 rows=6400 width=152) (actual time=52.117..55.085 rows=1807 loops=1)\n",
      "                                Workers Planned: 2\n",
      "                                Workers Launched: 2\n",
      "                                ->  Sort  (cost=27420.83..27427.50 rows=2667 width=152) (actual time=45.361..45.467 rows=1082 loops=3)\n",
      "                                      Sort Key: nation.n_name\n",
      "                                      Sort Method: quicksort  Memory: 2427kB\n",
      "                                      Worker 0:  Sort Method: quicksort  Memory: 2402kB\n",
      "                                      Worker 1:  Sort Method: quicksort  Memory: 2414kB\n",
      "                                      ->  Hash Join  (cost=5595.57..27269.07 rows=2667 width=152) (actual time=9.431..40.704 rows=14435 loops=3)\n",
      "                                            Hash Cond: (supplier.s_nationkey = nation.n_nationkey)\n",
      "                                            ->  Hash Join  (cost=5594.00..27260.36 rows=2667 width=52) (actual time=9.368..39.396 rows=14435 loops=3)\n",
      "                                                  Hash Cond: (partsupp.ps_suppkey = supplier.s_suppkey)\n",
      "                                                  ->  Parallel Hash Join  (cost=5147.00..26806.36 rows=2667 width=44) (actual time=7.799..35.786 rows=14435 loops=3)\n",
      "                                                        Hash Cond: (partsupp.ps_partkey = part.p_partkey)\n",
      "                                                        ->  Parallel Seq Scan on partsupp  (cost=0.00..20784.33 rows=333333 width=40) (actual time=0.009..15.687 rows=266667 loops=3)\n",
      "                                                        ->  Parallel Hash  (cost=5138.67..5138.67 rows=667 width=4) (actual time=7.706..7.708 rows=3609 loops=3)\n",
      "                                                              Buckets: 16384 (originally 2048)  Batches: 1 (originally 1)  Memory Usage: 752kB\n",
      "                                                              ->  Parallel Seq Scan on part  (cost=0.00..5138.67 rows=667 width=4) (actual time=0.013..6.527 rows=3609 loops=3)\n",
      "                                                                    Filter: ((p_name)::text ~~ '%peru%'::text)\n",
      "                                                                    Rows Removed by Filter: 63058\n",
      "                                                  ->  Hash  (cost=322.00..322.00 rows=10000 width=8) (actual time=1.528..1.529 rows=10000 loops=3)\n",
      "                                                        Buckets: 16384  Batches: 1  Memory Usage: 519kB\n",
      "                                                        ->  Seq Scan on supplier  (cost=0.00..322.00 rows=10000 width=8) (actual time=0.004..0.908 rows=10000 loops=3)\n",
      "                                            ->  Hash  (cost=1.25..1.25 rows=25 width=108) (actual time=0.014..0.014 rows=25 loops=3)\n",
      "                                                  Buckets: 1024  Batches: 1  Memory Usage: 10kB\n",
      "                                                  ->  Seq Scan on nation  (cost=0.00..1.25 rows=25 width=108) (actual time=0.007..0.009 rows=25 loops=3)\n",
      "                          ->  Index Scan using idx_lineitem_part_supp on lineitem  (cost=0.43..4.03 rows=150 width=108) (actual time=0.005..0.019 rows=8 loops=1807)\n",
      "                                Index Cond: ((l_partkey = partsupp.ps_partkey) AND (l_suppkey = partsupp.ps_suppkey))\n",
      "                    ->  Index Scan using orders_pkey on orders  (cost=0.43..0.47 rows=1 width=8) (actual time=0.003..0.003 rows=1 loops=13718)\n",
      "                          Index Cond: (o_orderkey = lineitem.l_orderkey)\n",
      "Planning Time: 2.383 ms\n",
      "Execution Time: 145.808 ms\n",
      "\n",
      "────────────────────────────────────────────────────────────────────────────────\n",
      "ALGORITMOS IDENTIFICADOS NO PLANO DE EXECUÇÃO:\n",
      "────────────────────────────────────────────────────────────────────────────────\n",
      "Algoritmos de Junção: Nested Loop, Hash Join\n",
      "Algoritmos de Varredura: Seq Scan, Index Scan\n",
      "Algoritmos de Ordenação: Sort, Incremental Sort\n",
      "Algoritmos de Agregação: GroupAggregate\n",
      "\n",
      "========================================================================================================================\n",
      "EXPLAIN ANALYZE - QUERY 10\n",
      "========================================================================================================================\n",
      "\n",
      "Tempo de execução do EXPLAIN: 0:00:00.380151\n",
      "\n",
      "PLANO DE EXECUÇÃO (EXPLAIN ANALYZE):\n",
      "Limit  (cost=180487.29..180487.34 rows=20 width=654) (actual time=373.564..377.735 rows=20 loops=1)\n",
      "  ->  Sort  (cost=180487.29..180487.66 rows=150 width=654) (actual time=363.715..367.885 rows=20 loops=1)\n",
      "        Sort Key: (sum((lineitem.l_extendedprice * ('1'::numeric - lineitem.l_discount)))) DESC\n",
      "        Sort Method: top-N heapsort  Memory: 33kB\n",
      "        ->  Finalize GroupAggregate  (cost=180464.16..180483.29 rows=150 width=654) (actual time=313.104..357.758 rows=37967 loops=1)\n",
      "              Group Key: customer.c_custkey, nation.n_name\n",
      "              ->  Gather Merge  (cost=180464.16..180480.18 rows=124 width=654) (actual time=313.088..339.221 rows=44949 loops=1)\n",
      "                    Workers Planned: 2\n",
      "                    Workers Launched: 2\n",
      "                    ->  Partial GroupAggregate  (cost=179464.14..179465.84 rows=62 width=654) (actual time=304.960..322.320 rows=14983 loops=3)\n",
      "                          Group Key: customer.c_custkey, nation.n_name\n",
      "                          ->  Sort  (cost=179464.14..179464.29 rows=62 width=686) (actual time=304.934..307.809 rows=38235 loops=3)\n",
      "                                Sort Key: customer.c_custkey, nation.n_name\n",
      "                                Sort Method: external merge  Disk: 7384kB\n",
      "                                Worker 0:  Sort Method: external merge  Disk: 7232kB\n",
      "                                Worker 1:  Sort Method: external merge  Disk: 7304kB\n",
      "                                ->  Hash Join  (cost=35511.04..179462.29 rows=62 width=686) (actual time=39.867..284.492 rows=38235 loops=3)\n",
      "                                      Hash Cond: (customer.c_nationkey = nation.n_nationkey)\n",
      "                                      ->  Nested Loop  (cost=35509.48..179460.57 rows=62 width=586) (actual time=33.375..274.008 rows=38235 loops=3)\n",
      "                                            ->  Parallel Hash Join  (cost=35509.06..179301.21 rows=62 width=68) (actual time=33.346..223.876 rows=38235 loops=3)\n",
      "                                                  Hash Cond: (lineitem.l_orderkey = orders.o_orderkey)\n",
      "                                                  ->  Parallel Seq Scan on lineitem  (cost=0.00..143759.33 rows=12502 width=68) (actual time=0.020..153.519 rows=492957 loops=3)\n",
      "                                                        Filter: (l_returnflag = 'R'::bpchar)\n",
      "                                                        Rows Removed by Filter: 1507448\n",
      "                                                  ->  Parallel Hash  (cost=35470.00..35470.00 rows=3125 width=8) (actual time=33.242..33.243 rows=19023 loops=3)\n",
      "                                                        Buckets: 65536 (originally 8192)  Batches: 1 (originally 1)  Memory Usage: 3232kB\n",
      "                                                        ->  Parallel Seq Scan on orders  (cost=0.00..35470.00 rows=3125 width=8) (actual time=0.013..29.201 rows=19023 loops=3)\n",
      "                                                              Filter: ((o_orderdate >= '1993-10-01'::date) AND (o_orderdate < '1994-01-01 00:00:00'::timestamp without time zone))\n",
      "                                                              Rows Removed by Filter: 480977\n",
      "                                            ->  Index Scan using customer_pkey on customer  (cost=0.42..2.57 rows=1 width=522) (actual time=0.001..0.001 rows=1 loops=114705)\n",
      "                                                  Index Cond: (c_custkey = orders.o_custkey)\n",
      "                                      ->  Hash  (cost=1.25..1.25 rows=25 width=108) (actual time=6.472..6.473 rows=25 loops=3)\n",
      "                                            Buckets: 1024  Batches: 1  Memory Usage: 10kB\n",
      "                                            ->  Seq Scan on nation  (cost=0.00..1.25 rows=25 width=108) (actual time=6.460..6.462 rows=25 loops=3)\n",
      "Planning Time: 0.325 ms\n",
      "JIT:\n",
      "  Functions: 103\n",
      "  Options: Inlining false, Optimization false, Expressions true, Deforming true\n",
      "  Timing: Generation 2.406 ms, Inlining 0.000 ms, Optimization 1.408 ms, Emission 27.916 ms, Total 31.730 ms\n",
      "Execution Time: 379.204 ms\n",
      "\n",
      "────────────────────────────────────────────────────────────────────────────────\n",
      "ALGORITMOS IDENTIFICADOS NO PLANO DE EXECUÇÃO:\n",
      "────────────────────────────────────────────────────────────────────────────────\n",
      "Algoritmos de Junção: Hash Join, Nested Loop\n",
      "Algoritmos de Varredura: Seq Scan, Index Scan\n",
      "Algoritmos de Ordenação: Sort\n",
      "Algoritmos de Agregação: GroupAggregate\n",
      "\n",
      "========================================================================================================================\n",
      "EXPLAIN ANALYZE - QUERY 12\n",
      "========================================================================================================================\n",
      "\n",
      "Tempo de execução do EXPLAIN: 0:00:00.276665\n",
      "\n",
      "PLANO DE EXECUÇÃO (EXPLAIN ANALYZE):\n",
      "Limit  (cost=169882.91..169883.05 rows=1 width=60) (actual time=271.265..275.155 rows=1 loops=1)\n",
      "  ->  Finalize GroupAggregate  (cost=169882.91..169887.07 rows=30 width=60) (actual time=264.499..268.389 rows=1 loops=1)\n",
      "        Group Key: lineitem.l_shipmode\n",
      "        ->  Gather Merge  (cost=169882.91..169886.56 rows=28 width=60) (actual time=263.807..268.382 rows=4 loops=1)\n",
      "              Workers Planned: 2\n",
      "              Workers Launched: 2\n",
      "              ->  Partial GroupAggregate  (cost=168882.89..168883.31 rows=14 width=60) (actual time=256.337..256.975 rows=2 loops=3)\n",
      "                    Group Key: lineitem.l_shipmode\n",
      "                    ->  Sort  (cost=168882.89..168882.92 rows=14 width=108) (actual time=255.668..255.901 rows=10347 loops=3)\n",
      "                          Sort Key: lineitem.l_shipmode\n",
      "                          Sort Method: quicksort  Memory: 1256kB\n",
      "                          Worker 0:  Sort Method: quicksort  Memory: 1156kB\n",
      "                          Worker 1:  Sort Method: quicksort  Memory: 1166kB\n",
      "                          ->  Nested Loop  (cost=0.43..168882.62 rows=14 width=108) (actual time=4.336..253.727 rows=10347 loops=3)\n",
      "                                ->  Parallel Seq Scan on lineitem  (cost=0.00..168764.39 rows=14 width=48) (actual time=4.307..226.248 rows=10347 loops=3)\n",
      "                                      Filter: ((l_shipmode = ANY ('{AIR,TRUCK}'::bpchar[])) AND (l_commitdate < l_receiptdate) AND (l_shipdate < l_commitdate) AND (l_receiptdate >= '1997-01-01'::date) AND (l_receiptdate < '1998-01-01 00:00:00'::timestamp without time zone))\n",
      "                                      Rows Removed by Filter: 1990058\n",
      "                                ->  Index Scan using orders_pkey on orders  (cost=0.43..8.45 rows=1 width=68) (actual time=0.002..0.002 rows=1 loops=31041)\n",
      "                                      Index Cond: (o_orderkey = lineitem.l_orderkey)\n",
      "Planning Time: 0.135 ms\n",
      "JIT:\n",
      "  Functions: 43\n",
      "  Options: Inlining false, Optimization false, Expressions true, Deforming true\n",
      "  Timing: Generation 1.823 ms, Inlining 0.000 ms, Optimization 1.039 ms, Emission 18.538 ms, Total 21.400 ms\n",
      "Execution Time: 275.953 ms\n",
      "\n",
      "────────────────────────────────────────────────────────────────────────────────\n",
      "ALGORITMOS IDENTIFICADOS NO PLANO DE EXECUÇÃO:\n",
      "────────────────────────────────────────────────────────────────────────────────\n",
      "Algoritmos de Junção: Nested Loop\n",
      "Algoritmos de Varredura: Seq Scan, Index Scan\n",
      "Algoritmos de Ordenação: Sort\n",
      "Algoritmos de Agregação: GroupAggregate\n"
     ]
    }
   ],
   "source": [
    "host = \"localhost\"\n",
    "port = 5432\n",
    "user = \"icomp\"\n",
    "password = \"icomp123\"\n",
    "database = \"icomp\"\n",
    "filepath = \"query_root/perf_query_gen/\"\n",
    "\n",
    "conn = PGDBW(host, port, database, user, password)\n",
    "\n",
    "# Definir algoritmos de junção e varredura comuns no PostgreSQL\n",
    "algoritmos_juncao = ['Nested Loop', 'Hash Join', 'Merge Join']\n",
    "algoritmos_varredura = ['Seq Scan', 'Index Scan', 'Index Only Scan', 'Bitmap Heap Scan', 'Bitmap Index Scan']\n",
    "algoritmos_ordenacao = ['Sort', 'Incremental Sort']\n",
    "algoritmos_agregacao = ['HashAggregate', 'GroupAggregate']\n",
    "\n",
    "for i in [1, 3, 5, 6, 7, 9, 10, 12]:\n",
    "    print(f\"\\n{'=' * 120}\")\n",
    "    print(f\"EXPLAIN ANALYZE - QUERY {i}\")\n",
    "    print(f\"{'=' * 120}\")\n",
    "    \n",
    "    # Ler a query original\n",
    "    with open(filepath + f\"{i}.sql\", 'r') as f:\n",
    "        original_query = f.read()\n",
    "    \n",
    "    # Adicionar EXPLAIN ANALYZE\n",
    "    explain_query = \"EXPLAIN ANALYZE \" + original_query\n",
    "    \n",
    "    start_time = datetime.datetime.now()\n",
    "    result = conn.executeQuery(explain_query)\n",
    "    end_time = datetime.datetime.now()\n",
    "    execution_time = end_time - start_time\n",
    "    \n",
    "    if 'error' in result:\n",
    "        print(f\"Erro no EXPLAIN ANALYZE {i}: {result['error']}\")\n",
    "    elif 'data' in result:\n",
    "        print(f\"\\nTempo de execução do EXPLAIN: {execution_time}\")\n",
    "        \n",
    "        # Coletar algoritmos utilizados\n",
    "        algoritmos_encontrados = {\n",
    "            'juncao': [],\n",
    "            'varredura': [],\n",
    "            'ordenacao': [],\n",
    "            'agregacao': [],\n",
    "            'outros': []\n",
    "        }\n",
    "        \n",
    "        print(f\"\\nPLANO DE EXECUÇÃO (EXPLAIN ANALYZE):\")\n",
    "        for idx, row in enumerate(result['data']):\n",
    "            plan_line = list(row.values())[0] if row else \"\"\n",
    "            print(f\"{plan_line}\")\n",
    "            \n",
    "            # Identificar algoritmos na linha do plano\n",
    "            for algoritmo in algoritmos_juncao:\n",
    "                if algoritmo in plan_line:\n",
    "                    if algoritmo not in algoritmos_encontrados['juncao']:\n",
    "                        algoritmos_encontrados['juncao'].append(algoritmo)\n",
    "            \n",
    "            for algoritmo in algoritmos_varredura:\n",
    "                if algoritmo in plan_line:\n",
    "                    if algoritmo not in algoritmos_encontrados['varredura']:\n",
    "                        algoritmos_encontrados['varredura'].append(algoritmo)\n",
    "            \n",
    "            for algoritmo in algoritmos_ordenacao:\n",
    "                if algoritmo in plan_line:\n",
    "                    if algoritmo not in algoritmos_encontrados['ordenacao']:\n",
    "                        algoritmos_encontrados['ordenacao'].append(algoritmo)\n",
    "            \n",
    "            for algoritmo in algoritmos_agregacao:\n",
    "                if algoritmo in plan_line:\n",
    "                    if algoritmo not in algoritmos_encontrados['agregacao']:\n",
    "                        algoritmos_encontrados['agregacao'].append(algoritmo)\n",
    "        \n",
    "        # Mostrar resumo dos algoritmos utilizados\n",
    "        print(f\"\\n{'─' * 80}\")\n",
    "        print(\"ALGORITMOS IDENTIFICADOS NO PLANO DE EXECUÇÃO:\")\n",
    "        print(f\"{'─' * 80}\")\n",
    "        \n",
    "        if algoritmos_encontrados['juncao']:\n",
    "            print(f\"Algoritmos de Junção: {', '.join(algoritmos_encontrados['juncao'])}\")\n",
    "        \n",
    "        if algoritmos_encontrados['varredura']:\n",
    "            print(f\"Algoritmos de Varredura: {', '.join(algoritmos_encontrados['varredura'])}\")\n",
    "        \n",
    "        if algoritmos_encontrados['ordenacao']:\n",
    "            print(f\"Algoritmos de Ordenação: {', '.join(algoritmos_encontrados['ordenacao'])}\")\n",
    "        \n",
    "        if algoritmos_encontrados['agregacao']:\n",
    "            print(f\"Algoritmos de Agregação: {', '.join(algoritmos_encontrados['agregacao'])}\")\n",
    "        \n",
    "        # Verificar se não foram encontrados algoritmos conhecidos\n",
    "        total_algoritmos = (len(algoritmos_encontrados['juncao']) + \n",
    "                          len(algoritmos_encontrados['varredura']) + \n",
    "                          len(algoritmos_encontrados['ordenacao']) + \n",
    "                          len(algoritmos_encontrados['agregacao']))\n",
    "        \n",
    "        if total_algoritmos == 0:\n",
    "            print(\"ℹNenhum algoritmo específico identificado (possivelmente plano simples)\")\n",
    "            \n",
    "    else:\n",
    "        print(f\"{result.get('message', 'Resultado inesperado')}\")\n",
    "        print(f\"Tempo: {execution_time}\")"
   ]
  },
  {
   "cell_type": "code",
   "execution_count": 15,
   "id": "9bb66fed",
   "metadata": {},
   "outputs": [
    {
     "name": "stdout",
     "output_type": "stream",
     "text": [
      "\n",
      "========================================================================================================================\n",
      "QUERY 1\n",
      "========================================================================================================================\n",
      "+----------------+----------------+-------------+------------------+------------------+--------------+-----------+-------------+------------+---------------+\n",
      "| l_returnflag   | l_linestatus   |     sum_qty |   sum_base_price |   sum_disc_price |   sum_charge |   avg_qty |   avg_price |   avg_disc |   count_order |\n",
      "+================+================+=============+==================+==================+==============+===========+=============+============+===============+\n",
      "| A              | F              | 3.77341e+07 |      5.65866e+10 |      5.37583e+10 |  5.59091e+10 |    25.522 |     38273.1 |  0.0499853 |       1478493 |\n",
      "+----------------+----------------+-------------+------------------+------------------+--------------+-----------+-------------+------------+---------------+\n",
      "Tempo de execução: 0:00:01.419263\n",
      "\n",
      "========================================================================================================================\n",
      "QUERY 3\n",
      "========================================================================================================================\n",
      "+--------------+-----------+---------------+------------------+\n",
      "|   l_orderkey |   revenue | o_orderdate   |   o_shippriority |\n",
      "+==============+===========+===============+==================+\n",
      "|       837895 |    406365 | 1995-03-05    |                0 |\n",
      "+--------------+-----------+---------------+------------------+\n",
      "|      4868034 |    404208 | 1995-02-20    |                0 |\n",
      "+--------------+-----------+---------------+------------------+\n",
      "|      1670759 |    394097 | 1995-02-20    |                0 |\n",
      "+--------------+-----------+---------------+------------------+\n",
      "|      4613219 |    388943 | 1995-03-10    |                0 |\n",
      "+--------------+-----------+---------------+------------------+\n",
      "|      4046689 |    387832 | 1995-02-07    |                0 |\n",
      "+--------------+-----------+---------------+------------------+\n",
      "|      2351270 |    387237 | 1995-03-03    |                0 |\n",
      "+--------------+-----------+---------------+------------------+\n",
      "|      1950593 |    382148 | 1995-03-08    |                0 |\n",
      "+--------------+-----------+---------------+------------------+\n",
      "|       389344 |    380222 | 1995-03-13    |                0 |\n",
      "+--------------+-----------+---------------+------------------+\n",
      "|       593952 |    372619 | 1995-03-05    |                0 |\n",
      "+--------------+-----------+---------------+------------------+\n",
      "|       568514 |    370779 | 1995-02-18    |                0 |\n",
      "+--------------+-----------+---------------+------------------+\n",
      "Tempo de execução: 0:00:00.278253\n",
      "\n",
      "========================================================================================================================\n",
      "QUERY 5\n",
      "========================================================================================================================\n",
      "+----------+-------------+\n",
      "| n_name   |     revenue |\n",
      "+==========+=============+\n",
      "| RUSSIA   | 5.67154e+07 |\n",
      "+----------+-------------+\n",
      "Tempo de execução: 0:00:00.338639\n",
      "\n",
      "========================================================================================================================\n",
      "QUERY 6\n",
      "========================================================================================================================\n",
      "+-------------+\n",
      "|     revenue |\n",
      "+=============+\n",
      "| 8.23575e+07 |\n",
      "+-------------+\n",
      "Tempo de execução: 0:00:00.178548\n",
      "\n",
      "========================================================================================================================\n",
      "QUERY 7\n",
      "========================================================================================================================\n",
      "+---------------+---------------+----------+-------------+\n",
      "| supp_nation   | cust_nation   |   l_year |     revenue |\n",
      "+===============+===============+==========+=============+\n",
      "| CANADA        | FRANCE        |     1995 | 5.70793e+07 |\n",
      "+---------------+---------------+----------+-------------+\n",
      "Tempo de execução: 0:00:00.349184\n",
      "\n",
      "========================================================================================================================\n",
      "QUERY 9\n",
      "========================================================================================================================\n",
      "+----------+----------+--------------+\n",
      "| nation   |   o_year |   sum_profit |\n",
      "+==========+==========+==============+\n",
      "| ALGERIA  |     1998 |  2.96806e+07 |\n",
      "+----------+----------+--------------+\n",
      "Tempo de execução: 0:00:00.125719\n",
      "\n",
      "========================================================================================================================\n",
      "QUERY 10\n",
      "========================================================================================================================\n",
      "+-------------+--------------------+-----------+-------------+----------------+------------------------------------------+-----------------+-------------------------------------------------------------------------------------------------------------+\n",
      "|   c_custkey | c_name             |   revenue |   c_acctbal | n_name         | c_address                                | c_phone         | c_comment                                                                                                   |\n",
      "+=============+====================+===========+=============+================+==========================================+=================+=============================================================================================================+\n",
      "|       57040 | Customer#000057040 |    734235 |      632.87 | JAPAN          | Eioyzjf4pp                               | 22-895-641-3466 | sits. slyly regular requests sleep alongside of the regular inst                                            |\n",
      "+-------------+--------------------+-----------+-------------+----------------+------------------------------------------+-----------------+-------------------------------------------------------------------------------------------------------------+\n",
      "|      143347 | Customer#000143347 |    721003 |     2557.47 | EGYPT          | 1aReFYv,Kw4                              | 14-742-935-3718 | ggle carefully enticing requests. final deposits use bold, bold pinto beans. ironic, idle re                |\n",
      "+-------------+--------------------+-----------+-------------+----------------+------------------------------------------+-----------------+-------------------------------------------------------------------------------------------------------------+\n",
      "|       60838 | Customer#000060838 |    679127 |     2454.77 | BRAZIL         | 64EaJ5vMAHWJlBOxJklpNc2RJiWE             | 12-913-494-9813 | need to boost against the slyly regular account                                                             |\n",
      "+-------------+--------------------+-----------+-------------+----------------+------------------------------------------+-----------------+-------------------------------------------------------------------------------------------------------------+\n",
      "|      101998 | Customer#000101998 |    637030 |     3790.89 | UNITED KINGDOM | 01c9CILnNtfOQYmZj                        | 33-593-865-6378 | ress foxes wake slyly after the bold excuses. ironic platelets are furiously carefully bold theodolites     |\n",
      "+-------------+--------------------+-----------+-------------+----------------+------------------------------------------+-----------------+-------------------------------------------------------------------------------------------------------------+\n",
      "|      125341 | Customer#000125341 |    633508 |     4983.51 | GERMANY        | S29ODD6bceU8QSuuEJznkNaK                 | 17-582-695-5962 | arefully even depths. blithely even excuses sleep furiously. foxes use except the dependencies. ca          |\n",
      "+-------------+--------------------+-----------+-------------+----------------+------------------------------------------+-----------------+-------------------------------------------------------------------------------------------------------------+\n",
      "|       25501 | Customer#000025501 |    620270 |     7725.04 | ETHIOPIA       | W556MXuoiaYCCZamJI,Rn0B4ACUGdkQ8DZ       | 15-874-808-6793 | he pending instructions wake carefully at the pinto beans. regular, final instructions along the slyly fina |\n",
      "+-------------+--------------------+-----------+-------------+----------------+------------------------------------------+-----------------+-------------------------------------------------------------------------------------------------------------+\n",
      "|      115831 | Customer#000115831 |    596424 |     5098.1  | FRANCE         | rFeBbEEyk dl ne7zV5fDrmiq1oK09wV7pxqCgIc | 16-715-386-3788 | l somas sleep. furiously final deposits wake blithely regular pinto b                                       |\n",
      "+-------------+--------------------+-----------+-------------+----------------+------------------------------------------+-----------------+-------------------------------------------------------------------------------------------------------------+\n",
      "|       84223 | Customer#000084223 |    594998 |      528.65 | UNITED KINGDOM | nAVZCs6BaWap rrM27N 2qBnzc5WBauxbA       | 33-442-824-8191 | slyly final deposits haggle regular, pending dependencies. pending escapades wake                           |\n",
      "+-------------+--------------------+-----------+-------------+----------------+------------------------------------------+-----------------+-------------------------------------------------------------------------------------------------------------+\n",
      "|       54289 | Customer#000054289 |    585603 |     5583.02 | IRAN           | vXCxoCsU0Bad5JQI ,oobkZ                  | 20-834-292-4707 | ely special foxes are quickly finally ironic p                                                              |\n",
      "+-------------+--------------------+-----------+-------------+----------------+------------------------------------------+-----------------+-------------------------------------------------------------------------------------------------------------+\n",
      "|       39922 | Customer#000039922 |    584878 |     7321.11 | GERMANY        | Zgy4s50l2GKN4pLDPBU8m342gIw6R            | 17-147-757-8036 | y final requests. furiously final foxes cajole blithely special platelets. f                                |\n",
      "+-------------+--------------------+-----------+-------------+----------------+------------------------------------------+-----------------+-------------------------------------------------------------------------------------------------------------+\n",
      "Tempo de execução: 0:00:00.350969\n",
      "\n",
      "========================================================================================================================\n",
      "QUERY 12\n",
      "========================================================================================================================\n",
      "+--------------+-------------------+------------------+\n",
      "| l_shipmode   |   high_line_count |   low_line_count |\n",
      "+==============+===================+==================+\n",
      "| AIR          |              6290 |             9263 |\n",
      "+--------------+-------------------+------------------+\n",
      "Tempo de execução: 0:00:00.273957\n"
     ]
    }
   ],
   "source": [
    "\n",
    "for i in [1, 3, 5, 6, 7, 9, 10, 12]:\n",
    "    print(f\"\\n{'=' * 120}\")\n",
    "    print(f\"QUERY {i}\")\n",
    "    print(f\"{'=' * 120}\")\n",
    "    \n",
    "    # Ler a query original\n",
    "    with open(filepath + f\"{i}.sql\", 'r') as f:\n",
    "        original_query = f.read()\n",
    "    \n",
    "    start_time = datetime.datetime.now()\n",
    "    result = conn.executeQuery(original_query)\n",
    "    end_time = datetime.datetime.now()\n",
    "    execution_time = end_time - start_time\n",
    "    \n",
    "    if 'error' in result:\n",
    "        print(f\"Erro ao executar query {i}: {result['error']}\")\n",
    "        continue\n",
    "    \n",
    "    if 'data' not in result or len(result['data']) == 0:\n",
    "        print(\"Nenhum dado retornado.\")\n",
    "        continue\n",
    "    \n",
    "    rows = result['data']\n",
    "    \n",
    "    # Pegar colunas (as chaves do primeiro registro)\n",
    "    headers = list(rows[0].keys())\n",
    "    \n",
    "    # Converter registros para lista de listas\n",
    "    table = [list(r.values()) for r in rows[:10]]\n",
    "    \n",
    "    print(tabulate(table, headers=headers, tablefmt=\"grid\"))\n",
    "    print(f\"Tempo de execução: {execution_time}\")\n"
   ]
  },
  {
   "cell_type": "markdown",
   "id": "bf60578d",
   "metadata": {},
   "source": [
    "## Parte II\n",
    "Análise do comportamento dos índices das tabelas do SGBD através do exame das tabelas de estatísticas para consultas SQL."
   ]
  },
  {
   "cell_type": "code",
   "execution_count": 16,
   "id": "39478c55",
   "metadata": {},
   "outputs": [
    {
     "name": "stdout",
     "output_type": "stream",
     "text": [
      "Conectado ao PostgreSQL.\n"
     ]
    }
   ],
   "source": [
    "# Configuração de conexão para a PARTE II\n",
    "DB_CONFIG_PARTE2 = {\n",
    "    \"dbname\": \"icomp\",\n",
    "    \"user\": \"icomp\",\n",
    "    \"password\": \"icomp123\",   \n",
    "    \"host\": \"localhost\",\n",
    "    \"port\": 5432\n",
    "}\n",
    "\n",
    "conn_p2 = psycopg2.connect(**DB_CONFIG_PARTE2)\n",
    "cur_p2 = conn_p2.cursor()\n",
    "print(\"Conectado ao PostgreSQL.\")\n"
   ]
  },
  {
   "cell_type": "markdown",
   "id": "8355f1ab",
   "metadata": {},
   "source": [
    "### Tarefa 5 – Preparação da Tabela Aleatória\n",
    "\n"
   ]
  },
  {
   "cell_type": "code",
   "execution_count": 17,
   "id": "36c53abc",
   "metadata": {},
   "outputs": [
    {
     "name": "stdout",
     "output_type": "stream",
     "text": [
      "Tabela t criada e populada com 100.000 tuplas.\n",
      "\n",
      "Primeiras 10 tuplas da tabela t (ordenadas por k):\n",
      "    k  v\n",
      "0   1  0\n",
      "1   2  5\n",
      "2   3  0\n",
      "3   4  4\n",
      "4   5  6\n",
      "5   6  4\n",
      "6   7  3\n",
      "7   8  4\n",
      "8   9  3\n",
      "9  10  2\n"
     ]
    }
   ],
   "source": [
    "cur_p2.execute(\"\"\"\n",
    "DROP TABLE IF EXISTS t;\n",
    "CREATE TABLE t (\n",
    "    k serial PRIMARY KEY,\n",
    "    v integer\n",
    ");\n",
    "\n",
    "INSERT INTO t(v)\n",
    "SELECT trunc(random() * 10)\n",
    "FROM generate_series(1,100000);\n",
    "\"\"\")\n",
    "conn_p2.commit()\n",
    "print(\"Tabela t criada e populada com 100.000 tuplas.\")\n",
    "\n",
    "cur_p2.execute(\"SELECT * FROM t ORDER BY k LIMIT 10;\")\n",
    "rows = cur_p2.fetchall()\n",
    "df_t10 = pd.DataFrame(rows, columns=[\"k\", \"v\"])\n",
    "print(\"\\nPrimeiras 10 tuplas da tabela t (ordenadas por k):\")\n",
    "print(df_t10)"
   ]
  },
  {
   "cell_type": "markdown",
   "id": "032afcdb",
   "metadata": {},
   "source": [
    "### Tarefa 6 – Páginas criadas"
   ]
  },
  {
   "cell_type": "code",
   "execution_count": 18,
   "id": "ecd7976f",
   "metadata": {},
   "outputs": [
    {
     "name": "stdout",
     "output_type": "stream",
     "text": [
      "  relname  relpages  reltuples\n",
      "0       t         0       -1.0\n"
     ]
    }
   ],
   "source": [
    "cur_p2.execute(\"\"\"\n",
    "SELECT relname, relpages, reltuples\n",
    "FROM pg_class\n",
    "WHERE relname = 't';\n",
    "\"\"\")\n",
    "rows = cur_p2.fetchall()\n",
    "df_pgclass = pd.DataFrame(rows, columns=[\"relname\", \"relpages\", \"reltuples\"])\n",
    "print(df_pgclass)"
   ]
  },
  {
   "cell_type": "markdown",
   "id": "133dffae",
   "metadata": {},
   "source": [
    "### Tarefa 7 – Blocos"
   ]
  },
  {
   "cell_type": "code",
   "execution_count": 19,
   "id": "d6ca43d2",
   "metadata": {},
   "outputs": [
    {
     "name": "stdout",
     "output_type": "stream",
     "text": [
      "\n",
      "Estatísticas em pg_stats para tabela t:\n",
      "Empty DataFrame\n",
      "Columns: [schemaname, tablename, attname, inherited, null_frac, avg_width, n_distinct, most_common_vals, most_common_freqs, histogram_bounds, correlation, most_common_elems, most_common_elem_freqs, elem_count_histogram]\n",
      "Index: []\n"
     ]
    },
    {
     "ename": "InsufficientPrivilege",
     "evalue": "permission denied for function pg_stat_reset\n",
     "output_type": "error",
     "traceback": [
      "\u001b[0;31m---------------------------------------------------------------------------\u001b[0m",
      "\u001b[0;31mInsufficientPrivilege\u001b[0m                     Traceback (most recent call last)",
      "\u001b[0;32m/tmp/ipykernel_13335/4057619071.py\u001b[0m in \u001b[0;36m<module>\u001b[0;34m\u001b[0m\n\u001b[1;32m     12\u001b[0m \u001b[0mprint\u001b[0m\u001b[0;34m(\u001b[0m\u001b[0mdf_pgstats\u001b[0m\u001b[0;34m)\u001b[0m\u001b[0;34m\u001b[0m\u001b[0;34m\u001b[0m\u001b[0m\n\u001b[1;32m     13\u001b[0m \u001b[0;34m\u001b[0m\u001b[0m\n\u001b[0;32m---> 14\u001b[0;31m \u001b[0mcur_p2\u001b[0m\u001b[0;34m.\u001b[0m\u001b[0mexecute\u001b[0m\u001b[0;34m(\u001b[0m\u001b[0;34m\"SELECT pg_stat_reset();\"\u001b[0m\u001b[0;34m)\u001b[0m\u001b[0;34m\u001b[0m\u001b[0;34m\u001b[0m\u001b[0m\n\u001b[0m\u001b[1;32m     15\u001b[0m \u001b[0mconn_p2\u001b[0m\u001b[0;34m.\u001b[0m\u001b[0mcommit\u001b[0m\u001b[0;34m(\u001b[0m\u001b[0;34m)\u001b[0m\u001b[0;34m\u001b[0m\u001b[0;34m\u001b[0m\u001b[0m\n\u001b[1;32m     16\u001b[0m \u001b[0mprint\u001b[0m\u001b[0;34m(\u001b[0m\u001b[0;34m\"\\nEstatísticas resetadas com pg_stat_reset().\"\u001b[0m\u001b[0;34m)\u001b[0m\u001b[0;34m\u001b[0m\u001b[0;34m\u001b[0m\u001b[0m\n",
      "\u001b[0;31mInsufficientPrivilege\u001b[0m: permission denied for function pg_stat_reset\n"
     ]
    }
   ],
   "source": [
    "cur_p2.execute(\"SELECT pg_sleep(1);\")\n",
    "\n",
    "cur_p2.execute(\"\"\"\n",
    "SELECT *\n",
    "FROM pg_stats\n",
    "WHERE tablename = 't';\n",
    "\"\"\")\n",
    "cols = [desc[0] for desc in cur_p2.description]\n",
    "df_pgstats = pd.DataFrame(cur_p2.fetchall(), columns=cols)\n",
    "\n",
    "print(\"\\nEstatísticas em pg_stats para tabela t:\")\n",
    "print(df_pgstats)\n",
    "\n",
    "cur_p2.execute(\"SELECT pg_stat_reset();\")\n",
    "conn_p2.commit()\n",
    "print(\"\\nEstatísticas resetadas com pg_stat_reset().\")"
   ]
  },
  {
   "cell_type": "code",
   "execution_count": 21,
   "id": "19ac05f3",
   "metadata": {},
   "outputs": [
    {
     "name": "stdout",
     "output_type": "stream",
     "text": [
      "cursor not initialized\n",
      "Antes: {'relname': 't', 'heap_blks_read': 445, 'heap_blks_hit': 100882, 'idx_blks_read': 276, 'idx_blks_hit': 199871}\n",
      "Depois: {'relname': 't', 'heap_blks_read': 445, 'heap_blks_hit': 100882, 'idx_blks_read': 276, 'idx_blks_hit': 199871}\n",
      "\n",
      "Blocos efetivamente acessados pela consulta (diferença):\n",
      "{'heap_blks_read': 0, 'heap_blks_hit': 0, 'idx_blks_read': 0, 'idx_blks_hit': 0}\n"
     ]
    }
   ],
   "source": [
    "def get_io_stats(cur):\n",
    "    cur.execute(\"\"\"\n",
    "        SELECT\n",
    "            relname,\n",
    "            heap_blks_read,\n",
    "            heap_blks_hit,\n",
    "            idx_blks_read,\n",
    "            idx_blks_hit\n",
    "        FROM pg_statio_user_tables\n",
    "        WHERE relname = 't';\n",
    "    \"\"\")\n",
    "    row = cur.fetchone()\n",
    "    if row is None:\n",
    "        return None\n",
    "    cols = [d[0] for d in cur.description]\n",
    "    return dict(zip(cols, row))\n",
    "# Corrigir a transação falha anterior\n",
    "conn_p2.rollback()\n",
    "# 1) Estatísticas antes da consulta\n",
    "stats_before = get_io_stats(cur_p2)\n",
    "\n",
    "# 2) Rodar a consulta que você quer medir\n",
    "cur_p2.execute(\"SELECT pg_sleep(1);\")   # ou a consulta real em t\n",
    "conn.commit()\n",
    "\n",
    "# 3) Estatísticas depois da consulta\n",
    "stats_after = get_io_stats(cur_p2)\n",
    "\n",
    "print(\"Antes:\", stats_before)\n",
    "print(\"Depois:\", stats_after)\n",
    "\n",
    "if stats_before and stats_after:\n",
    "    delta = {\n",
    "        k: stats_after[k] - stats_before[k]\n",
    "        for k in [\"heap_blks_read\", \"heap_blks_hit\", \"idx_blks_read\", \"idx_blks_hit\"]\n",
    "    }\n",
    "    print(\"\\nBlocos efetivamente acessados pela consulta (diferença):\")\n",
    "    print(delta)\n"
   ]
  },
  {
   "cell_type": "markdown",
   "id": "4ad6b99c",
   "metadata": {},
   "source": [
    "### Tarefa 8 – Índice"
   ]
  },
  {
   "cell_type": "code",
   "execution_count": null,
   "id": "0627e950",
   "metadata": {},
   "outputs": [],
   "source": [
    "# Índice e consulta com 100k tuplas\n",
    "inicio = time.time()\n",
    "cur_p2.execute(\"CREATE INDEX idx_v ON t(v);\")\n",
    "conn_p2.commit()\n",
    "fim = time.time()\n",
    "tempo_criacao_100k = fim - inicio\n",
    "print(f\"Tempo para criar índice idx_v (100k tuplas): {tempo_criacao_100k:.6f} s\")\n",
    "\n",
    "inicio = time.time()\n",
    "cur_p2.execute(\"SELECT * FROM t WHERE v = 5;\")\n",
    "rows = cur_p2.fetchall()\n",
    "fim = time.time()\n",
    "tempo_consulta_100k = fim - inicio\n",
    "print(f\"Tempo de consulta (v = 5) com 100k tuplas: {tempo_consulta_100k:.6f} s\")\n",
    "print(\"Tuplas retornadas:\", len(rows))\n",
    "\n",
    "# Recriar tabela t com 1.000.000 de tuplas\n",
    "print(\"\\nRecriando tabela t com 1.000.000 tuplas...\")\n",
    "\n",
    "cur_p2.execute(\"DROP TABLE IF EXISTS t;\")\n",
    "cur_p2.execute(\"\"\"\n",
    "CREATE TABLE t (\n",
    "    k serial PRIMARY KEY,\n",
    "    v integer\n",
    ");\n",
    "\"\"\")\n",
    "conn_p2.commit()\n",
    "\n",
    "cur_p2.execute(\"\"\"\n",
    "INSERT INTO t(v)\n",
    "SELECT trunc(random() * 10)\n",
    "FROM generate_series(1,1000000);\n",
    "\"\"\")\n",
    "conn_p2.commit()\n",
    "print(\"Tabela t populada com 1.000.000 de tuplas.\")\n",
    "\n",
    "inicio = time.time()\n",
    "cur_p2.execute(\"CREATE INDEX idx_v ON t(v);\")\n",
    "conn_p2.commit()\n",
    "fim = time.time()\n",
    "tempo_criacao_1m = fim - inicio\n",
    "print(f\"Tempo para criar índice idx_v (1M tuplas): {tempo_criacao_1m:.6f} s\")\n",
    "\n",
    "inicio = time.time()\n",
    "cur_p2.execute(\"SELECT * FROM t WHERE v = 5;\")\n",
    "rows = cur_p2.fetchall()\n",
    "fim = time.time()\n",
    "tempo_consulta_1m = fim - inicio\n",
    "print(f\"Tempo de consulta (v = 5) com 1M tuplas: {tempo_consulta_1m:.6f} s\")\n",
    "print(\"Tuplas retornadas:\", len(rows))"
   ]
  },
  {
   "cell_type": "markdown",
   "id": "ca9830f6",
   "metadata": {},
   "source": [
    "- O tempo para criar o índice cresce aproximadamente de forma linear com o número de tuplas.\n",
    "\n",
    "- O índice acelera consultas para v = 5, mantendo tempo < 0,1s mesmo com 1 milhão de tuplas."
   ]
  },
  {
   "cell_type": "markdown",
   "id": "d9fc1557",
   "metadata": {},
   "source": [
    "### Tarefa 9 – Fillfactor"
   ]
  },
  {
   "cell_type": "code",
   "execution_count": null,
   "id": "111621ba",
   "metadata": {},
   "outputs": [],
   "source": [
    "cur_p2.execute(\"DROP INDEX IF EXISTS idx_v;\")\n",
    "conn_p2.commit()\n",
    "\n",
    "fillfactors = [60, 80, 90, 100]\n",
    "resultados_ff = []\n",
    "\n",
    "for ff in fillfactors:\n",
    "    idx_name = f\"idx_v_ff{ff}\"\n",
    "    cur_p2.execute(f\"DROP INDEX IF EXISTS {idx_name};\")\n",
    "    conn_p2.commit()\n",
    "\n",
    "    inicio = time.time()\n",
    "    cur_p2.execute(f\"\"\"\n",
    "        CREATE INDEX {idx_name} ON t(v)\n",
    "        WITH (fillfactor = {ff});\n",
    "    \"\"\")\n",
    "    conn_p2.commit()\n",
    "    fim = time.time()\n",
    "    tempo_criacao = fim - inicio\n",
    "\n",
    "    inicio = time.time()\n",
    "    cur_p2.execute(\"SELECT * FROM t WHERE v = 5;\")\n",
    "    cur_p2.fetchall()\n",
    "    fim = time.time()\n",
    "    tempo_consulta = fim - inicio\n",
    "\n",
    "    resultados_ff.append([ff, tempo_criacao, tempo_consulta])\n",
    "\n",
    "df_fillfactor = pd.DataFrame(resultados_ff, columns=[\"fillfactor\", \"tempo_criacao\", \"tempo_consulta\"])\n",
    "print(\"\\nResultados por fillfactor (índice ASC):\")\n",
    "print(df_fillfactor)"
   ]
  },
  {
   "cell_type": "markdown",
   "id": "6ce676bb",
   "metadata": {},
   "source": [
    "Os resultados mostram que o fillfactor tem impacto mínimo no desempenho de consultas com igualdade (v = 5) em uma tabela estática. Isso ocorre porque o fillfactor afeta principalmente operações de escrita (inserções e atualizações) e não operações de leitura. Portanto, é esperado que todos os valores testados apresentem tempos muito semelhantes."
   ]
  },
  {
   "cell_type": "markdown",
   "id": "14c27f45",
   "metadata": {},
   "source": [
    "### Tarefa 10 – Índices DESC"
   ]
  },
  {
   "cell_type": "code",
   "execution_count": null,
   "id": "5082219d",
   "metadata": {},
   "outputs": [],
   "source": [
    "\n",
    "cur_p2.execute(\"DROP INDEX IF EXISTS idx_v_desc;\")\n",
    "conn_p2.commit()\n",
    "\n",
    "inicio = time.time()\n",
    "cur_p2.execute(\"CREATE INDEX idx_v_desc ON t(v DESC NULLS FIRST);\")\n",
    "conn_p2.commit()\n",
    "fim = time.time()\n",
    "tempo_criacao_desc = fim - inicio\n",
    "print(f\"Tempo criação índice descendente idx_v_desc: {tempo_criacao_desc:.6f} s\")\n",
    "\n",
    "inicio = time.time()\n",
    "cur_p2.execute(\"SELECT * FROM t WHERE v = 5;\")\n",
    "cur_p2.fetchall()\n",
    "fim = time.time()\n",
    "tempo_consulta_desc = fim - inicio\n",
    "print(f\"Tempo consulta (v = 5) com índice descendente: {tempo_consulta_desc:.6f} s\")\n",
    "\n",
    "fillfactors = [60, 80, 90, 100]\n",
    "resultados_desc_ff = []\n",
    "\n",
    "for ff in fillfactors:\n",
    "    idx_name = f\"idx_v_desc_ff{ff}\"\n",
    "    cur_p2.execute(f\"DROP INDEX IF EXISTS {idx_name};\")\n",
    "    conn_p2.commit()\n",
    "\n",
    "    inicio = time.time()\n",
    "    cur_p2.execute(f\"\"\"\n",
    "        CREATE INDEX {idx_name} ON t(v DESC NULLS FIRST)\n",
    "        WITH (fillfactor = {ff});\n",
    "    \"\"\")\n",
    "    conn_p2.commit()\n",
    "    fim = time.time()\n",
    "    tempo_criacao = fim - inicio\n",
    "\n",
    "    inicio = time.time()\n",
    "    cur_p2.execute(\"SELECT * FROM t WHERE v = 5;\")\n",
    "    cur_p2.fetchall()\n",
    "    fim = time.time()\n",
    "    tempo_consulta = fim - inicio\n",
    "\n",
    "    resultados_desc_ff.append([ff, tempo_criacao, tempo_consulta])\n",
    "\n",
    "df_desc_fillfactor = pd.DataFrame(resultados_desc_ff, columns=[\"fillfactor\", \"tempo_criacao\", \"tempo_consulta\"])\n",
    "print(\"\\nResultados por fillfactor (índice DESC):\")\n",
    "print(df_desc_fillfactor)\n",
    "\n",
    "# Fechar conexão da Parte II\n",
    "cur_p2.close()\n",
    "conn_p2.close()\n",
    "print(\"\\nConexão da PARTE II encerrada.\")"
   ]
  },
  {
   "cell_type": "markdown",
   "id": "e280fa28",
   "metadata": {},
   "source": [
    "- Índices descendentes apresentam desempenho muito semelhante aos índices em ordem padrão (ASC) para consultas por igualdade (v = 5).\n",
    "\n",
    "- A escolha entre ASC e DESC é mais importante quando o plano de execução precisa retornar dados ordenados por v, especialmente com ORDER BY v DESC LIMIT n.\n",
    "\n",
    "- As variações de fillfactor (60, 80, 90, 100) nos índices descendentes não alteraram de forma significativa o tempo de consulta, o que confirma que:\n",
    "\n",
    "    - fillfactor impacta principalmente operações de escrita,\n",
    "\n",
    "    - enquanto consultas de leitura simples são pouco sensíveis a essa configuração em tabelas estáticas."
   ]
  },
  {
   "cell_type": "markdown",
   "id": "09c6df6d",
   "metadata": {},
   "source": [
    "## Parte IV"
   ]
  },
  {
   "cell_type": "markdown",
   "id": "5a530dde",
   "metadata": {},
   "source": [
    "O objetivo desta parte do trabalho é experimentar estratégias para utilização de transações e níveis de isolamento em SGBDs relacionais. As tarefas envolvem uma simulação de um sistema de reservas de passagem áreas. \n"
   ]
  },
  {
   "cell_type": "code",
   "execution_count": null,
   "id": "58b1f50e",
   "metadata": {},
   "outputs": [],
   "source": [
    "DB_CONFIG = {\n",
    "    \"dbname\": \"tpch\",\n",
    "    \"user\": \"postgres\",\n",
    "    \"password\": \"test123\",\n",
    "    \"host\": \"localhost\",\n",
    "    \"port\": 5432\n",
    "}\n",
    "\n",
    "def reset_db():\n",
    "    conn = psycopg2.connect(**DB_CONFIG)\n",
    "    cur = conn.cursor()\n",
    "\n",
    "    cur.execute(\"DROP TABLE IF EXISTS assentos;\")\n",
    "    cur.execute(\"\"\"\n",
    "        CREATE TABLE assentos(\n",
    "            num_voo INT PRIMARY KEY,\n",
    "            disp BOOLEAN\n",
    "        );\n",
    "    \"\"\")\n",
    "\n",
    "    # 200 assentos inicialmente livres\n",
    "    cur.executemany(\"INSERT INTO assentos VALUES (%s, true);\", [(i,) for i in range(1, 201)])\n",
    "\n",
    "    conn.commit()\n",
    "    cur.close()\n",
    "    conn.close()\n",
    "\n",
    "reset_db()\n",
    "print(\"Tabela assentos pronta.\")\n"
   ]
  },
  {
   "cell_type": "markdown",
   "id": "1252fc44",
   "metadata": {},
   "source": [
    "### Tarefa 17 – Código das Versões A e B"
   ]
  },
  {
   "cell_type": "markdown",
   "id": "06bf2782",
   "metadata": {},
   "source": [
    "Versão A - Uma única transação"
   ]
  },
  {
   "cell_type": "code",
   "execution_count": 26,
   "id": "3f314f01",
   "metadata": {},
   "outputs": [],
   "source": [
    "def reserva_versaoA(isolation_level):\n",
    "\n",
    "    conn = psycopg2.connect(**DB_CONFIG)\n",
    "    conn.set_session(isolation_level=isolation_level)\n",
    "    cur = conn.cursor()\n",
    "\n",
    "    tentativas = 0\n",
    "\n",
    "    while True:\n",
    "        tentativas += 1\n",
    "        try:\n",
    "            # Passo 1 — escolher 1 assento livre e BLOQUEAR apenas ele\n",
    "            cur.execute(\"\"\"\n",
    "                SELECT num_voo \n",
    "                FROM assentos \n",
    "                WHERE disp = true \n",
    "                ORDER BY random()\n",
    "                LIMIT 1\n",
    "                FOR UPDATE;\n",
    "            \"\"\")\n",
    "            row = cur.fetchone()\n",
    "\n",
    "            # Nenhum assento livre → fim\n",
    "            if not row:\n",
    "                conn.rollback()\n",
    "                break\n",
    "\n",
    "            escolhido = row[0]\n",
    "\n",
    "            # Passo 2 — espera de 1s (cliente escolhendo)\n",
    "            time.sleep(1)\n",
    "\n",
    "            # Passo 3 — marcar como ocupado\n",
    "            cur.execute(\"\"\"\n",
    "                UPDATE assentos \n",
    "                SET disp = false \n",
    "                WHERE num_voo = %s;\n",
    "            \"\"\", (escolhido,))\n",
    "\n",
    "            conn.commit()\n",
    "            break  # reserva feita com sucesso\n",
    "\n",
    "        except psycopg2.errors.SerializationFailure:\n",
    "            # conflitos serializáveis → tentar de novo\n",
    "            conn.rollback()\n",
    "            continue\n",
    "\n",
    "        except psycopg2.Error as e:\n",
    "            # erros inesperados devem ser reportados\n",
    "            conn.rollback()\n",
    "            print(\"Erro inesperado na versão A:\", e)\n",
    "            break\n",
    "\n",
    "    cur.close()\n",
    "    conn.close()\n",
    "    return tentativas\n"
   ]
  },
  {
   "cell_type": "markdown",
   "id": "48836f96",
   "metadata": {},
   "source": [
    "Versão b - Duas transações"
   ]
  },
  {
   "cell_type": "code",
   "execution_count": 27,
   "id": "05728698",
   "metadata": {},
   "outputs": [],
   "source": [
    "def reserva_versaoB(isolation_level):\n",
    "\n",
    "    tentativas = 0\n",
    "\n",
    "    while True:\n",
    "        tentativas += 1\n",
    "\n",
    "        try:\n",
    "            # ================================\n",
    "            # TRANSAÇÃO 1: obter 1 assento livre\n",
    "            # ================================\n",
    "            conn1 = psycopg2.connect(**DB_CONFIG)\n",
    "            conn1.set_session(isolation_level=isolation_level)\n",
    "            cur1 = conn1.cursor()\n",
    "\n",
    "            cur1.execute(\"\"\"\n",
    "                SELECT num_voo \n",
    "                FROM assentos \n",
    "                WHERE disp = true \n",
    "                ORDER BY random()\n",
    "                LIMIT 1;\n",
    "            \"\"\")\n",
    "\n",
    "            row = cur1.fetchone()\n",
    "\n",
    "            if not row:\n",
    "                conn1.commit()\n",
    "                conn1.close()\n",
    "                break  # nenhum assento disponível\n",
    "\n",
    "            escolhido = row[0]\n",
    "\n",
    "            conn1.commit()\n",
    "            conn1.close()\n",
    "\n",
    "            # ================================\n",
    "            # PASSO 2 — escolha do cliente\n",
    "            # ================================\n",
    "            time.sleep(1)\n",
    "\n",
    "            # ================================\n",
    "            # TRANSAÇÃO 2: tentar reservar\n",
    "            # ================================\n",
    "            conn2 = psycopg2.connect(**DB_CONFIG)\n",
    "            conn2.set_session(isolation_level=isolation_level)\n",
    "            cur2 = conn2.cursor()\n",
    "\n",
    "            cur2.execute(\"\"\"\n",
    "                UPDATE assentos\n",
    "                SET disp = false\n",
    "                WHERE num_voo = %s AND disp = true;\n",
    "            \"\"\", (escolhido,))\n",
    "\n",
    "            if cur2.rowcount == 1:\n",
    "                conn2.commit()\n",
    "                conn2.close()\n",
    "                break  # reserva concluída\n",
    "            else:\n",
    "                conn2.rollback()\n",
    "                conn2.close()\n",
    "                continue  # alguém já pegou → tentar novamente\n",
    "\n",
    "        except psycopg2.errors.SerializationFailure:\n",
    "            # conflito serializável → repetir tentativa\n",
    "            continue\n",
    "\n",
    "        except Exception as e:\n",
    "            # erro inesperado → reportar e quebrar\n",
    "            print(\"Erro inesperado na versão B:\", e)\n",
    "            break\n",
    "\n",
    "    return tentativas\n"
   ]
  },
  {
   "cell_type": "markdown",
   "id": "ccd4b561",
   "metadata": {},
   "source": [
    "### Tarefa 18 – Executar experimentos e gerar gráficos"
   ]
  },
  {
   "cell_type": "code",
   "execution_count": null,
   "id": "3ac39de5",
   "metadata": {},
   "outputs": [],
   "source": [
    "import time\n",
    "import threading\n",
    "import matplotlib.pyplot as plt\n",
    "import numpy as np\n",
    "\n",
    "# k usados no experimento\n",
    "k_values = [1, 2, 4, 6, 8, 10]\n",
    "\n",
    "# estrutura para armazenar os tempos de cada experimento\n",
    "resultados = {\n",
    "    \"A_READ_COMMITTED\": [],\n",
    "    \"A_SERIALIZABLE\": [],\n",
    "    \"B_READ_COMMITTED\": [],\n",
    "    \"B_SERIALIZABLE\": []\n",
    "}\n",
    "\n",
    "estatisticas_tentativas = []\n",
    "\n",
    "def executar_experimento(k, versao_func, isolation_level, num_clientes=200):\n",
    "    \"\"\"\n",
    "    Executa um experimento com:\n",
    "    - k threads (agentes de viagem)\n",
    "    - num_clientes clientes (default = 200)\n",
    "    - versao_func: reserva_versaoA ou reserva_versaoB\n",
    "    - isolation_level: 'READ COMMITTED' ou 'SERIALIZABLE'\n",
    "\n",
    "    Retorna:\n",
    "        tempo_total (float),\n",
    "        tentativas_total (lista de tentativas por cliente),\n",
    "        estatisticas (dict com Min, Max, Média)\n",
    "    \"\"\"\n",
    "\n",
    "    # Começa sempre com a tabela de 200 assentos livres\n",
    "    reset_db()\n",
    "\n",
    "    inicio = time.time()\n",
    "    tentativas_total = []\n",
    "\n",
    "    contador = {\"cliente\": 0}\n",
    "    lock = threading.Lock()\n",
    "\n",
    "    def worker():\n",
    "        while True:\n",
    "            # pegar \"um cliente\" para esta thread\n",
    "            with lock:\n",
    "                if contador[\"cliente\"] >= num_clientes:\n",
    "                    return\n",
    "                contador[\"cliente\"] += 1\n",
    "\n",
    "            # atende um cliente (uma reserva completa)\n",
    "            tentativas = versao_func(isolation_level)\n",
    "            tentativas_total.append(tentativas)\n",
    "\n",
    "    # cria k threads/agentes\n",
    "    threads = [threading.Thread(target=worker) for _ in range(k)]\n",
    "\n",
    "    # inicia e aguarda todas\n",
    "    for t in threads:\n",
    "        t.start()\n",
    "    for t in threads:\n",
    "        t.join()\n",
    "\n",
    "    tempo_total = time.time() - inicio\n",
    "\n",
    "    # ---- estatísticas das tentativas ----\n",
    "    arr = np.array(tentativas_total)\n",
    "    estatisticas = {\n",
    "        \"Min\": arr.min(),\n",
    "        \"Max\": arr.max(),\n",
    "        \"Média\": arr.mean()\n",
    "    }\n",
    "\n",
    "    return tempo_total, tentativas_total, estatisticas\n",
    "\n"
   ]
  },
  {
   "cell_type": "markdown",
   "id": "7ffa8045",
   "metadata": {},
   "source": [
    "Executar Experimentos"
   ]
  },
  {
   "cell_type": "code",
   "execution_count": null,
   "id": "bab3752a",
   "metadata": {},
   "outputs": [],
   "source": [
    "for k in k_values:\n",
    "    # Versão A - Read Committed\n",
    "    t, tent, stats = executar_experimento(k, reserva_versaoA, \"READ COMMITTED\")\n",
    "    resultados[\"A_READ_COMMITTED\"].append(t)\n",
    "\n",
    "    estatisticas_tentativas.append({\n",
    "        \"k\": k,\n",
    "        \"Versão\": \"A\",\n",
    "        \"Isolamento\": \"READ COMMITTED\",\n",
    "        \"Min\": stats[\"Min\"],\n",
    "        \"Max\": stats[\"Max\"],\n",
    "        \"Média\": stats[\"Média\"]\n",
    "    })\n"
   ]
  },
  {
   "cell_type": "code",
   "execution_count": null,
   "id": "d4cc17b9",
   "metadata": {},
   "outputs": [],
   "source": [
    "for k in k_values:\n",
    "    # Versão A - Serializable\n",
    "    t, tent, stats = executar_experimento(k, reserva_versaoA, \"SERIALIZABLE\")\n",
    "    resultados[\"A_SERIALIZABLE\"].append(t)\n",
    "\n",
    "    estatisticas_tentativas.append({\n",
    "        \"k\": k,\n",
    "        \"Versão\": \"A\",\n",
    "        \"Isolamento\": \"SERIALIZABLE\",\n",
    "        \"Min\": stats[\"Min\"],\n",
    "        \"Max\": stats[\"Max\"],\n",
    "        \"Média\": stats[\"Média\"]\n",
    "    })\n"
   ]
  },
  {
   "cell_type": "code",
   "execution_count": null,
   "id": "23d91c76",
   "metadata": {},
   "outputs": [],
   "source": [
    "for k in k_values:\n",
    "    # Versão B - Read Committed\n",
    "    t, tent, stats = executar_experimento(k, reserva_versaoB, \"READ COMMITTED\")\n",
    "    resultados[\"B_READ_COMMITTED\"].append(t)\n",
    "\n",
    "    estatisticas_tentativas.append({\n",
    "        \"k\": k,\n",
    "        \"Versão\": \"B\",\n",
    "        \"Isolamento\": \"READ COMMITTED\",\n",
    "        \"Min\": stats[\"Min\"],\n",
    "        \"Max\": stats[\"Max\"],\n",
    "        \"Média\": stats[\"Média\"]\n",
    "    })\n"
   ]
  },
  {
   "cell_type": "code",
   "execution_count": null,
   "id": "a5944f38",
   "metadata": {},
   "outputs": [],
   "source": [
    "for k in k_values:\n",
    "    # Versão B - Serializable\n",
    "    t, tent, stats = executar_experimento(k, reserva_versaoB, \"SERIALIZABLE\")\n",
    "    resultados[\"B_SERIALIZABLE\"].append(t)\n",
    "\n",
    "    estatisticas_tentativas.append({\n",
    "        \"k\": k,\n",
    "        \"Versão\": \"B\",\n",
    "        \"Isolamento\": \"SERIALIZABLE\",\n",
    "        \"Min\": stats[\"Min\"],\n",
    "        \"Max\": stats[\"Max\"],\n",
    "        \"Média\": stats[\"Média\"]\n",
    "    })\n"
   ]
  },
  {
   "cell_type": "markdown",
   "id": "947726c0",
   "metadata": {},
   "source": [
    "Gerar Gráficos"
   ]
  },
  {
   "cell_type": "code",
   "execution_count": null,
   "id": "835209e3",
   "metadata": {},
   "outputs": [],
   "source": [
    "def gerar_grafico(nome, valores, titulo):\n",
    "    plt.figure(figsize=(8,5))\n",
    "    plt.plot(k_values, valores, marker='o')\n",
    "    plt.xlabel(\"Número de agentes (k)\")\n",
    "    plt.ylabel(\"Tempo total (s)\")\n",
    "    plt.title(titulo)\n",
    "    plt.grid(True)\n",
    "\n",
    "    # Range fixo para facilitar comparação entre gráficos \n",
    "    plt.ylim(0, 300)  \n",
    "\n",
    "    plt.show()\n",
    "\n",
    "\n",
    "gerar_grafico(\n",
    "    \"A_READ_COMMITTED\",\n",
    "    resultados[\"A_READ_COMMITTED\"],\n",
    "    \"Versão A – Read Committed\"\n",
    ")\n",
    "\n",
    "gerar_grafico(\n",
    "    \"A_SERIALIZABLE\",\n",
    "    resultados[\"A_SERIALIZABLE\"],\n",
    "    \"Versão A – Serializable\"\n",
    ")\n",
    "\n",
    "gerar_grafico(\n",
    "    \"B_READ_COMMITTED\",\n",
    "    resultados[\"B_READ_COMMITTED\"],\n",
    "    \"Versão B – Read Committed\"\n",
    ")\n",
    "\n",
    "gerar_grafico(\n",
    "    \"B_SERIALIZABLE\",\n",
    "    resultados[\"B_SERIALIZABLE\"],\n",
    "    \"Versão B – Serializable\"\n",
    ")\n"
   ]
  },
  {
   "cell_type": "markdown",
   "id": "24ea69ca",
   "metadata": {},
   "source": [
    "### Tarefa 19 — Tabela de tentativas"
   ]
  },
  {
   "cell_type": "code",
   "execution_count": null,
   "id": "549d1016",
   "metadata": {},
   "outputs": [],
   "source": [
    "import pandas as pd\n",
    "\n",
    "# Criar DataFrame final\n",
    "df_tentativas = pd.DataFrame(estatisticas_tentativas)\n",
    "\n",
    "# Ordenar \n",
    "df_tentativas = df_tentativas.sort_values(by=[\"Versão\", \"Isolamento\", \"k\"])\n",
    "\n",
    "df_tentativas\n"
   ]
  },
  {
   "cell_type": "markdown",
   "id": "26f3efc7",
   "metadata": {},
   "source": [
    "### Tarefa 20 - Análise dos Resultados\n",
    "\n",
    "\n"
   ]
  },
  {
   "cell_type": "markdown",
   "id": "aabed156",
   "metadata": {},
   "source": [
    "1. Versão A — Read Committed\n",
    "\n",
    "Na versão A com Read Committed, todos os clientes concluíram a reserva sempre na primeira tentativa.\n",
    "\n",
    "(Min = Max = Média = 1)\n",
    "\n",
    "Isso ocorre porque:\n",
    "\n",
    "- A leitura, a espera de 1 segundo e a escrita são executadas dentro de uma única transação.\n",
    "\n",
    "- No nível Read Committed, a leitura não é bloqueada e o SGBD não precisa garantir serialização global.\n",
    "\n",
    "- Conflitos reais só acontecem na escrita, e a chance de dois agentes reservarem o mesmo assento simultaneamente é baixa.\n",
    "\n",
    "*Conclusão*: desempenho estável, sem retrabalho e tempos compatíveis com o aumento de k.\n"
   ]
  },
  {
   "cell_type": "markdown",
   "id": "e36605ec",
   "metadata": {},
   "source": [
    "2. Versão A — Serializable\n",
    "\n",
    "Este foi o cenário mais custoso da simulação. O número de tentativas aumentou significativamente conforme k cresceu, chegando a até 8 retries.\n",
    "\n",
    "Motivos:\n",
    "\n",
    "- O nível Serializable exige que a transação inteira seja equivalente a uma execução isolada.\n",
    "\n",
    "- A versão A mantém a transação aberta durante o tempo de espera de 1 segundo, aumentando a janela crítica.\n",
    "\n",
    "- Vários agentes leem o mesmo estado dos assentos e tentam reservar posições semelhantes.\n",
    "\n",
    "- O PostgreSQL detecta conflitos de serialização (como phantom reads e write-write conflicts) e aborta transações, obrigando novas tentativas.\n",
    "\n",
    "*Conclusão:* alta contenção, muitos abortos de transação e pior desempenho entre todas as combinações."
   ]
  },
  {
   "cell_type": "markdown",
   "id": "86ced971",
   "metadata": {},
   "source": [
    "3. Versão B — Read Committed\n",
    "\n",
    "A versão B apresentou apenas uma tentativa por cliente em todos os valores de k.\n",
    "\n",
    "Isso acontece porque:\n",
    "\n",
    "- A leitura e a escrita acontecem em transações separadas, ambas muito curtas.\n",
    "\n",
    "- O tempo de espera de 1 segundo ocorre fora de qualquer transação, reduzindo drasticamente a chance de conflito.\n",
    "\n",
    "- A escrita é rápida o suficiente para não gerar bloqueios significativos.\n",
    "\n",
    "*Conclusão:* excelente desempenho e nenhuma tentativa extra, mesmo com alta concorrência."
   ]
  },
  {
   "cell_type": "markdown",
   "id": "7981f0fa",
   "metadata": {},
   "source": [
    "4. Versão B — Serializable\n",
    "\n",
    "Mesmo sob Serializable, a versão B manteve Min = Max = Média = 1.\n",
    "Ou seja, a serialização não gerou overhead significativo.\n",
    "\n",
    "Razões:\n",
    "\n",
    "- Como a transação de escrita é extremamente curta, as chances de conflito são mínimas.\n",
    "\n",
    "- A separação entre leitura e escrita impede phantoms e reduz o risco de abortos.\n",
    "\n",
    "*Conclusão:* comportamento extremamente eficiente, mostrando que a versão B é robusta mesmo no nível de isolamento mais forte."
   ]
  }
 ],
 "metadata": {
  "kernelspec": {
   "display_name": "Python 3",
   "language": "python",
   "name": "python3"
  },
  "language_info": {
   "codemirror_mode": {
    "name": "ipython",
    "version": 3
   },
   "file_extension": ".py",
   "mimetype": "text/x-python",
   "name": "python",
   "nbconvert_exporter": "python",
   "pygments_lexer": "ipython3",
   "version": "3.10.12"
  }
 },
 "nbformat": 4,
 "nbformat_minor": 5
}
